[0.868s] Invoking command in '/home/maker/ros2_ws/build/examples_rclpy_minimal_action_client': PYTHONPATH=/home/maker/ros2_ws/build/examples_rclpy_minimal_action_client/prefix_override:/home/maker/ros2_ws/install/examples_rclpy_minimal_action_client/lib/python3.10/site-packages:${PYTHONPATH} /usr/bin/python3 setup.py develop --uninstall --editable --build-directory /home/maker/ros2_ws/build/examples_rclpy_minimal_action_client/build
[1.119s] running develop
[1.120s] /usr/lib/python3/dist-packages/setuptools/command/easy_install.py:158: EasyInstallDeprecationWarning: easy_install command is deprecated. Use build and pip and other standards-based tools.
[1.120s]   warnings.warn(
[1.122s] /usr/lib/python3/dist-packages/setuptools/command/install.py:34: SetuptoolsDeprecationWarning: setup.py install is deprecated. Use build and pip and other standards-based tools.
[1.122s]   warnings.warn(
[1.163s] /usr/lib/python3/dist-packages/pkg_resources/__init__.py:116: PkgResourcesDeprecationWarning: 0.1.43ubuntu1 is an invalid version and will not be supported in a future release
[1.163s]   warnings.warn(
[1.163s] /usr/lib/python3/dist-packages/pkg_resources/__init__.py:116: PkgResourcesDeprecationWarning: 1.1build1 is an invalid version and will not be supported in a future release
[1.163s]   warnings.warn(
[1.221s] Removing /home/maker/ros2_ws/install/examples_rclpy_minimal_action_client/lib/python3.10/site-packages/examples-rclpy-minimal-action-client.egg-link (link to .)
[1.411s] Invoked command in '/home/maker/ros2_ws/build/examples_rclpy_minimal_action_client' returned '0': PYTHONPATH=/home/maker/ros2_ws/build/examples_rclpy_minimal_action_client/prefix_override:/home/maker/ros2_ws/install/examples_rclpy_minimal_action_client/lib/python3.10/site-packages:${PYTHONPATH} /usr/bin/python3 setup.py develop --uninstall --editable --build-directory /home/maker/ros2_ws/build/examples_rclpy_minimal_action_client/build
[1.411s] Invoking command in '/home/maker/ros2_ws/src/examples/rclpy/actions/minimal_action_client': PYTHONPATH=/home/maker/ros2_ws/build/examples_rclpy_minimal_action_client/prefix_override:/home/maker/ros2_ws/install/examples_rclpy_minimal_action_client/lib/python3.10/site-packages:${PYTHONPATH} /usr/bin/python3 setup.py egg_info --egg-base ../../../../../build/examples_rclpy_minimal_action_client build --build-base /home/maker/ros2_ws/build/examples_rclpy_minimal_action_client/build install --record /home/maker/ros2_ws/build/examples_rclpy_minimal_action_client/install.log --single-version-externally-managed
[1.690s] /usr/lib/python3/dist-packages/setuptools/command/install.py:34: SetuptoolsDeprecationWarning: setup.py install is deprecated. Use build and pip and other standards-based tools.
[1.690s]   warnings.warn(
[1.690s] running egg_info
[1.690s] writing ../../../../../build/examples_rclpy_minimal_action_client/examples_rclpy_minimal_action_client.egg-info/PKG-INFO
[1.690s] writing dependency_links to ../../../../../build/examples_rclpy_minimal_action_client/examples_rclpy_minimal_action_client.egg-info/dependency_links.txt
[1.690s] writing entry points to ../../../../../build/examples_rclpy_minimal_action_client/examples_rclpy_minimal_action_client.egg-info/entry_points.txt
[1.690s] writing requirements to ../../../../../build/examples_rclpy_minimal_action_client/examples_rclpy_minimal_action_client.egg-info/requires.txt
[1.690s] writing top-level names to ../../../../../build/examples_rclpy_minimal_action_client/examples_rclpy_minimal_action_client.egg-info/top_level.txt
[1.690s] reading manifest file '../../../../../build/examples_rclpy_minimal_action_client/examples_rclpy_minimal_action_client.egg-info/SOURCES.txt'
[1.690s] writing manifest file '../../../../../build/examples_rclpy_minimal_action_client/examples_rclpy_minimal_action_client.egg-info/SOURCES.txt'
[1.690s] running build
[1.690s] running build_py
[1.690s] creating /home/maker/ros2_ws/build/examples_rclpy_minimal_action_client/build
[1.690s] creating /home/maker/ros2_ws/build/examples_rclpy_minimal_action_client/build/lib
[1.690s] creating /home/maker/ros2_ws/build/examples_rclpy_minimal_action_client/build/lib/examples_rclpy_minimal_action_client
[1.690s] copying examples_rclpy_minimal_action_client/client_cancel.py -> /home/maker/ros2_ws/build/examples_rclpy_minimal_action_client/build/lib/examples_rclpy_minimal_action_client
[1.690s] copying examples_rclpy_minimal_action_client/client_not_composable.py -> /home/maker/ros2_ws/build/examples_rclpy_minimal_action_client/build/lib/examples_rclpy_minimal_action_client
[1.691s] copying examples_rclpy_minimal_action_client/__init__.py -> /home/maker/ros2_ws/build/examples_rclpy_minimal_action_client/build/lib/examples_rclpy_minimal_action_client
[1.691s] copying examples_rclpy_minimal_action_client/client.py -> /home/maker/ros2_ws/build/examples_rclpy_minimal_action_client/build/lib/examples_rclpy_minimal_action_client
[1.691s] copying examples_rclpy_minimal_action_client/client_asyncio.py -> /home/maker/ros2_ws/build/examples_rclpy_minimal_action_client/build/lib/examples_rclpy_minimal_action_client
[1.691s] running install
[1.691s] running install_lib
[1.691s] creating /home/maker/ros2_ws/install/examples_rclpy_minimal_action_client/lib/python3.10/site-packages/examples_rclpy_minimal_action_client
[1.691s] copying /home/maker/ros2_ws/build/examples_rclpy_minimal_action_client/build/lib/examples_rclpy_minimal_action_client/client_cancel.py -> /home/maker/ros2_ws/install/examples_rclpy_minimal_action_client/lib/python3.10/site-packages/examples_rclpy_minimal_action_client
[1.691s] copying /home/maker/ros2_ws/build/examples_rclpy_minimal_action_client/build/lib/examples_rclpy_minimal_action_client/client_not_composable.py -> /home/maker/ros2_ws/install/examples_rclpy_minimal_action_client/lib/python3.10/site-packages/examples_rclpy_minimal_action_client
[1.691s] copying /home/maker/ros2_ws/build/examples_rclpy_minimal_action_client/build/lib/examples_rclpy_minimal_action_client/__init__.py -> /home/maker/ros2_ws/install/examples_rclpy_minimal_action_client/lib/python3.10/site-packages/examples_rclpy_minimal_action_client
[1.691s] copying /home/maker/ros2_ws/build/examples_rclpy_minimal_action_client/build/lib/examples_rclpy_minimal_action_client/client.py -> /home/maker/ros2_ws/install/examples_rclpy_minimal_action_client/lib/python3.10/site-packages/examples_rclpy_minimal_action_client
[1.691s] copying /home/maker/ros2_ws/build/examples_rclpy_minimal_action_client/build/lib/examples_rclpy_minimal_action_client/client_asyncio.py -> /home/maker/ros2_ws/install/examples_rclpy_minimal_action_client/lib/python3.10/site-packages/examples_rclpy_minimal_action_client
[1.691s] byte-compiling /home/maker/ros2_ws/install/examples_rclpy_minimal_action_client/lib/python3.10/site-packages/examples_rclpy_minimal_action_client/client_cancel.py to client_cancel.cpython-310.pyc
[1.691s] byte-compiling /home/maker/ros2_ws/install/examples_rclpy_minimal_action_client/lib/python3.10/site-packages/examples_rclpy_minimal_action_client/client_not_composable.py to client_not_composable.cpython-310.pyc
[1.691s] byte-compiling /home/maker/ros2_ws/install/examples_rclpy_minimal_action_client/lib/python3.10/site-packages/examples_rclpy_minimal_action_client/__init__.py to __init__.cpython-310.pyc
[1.691s] byte-compiling /home/maker/ros2_ws/install/examples_rclpy_minimal_action_client/lib/python3.10/site-packages/examples_rclpy_minimal_action_client/client.py to client.cpython-310.pyc
[1.691s] byte-compiling /home/maker/ros2_ws/install/examples_rclpy_minimal_action_client/lib/python3.10/site-packages/examples_rclpy_minimal_action_client/client_asyncio.py to client_asyncio.cpython-310.pyc
[1.691s] running install_data
[1.691s] running install_egg_info
[1.691s] Copying ../../../../../build/examples_rclpy_minimal_action_client/examples_rclpy_minimal_action_client.egg-info to /home/maker/ros2_ws/install/examples_rclpy_minimal_action_client/lib/python3.10/site-packages/examples_rclpy_minimal_action_client-0.15.1-py3.10.egg-info
[1.691s] running install_scripts
[1.692s] Installing client script to /home/maker/ros2_ws/install/examples_rclpy_minimal_action_client/lib/examples_rclpy_minimal_action_client
[1.692s] Installing client_asyncio script to /home/maker/ros2_ws/install/examples_rclpy_minimal_action_client/lib/examples_rclpy_minimal_action_client
[1.692s] Installing client_cancel script to /home/maker/ros2_ws/install/examples_rclpy_minimal_action_client/lib/examples_rclpy_minimal_action_client
[1.692s] Installing client_not_composable script to /home/maker/ros2_ws/install/examples_rclpy_minimal_action_client/lib/examples_rclpy_minimal_action_client
[1.692s] writing list of installed files to '/home/maker/ros2_ws/build/examples_rclpy_minimal_action_client/install.log'
[1.697s] Invoked command in '/home/maker/ros2_ws/src/examples/rclpy/actions/minimal_action_client' returned '0': PYTHONPATH=/home/maker/ros2_ws/build/examples_rclpy_minimal_action_client/prefix_override:/home/maker/ros2_ws/install/examples_rclpy_minimal_action_client/lib/python3.10/site-packages:${PYTHONPATH} /usr/bin/python3 setup.py egg_info --egg-base ../../../../../build/examples_rclpy_minimal_action_client build --build-base /home/maker/ros2_ws/build/examples_rclpy_minimal_action_client/build install --record /home/maker/ros2_ws/build/examples_rclpy_minimal_action_client/install.log --single-version-externally-managed
