[0.660s] Invoking command in '/home/maker/ros2_ws/src/osorin': PYTHONPATH=/home/maker/ros2_ws/build/osorin/prefix_override:/home/maker/ros2_ws/install/osorin/lib/python3.10/site-packages:${PYTHONPATH} /usr/bin/python3 setup.py egg_info --egg-base ../../build/osorin build --build-base /home/maker/ros2_ws/build/osorin/build install --record /home/maker/ros2_ws/build/osorin/install.log --single-version-externally-managed
[0.816s] running egg_info
[0.818s] creating ../../build/osorin/osorin.egg-info
[0.818s] writing ../../build/osorin/osorin.egg-info/PKG-INFO
[0.818s] writing dependency_links to ../../build/osorin/osorin.egg-info/dependency_links.txt
[0.818s] writing entry points to ../../build/osorin/osorin.egg-info/entry_points.txt
[0.818s] writing requirements to ../../build/osorin/osorin.egg-info/requires.txt
[0.819s] writing top-level names to ../../build/osorin/osorin.egg-info/top_level.txt
[0.819s] writing manifest file '../../build/osorin/osorin.egg-info/SOURCES.txt'
[0.819s] reading manifest file '../../build/osorin/osorin.egg-info/SOURCES.txt'
[0.819s] writing manifest file '../../build/osorin/osorin.egg-info/SOURCES.txt'
[0.819s] running build
[0.819s] running build_py
[0.819s] creating /home/maker/ros2_ws/build/osorin/build
[0.819s] creating /home/maker/ros2_ws/build/osorin/build/lib
[0.820s] creating /home/maker/ros2_ws/build/osorin/build/lib/osorin
[0.820s] copying osorin/__init__.py -> /home/maker/ros2_ws/build/osorin/build/lib/osorin
[0.820s] running install
[0.820s] /usr/lib/python3/dist-packages/setuptools/command/install.py:34: SetuptoolsDeprecationWarning: setup.py install is deprecated. Use build and pip and other standards-based tools.
[0.822s]   warnings.warn(
[0.822s] running install_lib
[0.822s] creating /home/maker/ros2_ws/install/osorin/lib/python3.10/site-packages/osorin
[0.822s] copying /home/maker/ros2_ws/build/osorin/build/lib/osorin/__init__.py -> /home/maker/ros2_ws/install/osorin/lib/python3.10/site-packages/osorin
[0.822s] byte-compiling /home/maker/ros2_ws/install/osorin/lib/python3.10/site-packages/osorin/__init__.py to __init__.cpython-310.pyc
[0.822s] running install_data
[0.823s] creating /home/maker/ros2_ws/install/osorin/share/ament_index
[0.823s] creating /home/maker/ros2_ws/install/osorin/share/ament_index/resource_index
[0.823s] creating /home/maker/ros2_ws/install/osorin/share/ament_index/resource_index/packages
[0.823s] copying resource/osorin -> /home/maker/ros2_ws/install/osorin/share/ament_index/resource_index/packages
[0.823s] copying package.xml -> /home/maker/ros2_ws/install/osorin/share/osorin
[0.823s] running install_egg_info
[0.823s] Copying ../../build/osorin/osorin.egg-info to /home/maker/ros2_ws/install/osorin/lib/python3.10/site-packages/osorin-0.0.0-py3.10.egg-info
[0.823s] running install_scripts
[0.836s] writing list of installed files to '/home/maker/ros2_ws/build/osorin/install.log'
[0.854s] Invoked command in '/home/maker/ros2_ws/src/osorin' returned '0': PYTHONPATH=/home/maker/ros2_ws/build/osorin/prefix_override:/home/maker/ros2_ws/install/osorin/lib/python3.10/site-packages:${PYTHONPATH} /usr/bin/python3 setup.py egg_info --egg-base ../../build/osorin build --build-base /home/maker/ros2_ws/build/osorin/build install --record /home/maker/ros2_ws/build/osorin/install.log --single-version-externally-managed
