[0.036s] Invoking command in '/home/maker/ros2_ws/build/examples_rclcpp_multithreaded_executor': CMAKE_PREFIX_PATH=/opt/ros/humble /usr/bin/cmake /home/maker/ros2_ws/src/examples/rclcpp/executors/multithreaded_executor -DCMAKE_INSTALL_PREFIX=/home/maker/ros2_ws/install/examples_rclcpp_multithreaded_executor
[0.207s] -- Found ament_cmake: 1.3.3 (/opt/ros/humble/share/ament_cmake/cmake)
[0.207s] -- Override CMake install command with custom implementation using symlinks instead of copying resources
[0.208s] -- Found rclcpp: 16.0.3 (/opt/ros/humble/share/rclcpp/cmake)
[0.208s] -- Found rosidl_generator_c: 3.1.4 (/opt/ros/humble/share/rosidl_generator_c/cmake)
[0.210s] -- Found rosidl_adapter: 3.1.4 (/opt/ros/humble/share/rosidl_adapter/cmake)
[0.216s] -- Found rosidl_generator_cpp: 3.1.4 (/opt/ros/humble/share/rosidl_generator_cpp/cmake)
[0.229s] -- Using all available rosidl_typesupport_c: rosidl_typesupport_fastrtps_c;rosidl_typesupport_introspection_c
[0.247s] -- Using all available rosidl_typesupport_cpp: rosidl_typesupport_fastrtps_cpp;rosidl_typesupport_introspection_cpp
[0.312s] -- Found rmw_implementation_cmake: 6.1.1 (/opt/ros/humble/share/rmw_implementation_cmake/cmake)
[0.313s] -- Found rmw_fastrtps_cpp: 6.2.2 (/opt/ros/humble/share/rmw_fastrtps_cpp/cmake)
[0.428s] -- Using RMW implementation 'rmw_fastrtps_cpp' as default
[0.617s] -- Found ament_lint_auto: 0.12.5 (/opt/ros/humble/share/ament_lint_auto/cmake)
[0.670s] -- Added test 'copyright' to check source files copyright and LICENSE
[0.671s] -- Added test 'cppcheck' to perform static code analysis on C / C++ code
[0.671s] -- Configured cppcheck include dirs: 
[0.671s] -- Configured cppcheck exclude dirs and/or files: 
[0.671s] -- Added test 'cpplint' to check C / C++ code against the Google style
[0.672s] -- Configured cpplint exclude dirs and/or files: 
[0.672s] -- Added test 'lint_cmake' to check CMake code style
[0.672s] -- Added test 'uncrustify' to check C / C++ code style
[0.672s] -- Configured uncrustify additional arguments: 
[0.673s] -- Added test 'xmllint' to check XML markup files
[0.674s] -- Configuring done
[0.684s] -- Generating done
[0.685s] -- Build files have been written to: /home/maker/ros2_ws/build/examples_rclcpp_multithreaded_executor
[0.809s] Invoked command in '/home/maker/ros2_ws/build/examples_rclcpp_multithreaded_executor' returned '0': CMAKE_PREFIX_PATH=/opt/ros/humble /usr/bin/cmake /home/maker/ros2_ws/src/examples/rclcpp/executors/multithreaded_executor -DCMAKE_INSTALL_PREFIX=/home/maker/ros2_ws/install/examples_rclcpp_multithreaded_executor
[0.810s] Invoking command in '/home/maker/ros2_ws/build/examples_rclcpp_multithreaded_executor': CMAKE_PREFIX_PATH=/opt/ros/humble /usr/bin/cmake --build /home/maker/ros2_ws/build/examples_rclcpp_multithreaded_executor -- -j8 -l8
[0.855s] [35m[1mConsolidate compiler generated dependencies of target multithreaded_executor[0m
[0.883s] [100%] Built target multithreaded_executor
[0.898s] Invoked command in '/home/maker/ros2_ws/build/examples_rclcpp_multithreaded_executor' returned '0': CMAKE_PREFIX_PATH=/opt/ros/humble /usr/bin/cmake --build /home/maker/ros2_ws/build/examples_rclcpp_multithreaded_executor -- -j8 -l8
[0.956s] Invoking command in '/home/maker/ros2_ws/build/examples_rclcpp_multithreaded_executor': CMAKE_PREFIX_PATH=/opt/ros/humble /usr/bin/cmake --install /home/maker/ros2_ws/build/examples_rclcpp_multithreaded_executor
[0.964s] -- Install configuration: ""
[0.964s] -- Execute custom install script
[0.966s] -- Up-to-date symlink: /home/maker/ros2_ws/install/examples_rclcpp_multithreaded_executor/lib/examples_rclcpp_multithreaded_executor/multithreaded_executor
[0.971s] -- Up-to-date symlink: /home/maker/ros2_ws/install/examples_rclcpp_multithreaded_executor/share/ament_index/resource_index/package_run_dependencies/examples_rclcpp_multithreaded_executor
[0.975s] -- Up-to-date symlink: /home/maker/ros2_ws/install/examples_rclcpp_multithreaded_executor/share/ament_index/resource_index/parent_prefix_path/examples_rclcpp_multithreaded_executor
[0.975s] -- Up-to-date symlink: /home/maker/ros2_ws/install/examples_rclcpp_multithreaded_executor/share/examples_rclcpp_multithreaded_executor/environment/ament_prefix_path.sh
[0.975s] -- Up-to-date symlink: /home/maker/ros2_ws/install/examples_rclcpp_multithreaded_executor/share/examples_rclcpp_multithreaded_executor/environment/ament_prefix_path.dsv
[0.976s] -- Up-to-date symlink: /home/maker/ros2_ws/install/examples_rclcpp_multithreaded_executor/share/examples_rclcpp_multithreaded_executor/environment/path.sh
[0.976s] -- Up-to-date symlink: /home/maker/ros2_ws/install/examples_rclcpp_multithreaded_executor/share/examples_rclcpp_multithreaded_executor/environment/path.dsv
[0.976s] -- Up-to-date symlink: /home/maker/ros2_ws/install/examples_rclcpp_multithreaded_executor/share/examples_rclcpp_multithreaded_executor/local_setup.bash
[0.976s] -- Up-to-date symlink: /home/maker/ros2_ws/install/examples_rclcpp_multithreaded_executor/share/examples_rclcpp_multithreaded_executor/local_setup.sh
[0.976s] -- Up-to-date symlink: /home/maker/ros2_ws/install/examples_rclcpp_multithreaded_executor/share/examples_rclcpp_multithreaded_executor/local_setup.zsh
[0.977s] -- Up-to-date symlink: /home/maker/ros2_ws/install/examples_rclcpp_multithreaded_executor/share/examples_rclcpp_multithreaded_executor/local_setup.dsv
[0.977s] -- Symlinking: /home/maker/ros2_ws/install/examples_rclcpp_multithreaded_executor/share/examples_rclcpp_multithreaded_executor/package.dsv
[0.984s] -- Up-to-date symlink: /home/maker/ros2_ws/install/examples_rclcpp_multithreaded_executor/share/ament_index/resource_index/packages/examples_rclcpp_multithreaded_executor
[0.985s] -- Up-to-date symlink: /home/maker/ros2_ws/install/examples_rclcpp_multithreaded_executor/share/examples_rclcpp_multithreaded_executor/cmake/examples_rclcpp_multithreaded_executorConfig.cmake
[0.985s] -- Up-to-date symlink: /home/maker/ros2_ws/install/examples_rclcpp_multithreaded_executor/share/examples_rclcpp_multithreaded_executor/cmake/examples_rclcpp_multithreaded_executorConfig-version.cmake
[0.985s] -- Up-to-date symlink: /home/maker/ros2_ws/install/examples_rclcpp_multithreaded_executor/share/examples_rclcpp_multithreaded_executor/package.xml
[0.987s] Invoked command in '/home/maker/ros2_ws/build/examples_rclcpp_multithreaded_executor' returned '0': CMAKE_PREFIX_PATH=/opt/ros/humble /usr/bin/cmake --install /home/maker/ros2_ws/build/examples_rclcpp_multithreaded_executor
