[0.800s] Invoking command in '/home/maker/ros2_ws/build/examples_rclpy_guard_conditions': PYTHONPATH=/home/maker/ros2_ws/build/examples_rclpy_guard_conditions/prefix_override:/home/maker/ros2_ws/install/examples_rclpy_guard_conditions/lib/python3.10/site-packages:${PYTHONPATH} /usr/bin/python3 setup.py develop --uninstall --editable --build-directory /home/maker/ros2_ws/build/examples_rclpy_guard_conditions/build
[1.034s] running develop
[1.035s] /usr/lib/python3/dist-packages/setuptools/command/easy_install.py:158: EasyInstallDeprecationWarning: easy_install command is deprecated. Use build and pip and other standards-based tools.
[1.035s]   warnings.warn(
[1.036s] /usr/lib/python3/dist-packages/setuptools/command/install.py:34: SetuptoolsDeprecationWarning: setup.py install is deprecated. Use build and pip and other standards-based tools.
[1.036s]   warnings.warn(
[1.089s] /usr/lib/python3/dist-packages/pkg_resources/__init__.py:116: PkgResourcesDeprecationWarning: 0.1.43ubuntu1 is an invalid version and will not be supported in a future release
[1.089s]   warnings.warn(
[1.089s] /usr/lib/python3/dist-packages/pkg_resources/__init__.py:116: PkgResourcesDeprecationWarning: 1.1build1 is an invalid version and will not be supported in a future release
[1.090s]   warnings.warn(
[1.156s] Removing /home/maker/ros2_ws/install/examples_rclpy_guard_conditions/lib/python3.10/site-packages/examples-rclpy-guard-conditions.egg-link (link to .)
[1.225s] Invoked command in '/home/maker/ros2_ws/build/examples_rclpy_guard_conditions' returned '0': PYTHONPATH=/home/maker/ros2_ws/build/examples_rclpy_guard_conditions/prefix_override:/home/maker/ros2_ws/install/examples_rclpy_guard_conditions/lib/python3.10/site-packages:${PYTHONPATH} /usr/bin/python3 setup.py develop --uninstall --editable --build-directory /home/maker/ros2_ws/build/examples_rclpy_guard_conditions/build
[1.225s] Invoking command in '/home/maker/ros2_ws/src/examples/rclpy/guard_conditions': PYTHONPATH=/home/maker/ros2_ws/build/examples_rclpy_guard_conditions/prefix_override:/home/maker/ros2_ws/install/examples_rclpy_guard_conditions/lib/python3.10/site-packages:${PYTHONPATH} /usr/bin/python3 setup.py egg_info --egg-base ../../../../build/examples_rclpy_guard_conditions build --build-base /home/maker/ros2_ws/build/examples_rclpy_guard_conditions/build install --record /home/maker/ros2_ws/build/examples_rclpy_guard_conditions/install.log --single-version-externally-managed
[1.459s] running egg_info
[1.460s] writing ../../../../build/examples_rclpy_guard_conditions/examples_rclpy_guard_conditions.egg-info/PKG-INFO
[1.460s] writing dependency_links to ../../../../build/examples_rclpy_guard_conditions/examples_rclpy_guard_conditions.egg-info/dependency_links.txt
[1.460s] writing entry points to ../../../../build/examples_rclpy_guard_conditions/examples_rclpy_guard_conditions.egg-info/entry_points.txt
[1.460s] writing requirements to ../../../../build/examples_rclpy_guard_conditions/examples_rclpy_guard_conditions.egg-info/requires.txt
[1.461s] writing top-level names to ../../../../build/examples_rclpy_guard_conditions/examples_rclpy_guard_conditions.egg-info/top_level.txt
[1.463s] reading manifest file '../../../../build/examples_rclpy_guard_conditions/examples_rclpy_guard_conditions.egg-info/SOURCES.txt'
[1.464s] writing manifest file '../../../../build/examples_rclpy_guard_conditions/examples_rclpy_guard_conditions.egg-info/SOURCES.txt'
[1.464s] running build
[1.464s] running build_py
[1.464s] creating /home/maker/ros2_ws/build/examples_rclpy_guard_conditions/build
[1.464s] creating /home/maker/ros2_ws/build/examples_rclpy_guard_conditions/build/lib
[1.464s] creating /home/maker/ros2_ws/build/examples_rclpy_guard_conditions/build/lib/examples_rclpy_guard_conditions
[1.465s] copying examples_rclpy_guard_conditions/__init__.py -> /home/maker/ros2_ws/build/examples_rclpy_guard_conditions/build/lib/examples_rclpy_guard_conditions
[1.465s] copying examples_rclpy_guard_conditions/trigger_guard_condition.py -> /home/maker/ros2_ws/build/examples_rclpy_guard_conditions/build/lib/examples_rclpy_guard_conditions
[1.465s] running install
[1.465s] /usr/lib/python3/dist-packages/setuptools/command/install.py:34: SetuptoolsDeprecationWarning: setup.py install is deprecated. Use build and pip and other standards-based tools.
[1.465s]   warnings.warn(
[1.465s] running install_lib
[1.466s] creating /home/maker/ros2_ws/install/examples_rclpy_guard_conditions/lib/python3.10/site-packages/examples_rclpy_guard_conditions
[1.466s] copying /home/maker/ros2_ws/build/examples_rclpy_guard_conditions/build/lib/examples_rclpy_guard_conditions/__init__.py -> /home/maker/ros2_ws/install/examples_rclpy_guard_conditions/lib/python3.10/site-packages/examples_rclpy_guard_conditions
[1.466s] copying /home/maker/ros2_ws/build/examples_rclpy_guard_conditions/build/lib/examples_rclpy_guard_conditions/trigger_guard_condition.py -> /home/maker/ros2_ws/install/examples_rclpy_guard_conditions/lib/python3.10/site-packages/examples_rclpy_guard_conditions
[1.466s] byte-compiling /home/maker/ros2_ws/install/examples_rclpy_guard_conditions/lib/python3.10/site-packages/examples_rclpy_guard_conditions/__init__.py to __init__.cpython-310.pyc
[1.467s] byte-compiling /home/maker/ros2_ws/install/examples_rclpy_guard_conditions/lib/python3.10/site-packages/examples_rclpy_guard_conditions/trigger_guard_condition.py to trigger_guard_condition.cpython-310.pyc
[1.467s] running install_data
[1.468s] running install_egg_info
[1.469s] Copying ../../../../build/examples_rclpy_guard_conditions/examples_rclpy_guard_conditions.egg-info to /home/maker/ros2_ws/install/examples_rclpy_guard_conditions/lib/python3.10/site-packages/examples_rclpy_guard_conditions-0.15.1-py3.10.egg-info
[1.470s] running install_scripts
[1.492s] Installing trigger_guard_condition script to /home/maker/ros2_ws/install/examples_rclpy_guard_conditions/lib/examples_rclpy_guard_conditions
[1.492s] writing list of installed files to '/home/maker/ros2_ws/build/examples_rclpy_guard_conditions/install.log'
[1.541s] Invoked command in '/home/maker/ros2_ws/src/examples/rclpy/guard_conditions' returned '0': PYTHONPATH=/home/maker/ros2_ws/build/examples_rclpy_guard_conditions/prefix_override:/home/maker/ros2_ws/install/examples_rclpy_guard_conditions/lib/python3.10/site-packages:${PYTHONPATH} /usr/bin/python3 setup.py egg_info --egg-base ../../../../build/examples_rclpy_guard_conditions build --build-base /home/maker/ros2_ws/build/examples_rclpy_guard_conditions/build install --record /home/maker/ros2_ws/build/examples_rclpy_guard_conditions/install.log --single-version-externally-managed
