[0.033s] Invoking command in '/home/maker/ros2_ws/build/examples_rclcpp_minimal_action_client': CMAKE_PREFIX_PATH=${CMAKE_PREFIX_PATH}:/home/maker/ros2_ws/install/launch_testing_examples:/home/maker/ros2_ws/install/examples_rclpy_pointcloud_publisher:/home/maker/ros2_ws/install/examples_rclpy_minimal_subscriber:/home/maker/ros2_ws/install/examples_rclpy_minimal_service:/home/maker/ros2_ws/install/examples_rclpy_minimal_publisher:/home/maker/ros2_ws/install/examples_rclpy_minimal_client:/home/maker/ros2_ws/install/examples_rclpy_minimal_action_server:/home/maker/ros2_ws/install/examples_rclpy_minimal_action_client:/home/maker/ros2_ws/install/examples_rclpy_guard_conditions:/home/maker/ros2_ws/install/examples_rclpy_executors:/opt/ros/humble /usr/bin/cmake --build /home/maker/ros2_ws/build/examples_rclcpp_minimal_action_client -- -j8 -l8
[0.102s] [ 25%] Built target action_client_member_functions
[0.110s] [ 50%] Built target action_client_not_composable_with_cancel
[0.112s] [100%] Built target action_client_not_composable
[0.112s] [100%] Built target action_client_not_composable_with_feedback
[0.143s] Invoked command in '/home/maker/ros2_ws/build/examples_rclcpp_minimal_action_client' returned '0': CMAKE_PREFIX_PATH=${CMAKE_PREFIX_PATH}:/home/maker/ros2_ws/install/launch_testing_examples:/home/maker/ros2_ws/install/examples_rclpy_pointcloud_publisher:/home/maker/ros2_ws/install/examples_rclpy_minimal_subscriber:/home/maker/ros2_ws/install/examples_rclpy_minimal_service:/home/maker/ros2_ws/install/examples_rclpy_minimal_publisher:/home/maker/ros2_ws/install/examples_rclpy_minimal_client:/home/maker/ros2_ws/install/examples_rclpy_minimal_action_server:/home/maker/ros2_ws/install/examples_rclpy_minimal_action_client:/home/maker/ros2_ws/install/examples_rclpy_guard_conditions:/home/maker/ros2_ws/install/examples_rclpy_executors:/opt/ros/humble /usr/bin/cmake --build /home/maker/ros2_ws/build/examples_rclcpp_minimal_action_client -- -j8 -l8
[0.176s] Invoking command in '/home/maker/ros2_ws/build/examples_rclcpp_minimal_action_client': CMAKE_PREFIX_PATH=${CMAKE_PREFIX_PATH}:/home/maker/ros2_ws/install/launch_testing_examples:/home/maker/ros2_ws/install/examples_rclpy_pointcloud_publisher:/home/maker/ros2_ws/install/examples_rclpy_minimal_subscriber:/home/maker/ros2_ws/install/examples_rclpy_minimal_service:/home/maker/ros2_ws/install/examples_rclpy_minimal_publisher:/home/maker/ros2_ws/install/examples_rclpy_minimal_client:/home/maker/ros2_ws/install/examples_rclpy_minimal_action_server:/home/maker/ros2_ws/install/examples_rclpy_minimal_action_client:/home/maker/ros2_ws/install/examples_rclpy_guard_conditions:/home/maker/ros2_ws/install/examples_rclpy_executors:/opt/ros/humble /usr/bin/cmake --install /home/maker/ros2_ws/build/examples_rclcpp_minimal_action_client
[0.184s] -- Install configuration: ""
[0.185s] -- Execute custom install script
[0.185s] -- Up-to-date symlink: /home/maker/ros2_ws/install/examples_rclcpp_minimal_action_client/lib/examples_rclcpp_minimal_action_client/action_client_member_functions
[0.185s] -- Up-to-date symlink: /home/maker/ros2_ws/install/examples_rclcpp_minimal_action_client/lib/examples_rclcpp_minimal_action_client/action_client_not_composable
[0.186s] -- Up-to-date symlink: /home/maker/ros2_ws/install/examples_rclcpp_minimal_action_client/lib/examples_rclcpp_minimal_action_client/action_client_not_composable_with_cancel
[0.186s] -- Up-to-date symlink: /home/maker/ros2_ws/install/examples_rclcpp_minimal_action_client/lib/examples_rclcpp_minimal_action_client/action_client_not_composable_with_feedback
[0.186s] -- Up-to-date symlink: /home/maker/ros2_ws/install/examples_rclcpp_minimal_action_client/share/ament_index/resource_index/package_run_dependencies/examples_rclcpp_minimal_action_client
[0.186s] -- Up-to-date symlink: /home/maker/ros2_ws/install/examples_rclcpp_minimal_action_client/share/ament_index/resource_index/parent_prefix_path/examples_rclcpp_minimal_action_client
[0.189s] -- Up-to-date symlink: /home/maker/ros2_ws/install/examples_rclcpp_minimal_action_client/share/examples_rclcpp_minimal_action_client/environment/ament_prefix_path.sh
[0.189s] -- Up-to-date symlink: /home/maker/ros2_ws/install/examples_rclcpp_minimal_action_client/share/examples_rclcpp_minimal_action_client/environment/ament_prefix_path.dsv
[0.189s] -- Up-to-date symlink: /home/maker/ros2_ws/install/examples_rclcpp_minimal_action_client/share/examples_rclcpp_minimal_action_client/environment/path.sh
[0.189s] -- Up-to-date symlink: /home/maker/ros2_ws/install/examples_rclcpp_minimal_action_client/share/examples_rclcpp_minimal_action_client/environment/path.dsv
[0.189s] -- Up-to-date symlink: /home/maker/ros2_ws/install/examples_rclcpp_minimal_action_client/share/examples_rclcpp_minimal_action_client/local_setup.bash
[0.189s] -- Up-to-date symlink: /home/maker/ros2_ws/install/examples_rclcpp_minimal_action_client/share/examples_rclcpp_minimal_action_client/local_setup.sh
[0.189s] -- Up-to-date symlink: /home/maker/ros2_ws/install/examples_rclcpp_minimal_action_client/share/examples_rclcpp_minimal_action_client/local_setup.zsh
[0.189s] -- Up-to-date symlink: /home/maker/ros2_ws/install/examples_rclcpp_minimal_action_client/share/examples_rclcpp_minimal_action_client/local_setup.dsv
[0.189s] -- Symlinking: /home/maker/ros2_ws/install/examples_rclcpp_minimal_action_client/share/examples_rclcpp_minimal_action_client/package.dsv
[0.192s] -- Up-to-date symlink: /home/maker/ros2_ws/install/examples_rclcpp_minimal_action_client/share/ament_index/resource_index/packages/examples_rclcpp_minimal_action_client
[0.192s] -- Up-to-date symlink: /home/maker/ros2_ws/install/examples_rclcpp_minimal_action_client/share/examples_rclcpp_minimal_action_client/cmake/examples_rclcpp_minimal_action_clientConfig.cmake
[0.192s] -- Up-to-date symlink: /home/maker/ros2_ws/install/examples_rclcpp_minimal_action_client/share/examples_rclcpp_minimal_action_client/cmake/examples_rclcpp_minimal_action_clientConfig-version.cmake
[0.192s] -- Up-to-date symlink: /home/maker/ros2_ws/install/examples_rclcpp_minimal_action_client/share/examples_rclcpp_minimal_action_client/package.xml
[0.242s] Invoked command in '/home/maker/ros2_ws/build/examples_rclcpp_minimal_action_client' returned '0': CMAKE_PREFIX_PATH=${CMAKE_PREFIX_PATH}:/home/maker/ros2_ws/install/launch_testing_examples:/home/maker/ros2_ws/install/examples_rclpy_pointcloud_publisher:/home/maker/ros2_ws/install/examples_rclpy_minimal_subscriber:/home/maker/ros2_ws/install/examples_rclpy_minimal_service:/home/maker/ros2_ws/install/examples_rclpy_minimal_publisher:/home/maker/ros2_ws/install/examples_rclpy_minimal_client:/home/maker/ros2_ws/install/examples_rclpy_minimal_action_server:/home/maker/ros2_ws/install/examples_rclpy_minimal_action_client:/home/maker/ros2_ws/install/examples_rclpy_guard_conditions:/home/maker/ros2_ws/install/examples_rclpy_executors:/opt/ros/humble /usr/bin/cmake --install /home/maker/ros2_ws/build/examples_rclcpp_minimal_action_client
