[0.837s] Invoking command in '/home/maker/ros2_ws/build/examples_rclpy_minimal_publisher': PYTHONPATH=/home/maker/ros2_ws/build/examples_rclpy_minimal_publisher/prefix_override:/home/maker/ros2_ws/install/examples_rclpy_minimal_publisher/lib/python3.10/site-packages:${PYTHONPATH} /usr/bin/python3 setup.py develop --uninstall --editable --build-directory /home/maker/ros2_ws/build/examples_rclpy_minimal_publisher/build
[1.116s] running develop
[1.116s] /usr/lib/python3/dist-packages/setuptools/command/easy_install.py:158: EasyInstallDeprecationWarning: easy_install command is deprecated. Use build and pip and other standards-based tools.
[1.116s]   warnings.warn(
[1.117s] /usr/lib/python3/dist-packages/setuptools/command/install.py:34: SetuptoolsDeprecationWarning: setup.py install is deprecated. Use build and pip and other standards-based tools.
[1.118s]   warnings.warn(
[1.174s] /usr/lib/python3/dist-packages/pkg_resources/__init__.py:116: PkgResourcesDeprecationWarning: 0.1.43ubuntu1 is an invalid version and will not be supported in a future release
[1.174s]   warnings.warn(
[1.174s] /usr/lib/python3/dist-packages/pkg_resources/__init__.py:116: PkgResourcesDeprecationWarning: 1.1build1 is an invalid version and will not be supported in a future release
[1.174s]   warnings.warn(
[1.498s] Invoked command in '/home/maker/ros2_ws/build/examples_rclpy_minimal_publisher' returned '0': PYTHONPATH=/home/maker/ros2_ws/build/examples_rclpy_minimal_publisher/prefix_override:/home/maker/ros2_ws/install/examples_rclpy_minimal_publisher/lib/python3.10/site-packages:${PYTHONPATH} /usr/bin/python3 setup.py develop --uninstall --editable --build-directory /home/maker/ros2_ws/build/examples_rclpy_minimal_publisher/build
[1.499s] Invoking command in '/home/maker/ros2_ws/src/examples/rclpy/topics/minimal_publisher': PYTHONPATH=/home/maker/ros2_ws/build/examples_rclpy_minimal_publisher/prefix_override:/home/maker/ros2_ws/install/examples_rclpy_minimal_publisher/lib/python3.10/site-packages:${PYTHONPATH} /usr/bin/python3 setup.py egg_info --egg-base ../../../../../build/examples_rclpy_minimal_publisher build --build-base /home/maker/ros2_ws/build/examples_rclpy_minimal_publisher/build install --record /home/maker/ros2_ws/build/examples_rclpy_minimal_publisher/install.log --single-version-externally-managed
[1.646s] running egg_info
[1.647s] writing ../../../../../build/examples_rclpy_minimal_publisher/examples_rclpy_minimal_publisher.egg-info/PKG-INFO
[1.647s] writing dependency_links to ../../../../../build/examples_rclpy_minimal_publisher/examples_rclpy_minimal_publisher.egg-info/dependency_links.txt
[1.647s] writing entry points to ../../../../../build/examples_rclpy_minimal_publisher/examples_rclpy_minimal_publisher.egg-info/entry_points.txt
[1.647s] writing requirements to ../../../../../build/examples_rclpy_minimal_publisher/examples_rclpy_minimal_publisher.egg-info/requires.txt
[1.647s] writing top-level names to ../../../../../build/examples_rclpy_minimal_publisher/examples_rclpy_minimal_publisher.egg-info/top_level.txt
[1.648s] reading manifest file '../../../../../build/examples_rclpy_minimal_publisher/examples_rclpy_minimal_publisher.egg-info/SOURCES.txt'
[1.649s] writing manifest file '../../../../../build/examples_rclpy_minimal_publisher/examples_rclpy_minimal_publisher.egg-info/SOURCES.txt'
[1.649s] running build
[1.649s] running build_py
[1.649s] running install
[1.649s] /usr/lib/python3/dist-packages/setuptools/command/install.py:34: SetuptoolsDeprecationWarning: setup.py install is deprecated. Use build and pip and other standards-based tools.
[1.650s]   warnings.warn(
[1.650s] running install_lib
[1.650s] running install_data
[1.651s] running install_egg_info
[1.652s] removing '/home/maker/ros2_ws/install/examples_rclpy_minimal_publisher/lib/python3.10/site-packages/examples_rclpy_minimal_publisher-0.15.1-py3.10.egg-info' (and everything under it)
[1.652s] Copying ../../../../../build/examples_rclpy_minimal_publisher/examples_rclpy_minimal_publisher.egg-info to /home/maker/ros2_ws/install/examples_rclpy_minimal_publisher/lib/python3.10/site-packages/examples_rclpy_minimal_publisher-0.15.1-py3.10.egg-info
[1.652s] running install_scripts
[1.669s] Installing publisher_local_function script to /home/maker/ros2_ws/install/examples_rclpy_minimal_publisher/lib/examples_rclpy_minimal_publisher
[1.669s] Installing publisher_member_function script to /home/maker/ros2_ws/install/examples_rclpy_minimal_publisher/lib/examples_rclpy_minimal_publisher
[1.669s] Installing publisher_old_school script to /home/maker/ros2_ws/install/examples_rclpy_minimal_publisher/lib/examples_rclpy_minimal_publisher
[1.669s] writing list of installed files to '/home/maker/ros2_ws/build/examples_rclpy_minimal_publisher/install.log'
[1.880s] Invoked command in '/home/maker/ros2_ws/src/examples/rclpy/topics/minimal_publisher' returned '0': PYTHONPATH=/home/maker/ros2_ws/build/examples_rclpy_minimal_publisher/prefix_override:/home/maker/ros2_ws/install/examples_rclpy_minimal_publisher/lib/python3.10/site-packages:${PYTHONPATH} /usr/bin/python3 setup.py egg_info --egg-base ../../../../../build/examples_rclpy_minimal_publisher build --build-base /home/maker/ros2_ws/build/examples_rclpy_minimal_publisher/build install --record /home/maker/ros2_ws/build/examples_rclpy_minimal_publisher/install.log --single-version-externally-managed
