[0.987s] Invoking command in '/home/maker/ros2_ws/build/examples_rclpy_executors': PYTHONPATH=/home/maker/ros2_ws/build/examples_rclpy_executors/prefix_override:/home/maker/ros2_ws/install/examples_rclpy_executors/lib/python3.10/site-packages:${PYTHONPATH} /usr/bin/python3 setup.py develop --editable --build-directory /home/maker/ros2_ws/build/examples_rclpy_executors/build --no-deps install_data
[1.605s] running develop
[1.605s] running egg_info
[1.605s] creating examples_rclpy_executors.egg-info
[1.605s] writing examples_rclpy_executors.egg-info/PKG-INFO
[1.605s] writing dependency_links to examples_rclpy_executors.egg-info/dependency_links.txt
[1.605s] writing entry points to examples_rclpy_executors.egg-info/entry_points.txt
[1.605s] writing requirements to examples_rclpy_executors.egg-info/requires.txt
[1.605s] writing top-level names to examples_rclpy_executors.egg-info/top_level.txt
[1.605s] writing manifest file 'examples_rclpy_executors.egg-info/SOURCES.txt'
[1.606s] reading manifest file 'examples_rclpy_executors.egg-info/SOURCES.txt'
[1.606s] writing manifest file 'examples_rclpy_executors.egg-info/SOURCES.txt'
[1.606s] running build_ext
[1.606s] Creating /home/maker/ros2_ws/install/examples_rclpy_executors/lib/python3.10/site-packages/examples-rclpy-executors.egg-link (link to .)
[1.606s] Installing callback_group script to /home/maker/ros2_ws/install/examples_rclpy_executors/lib/examples_rclpy_executors
[1.606s] Installing composed script to /home/maker/ros2_ws/install/examples_rclpy_executors/lib/examples_rclpy_executors
[1.606s] Installing custom_callback_group script to /home/maker/ros2_ws/install/examples_rclpy_executors/lib/examples_rclpy_executors
[1.606s] Installing custom_executor script to /home/maker/ros2_ws/install/examples_rclpy_executors/lib/examples_rclpy_executors
[1.606s] Installing listener script to /home/maker/ros2_ws/install/examples_rclpy_executors/lib/examples_rclpy_executors
[1.606s] Installing talker script to /home/maker/ros2_ws/install/examples_rclpy_executors/lib/examples_rclpy_executors
[1.606s] 
[1.606s] Installed /home/maker/ros2_ws/build/examples_rclpy_executors
[1.606s] running install_data
[1.606s] creating /home/maker/ros2_ws/install/examples_rclpy_executors/share/ament_index
[1.606s] creating /home/maker/ros2_ws/install/examples_rclpy_executors/share/ament_index/resource_index
[1.607s] creating /home/maker/ros2_ws/install/examples_rclpy_executors/share/ament_index/resource_index/packages
[1.607s] copying resource/examples_rclpy_executors -> /home/maker/ros2_ws/install/examples_rclpy_executors/share/ament_index/resource_index/packages
[1.607s] copying package.xml -> /home/maker/ros2_ws/install/examples_rclpy_executors/share/examples_rclpy_executors
[1.607s] /usr/lib/python3/dist-packages/setuptools/command/easy_install.py:158: EasyInstallDeprecationWarning: easy_install command is deprecated. Use build and pip and other standards-based tools.
[1.607s]   warnings.warn(
[1.607s] /usr/lib/python3/dist-packages/setuptools/command/install.py:34: SetuptoolsDeprecationWarning: setup.py install is deprecated. Use build and pip and other standards-based tools.
[1.607s]   warnings.warn(
[1.608s] /usr/lib/python3/dist-packages/pkg_resources/__init__.py:116: PkgResourcesDeprecationWarning: 0.1.43ubuntu1 is an invalid version and will not be supported in a future release
[1.608s]   warnings.warn(
[1.608s] /usr/lib/python3/dist-packages/pkg_resources/__init__.py:116: PkgResourcesDeprecationWarning: 1.1build1 is an invalid version and will not be supported in a future release
[1.608s]   warnings.warn(
[1.654s] Invoked command in '/home/maker/ros2_ws/build/examples_rclpy_executors' returned '0': PYTHONPATH=/home/maker/ros2_ws/build/examples_rclpy_executors/prefix_override:/home/maker/ros2_ws/install/examples_rclpy_executors/lib/python3.10/site-packages:${PYTHONPATH} /usr/bin/python3 setup.py develop --editable --build-directory /home/maker/ros2_ws/build/examples_rclpy_executors/build --no-deps install_data
