[3.302s] Invoking command in '/home/maker/ros2_ws/build/examples_rclpy_minimal_publisher': PYTHONPATH=/home/maker/ros2_ws/build/examples_rclpy_minimal_publisher/prefix_override:/home/maker/ros2_ws/install/examples_rclpy_minimal_publisher/lib/python3.10/site-packages:${PYTHONPATH} /usr/bin/python3 setup.py develop --editable --build-directory /home/maker/ros2_ws/build/examples_rclpy_minimal_publisher/build --no-deps install_data
[4.221s] running develop
[4.221s] /usr/lib/python3/dist-packages/setuptools/command/easy_install.py:158: EasyInstallDeprecationWarning: easy_install command is deprecated. Use build and pip and other standards-based tools.
[4.221s]   warnings.warn(
[4.223s] /usr/lib/python3/dist-packages/setuptools/command/install.py:34: SetuptoolsDeprecationWarning: setup.py install is deprecated. Use build and pip and other standards-based tools.
[4.223s]   warnings.warn(
[4.274s] /usr/lib/python3/dist-packages/pkg_resources/__init__.py:116: PkgResourcesDeprecationWarning: 0.1.43ubuntu1 is an invalid version and will not be supported in a future release
[4.274s]   warnings.warn(
[4.274s] /usr/lib/python3/dist-packages/pkg_resources/__init__.py:116: PkgResourcesDeprecationWarning: 1.1build1 is an invalid version and will not be supported in a future release
[4.274s]   warnings.warn(
[4.373s] running egg_info
[4.373s] creating examples_rclpy_minimal_publisher.egg-info
[4.373s] writing examples_rclpy_minimal_publisher.egg-info/PKG-INFO
[4.373s] writing dependency_links to examples_rclpy_minimal_publisher.egg-info/dependency_links.txt
[4.373s] writing entry points to examples_rclpy_minimal_publisher.egg-info/entry_points.txt
[4.373s] writing requirements to examples_rclpy_minimal_publisher.egg-info/requires.txt
[4.373s] writing top-level names to examples_rclpy_minimal_publisher.egg-info/top_level.txt
[4.374s] writing manifest file 'examples_rclpy_minimal_publisher.egg-info/SOURCES.txt'
[4.376s] reading manifest file 'examples_rclpy_minimal_publisher.egg-info/SOURCES.txt'
[4.377s] writing manifest file 'examples_rclpy_minimal_publisher.egg-info/SOURCES.txt'
[4.378s] running build_ext
[4.378s] Creating /home/maker/ros2_ws/install/examples_rclpy_minimal_publisher/lib/python3.10/site-packages/examples-rclpy-minimal-publisher.egg-link (link to .)
[4.379s] Installing publisher_local_function script to /home/maker/ros2_ws/install/examples_rclpy_minimal_publisher/lib/examples_rclpy_minimal_publisher
[4.379s] Installing publisher_member_function script to /home/maker/ros2_ws/install/examples_rclpy_minimal_publisher/lib/examples_rclpy_minimal_publisher
[4.379s] Installing publisher_old_school script to /home/maker/ros2_ws/install/examples_rclpy_minimal_publisher/lib/examples_rclpy_minimal_publisher
[4.379s] 
[4.379s] Installed /home/maker/ros2_ws/build/examples_rclpy_minimal_publisher
[4.379s] running install_data
[4.379s] creating /home/maker/ros2_ws/install/examples_rclpy_minimal_publisher/share/ament_index
[4.380s] creating /home/maker/ros2_ws/install/examples_rclpy_minimal_publisher/share/ament_index/resource_index
[4.380s] creating /home/maker/ros2_ws/install/examples_rclpy_minimal_publisher/share/ament_index/resource_index/packages
[4.380s] copying resource/examples_rclpy_minimal_publisher -> /home/maker/ros2_ws/install/examples_rclpy_minimal_publisher/share/ament_index/resource_index/packages
[4.380s] copying package.xml -> /home/maker/ros2_ws/install/examples_rclpy_minimal_publisher/share/examples_rclpy_minimal_publisher
[5.261s] Invoked command in '/home/maker/ros2_ws/build/examples_rclpy_minimal_publisher' returned '0': PYTHONPATH=/home/maker/ros2_ws/build/examples_rclpy_minimal_publisher/prefix_override:/home/maker/ros2_ws/install/examples_rclpy_minimal_publisher/lib/python3.10/site-packages:${PYTHONPATH} /usr/bin/python3 setup.py develop --editable --build-directory /home/maker/ros2_ws/build/examples_rclpy_minimal_publisher/build --no-deps install_data
