[0.020s] Invoking command in '/home/maker/ros2_ws/build/examples_rclcpp_minimal_composition': CMAKE_PREFIX_PATH=/opt/ros/humble /usr/bin/cmake /home/maker/ros2_ws/src/examples/rclcpp/composition/minimal_composition -DCMAKE_INSTALL_PREFIX=/home/maker/ros2_ws/install/examples_rclcpp_minimal_composition
[0.044s] -- Found ament_cmake: 1.3.3 (/opt/ros/humble/share/ament_cmake/cmake)
[0.211s] -- Override CMake install command with custom implementation using symlinks instead of copying resources
[0.227s] -- Found rclcpp: 16.0.3 (/opt/ros/humble/share/rclcpp/cmake)
[0.263s] -- Found rosidl_generator_c: 3.1.4 (/opt/ros/humble/share/rosidl_generator_c/cmake)
[0.266s] -- Found rosidl_adapter: 3.1.4 (/opt/ros/humble/share/rosidl_adapter/cmake)
[0.275s] -- Found rosidl_generator_cpp: 3.1.4 (/opt/ros/humble/share/rosidl_generator_cpp/cmake)
[0.292s] -- Using all available rosidl_typesupport_c: rosidl_typesupport_fastrtps_c;rosidl_typesupport_introspection_c
[0.314s] -- Using all available rosidl_typesupport_cpp: rosidl_typesupport_fastrtps_cpp;rosidl_typesupport_introspection_cpp
[0.389s] -- Found rmw_implementation_cmake: 6.1.1 (/opt/ros/humble/share/rmw_implementation_cmake/cmake)
[0.391s] -- Found rmw_fastrtps_cpp: 6.2.2 (/opt/ros/humble/share/rmw_fastrtps_cpp/cmake)
[0.517s] -- Using RMW implementation 'rmw_fastrtps_cpp' as default
[0.717s] -- Found rclcpp_components: 16.0.3 (/opt/ros/humble/share/rclcpp_components/cmake)
[0.796s] -- Found ament_lint_auto: 0.12.5 (/opt/ros/humble/share/ament_lint_auto/cmake)
[0.864s] -- Added test 'copyright' to check source files copyright and LICENSE
[0.866s] -- Added test 'cppcheck' to perform static code analysis on C / C++ code
[0.866s] -- Configured cppcheck include dirs: /home/maker/ros2_ws/src/examples/rclcpp/composition/minimal_composition/include
[0.866s] -- Configured cppcheck exclude dirs and/or files: 
[0.866s] -- Added test 'cpplint' to check C / C++ code against the Google style
[0.867s] -- Configured cpplint exclude dirs and/or files: 
[0.867s] -- Added test 'lint_cmake' to check CMake code style
[0.867s] -- Added test 'uncrustify' to check C / C++ code style
[0.868s] -- Configured uncrustify additional arguments: 
[0.868s] -- Added test 'xmllint' to check XML markup files
[0.869s] -- Configuring done
[0.893s] -- Generating done
[0.895s] -- Build files have been written to: /home/maker/ros2_ws/build/examples_rclcpp_minimal_composition
[0.905s] Invoked command in '/home/maker/ros2_ws/build/examples_rclcpp_minimal_composition' returned '0': CMAKE_PREFIX_PATH=/opt/ros/humble /usr/bin/cmake /home/maker/ros2_ws/src/examples/rclcpp/composition/minimal_composition -DCMAKE_INSTALL_PREFIX=/home/maker/ros2_ws/install/examples_rclcpp_minimal_composition
[0.908s] Invoking command in '/home/maker/ros2_ws/build/examples_rclcpp_minimal_composition': CMAKE_PREFIX_PATH=/opt/ros/humble /usr/bin/cmake --build /home/maker/ros2_ws/build/examples_rclcpp_minimal_composition -- -j8 -l8
[0.957s] [35m[1mConsolidate compiler generated dependencies of target composition_nodes[0m
[0.973s] [ 33%] Built target composition_nodes
[0.981s] [35m[1mConsolidate compiler generated dependencies of target composition_subscriber[0m
[0.982s] [35m[1mConsolidate compiler generated dependencies of target composition_publisher[0m
[0.984s] [35m[1mConsolidate compiler generated dependencies of target composition_composed[0m
[0.998s] [ 55%] Built target composition_subscriber
[0.998s] [ 77%] Built target composition_publisher
[0.999s] [100%] Built target composition_composed
[1.016s] Invoked command in '/home/maker/ros2_ws/build/examples_rclcpp_minimal_composition' returned '0': CMAKE_PREFIX_PATH=/opt/ros/humble /usr/bin/cmake --build /home/maker/ros2_ws/build/examples_rclcpp_minimal_composition -- -j8 -l8
[1.060s] Invoking command in '/home/maker/ros2_ws/build/examples_rclcpp_minimal_composition': CMAKE_PREFIX_PATH=/opt/ros/humble /usr/bin/cmake --install /home/maker/ros2_ws/build/examples_rclcpp_minimal_composition
[1.073s] -- Install configuration: ""
[1.073s] -- Execute custom install script
[1.073s] -- Up-to-date symlink: /home/maker/ros2_ws/install/examples_rclcpp_minimal_composition/share/examples_rclcpp_minimal_composition/environment/library_path.sh
[1.073s] -- Up-to-date symlink: /home/maker/ros2_ws/install/examples_rclcpp_minimal_composition/share/examples_rclcpp_minimal_composition/environment/library_path.dsv
[1.073s] -- Up-to-date symlink: /home/maker/ros2_ws/install/examples_rclcpp_minimal_composition/lib/libcomposition_nodes.so
[1.073s] -- Up-to-date symlink: /home/maker/ros2_ws/install/examples_rclcpp_minimal_composition/lib/examples_rclcpp_minimal_composition/composition_publisher
[1.073s] -- Up-to-date symlink: /home/maker/ros2_ws/install/examples_rclcpp_minimal_composition/lib/examples_rclcpp_minimal_composition/composition_subscriber
[1.073s] -- Up-to-date symlink: /home/maker/ros2_ws/install/examples_rclcpp_minimal_composition/lib/examples_rclcpp_minimal_composition/composition_composed
[1.073s] -- Up-to-date symlink: /home/maker/ros2_ws/install/examples_rclcpp_minimal_composition/share/ament_index/resource_index/package_run_dependencies/examples_rclcpp_minimal_composition
[1.075s] -- Up-to-date symlink: /home/maker/ros2_ws/install/examples_rclcpp_minimal_composition/share/ament_index/resource_index/parent_prefix_path/examples_rclcpp_minimal_composition
[1.075s] -- Up-to-date symlink: /home/maker/ros2_ws/install/examples_rclcpp_minimal_composition/share/examples_rclcpp_minimal_composition/environment/ament_prefix_path.sh
[1.075s] -- Up-to-date symlink: /home/maker/ros2_ws/install/examples_rclcpp_minimal_composition/share/examples_rclcpp_minimal_composition/environment/ament_prefix_path.dsv
[1.075s] -- Up-to-date symlink: /home/maker/ros2_ws/install/examples_rclcpp_minimal_composition/share/examples_rclcpp_minimal_composition/environment/path.sh
[1.075s] -- Up-to-date symlink: /home/maker/ros2_ws/install/examples_rclcpp_minimal_composition/share/examples_rclcpp_minimal_composition/environment/path.dsv
[1.075s] -- Up-to-date symlink: /home/maker/ros2_ws/install/examples_rclcpp_minimal_composition/share/examples_rclcpp_minimal_composition/local_setup.bash
[1.076s] -- Up-to-date symlink: /home/maker/ros2_ws/install/examples_rclcpp_minimal_composition/share/examples_rclcpp_minimal_composition/local_setup.sh
[1.076s] -- Up-to-date symlink: /home/maker/ros2_ws/install/examples_rclcpp_minimal_composition/share/examples_rclcpp_minimal_composition/local_setup.zsh
[1.076s] -- Up-to-date symlink: /home/maker/ros2_ws/install/examples_rclcpp_minimal_composition/share/examples_rclcpp_minimal_composition/local_setup.dsv
[1.076s] -- Symlinking: /home/maker/ros2_ws/install/examples_rclcpp_minimal_composition/share/examples_rclcpp_minimal_composition/package.dsv
[1.081s] -- Up-to-date symlink: /home/maker/ros2_ws/install/examples_rclcpp_minimal_composition/share/ament_index/resource_index/packages/examples_rclcpp_minimal_composition
[1.082s] -- Up-to-date symlink: /home/maker/ros2_ws/install/examples_rclcpp_minimal_composition/share/examples_rclcpp_minimal_composition/cmake/examples_rclcpp_minimal_compositionConfig.cmake
[1.082s] -- Up-to-date symlink: /home/maker/ros2_ws/install/examples_rclcpp_minimal_composition/share/examples_rclcpp_minimal_composition/cmake/examples_rclcpp_minimal_compositionConfig-version.cmake
[1.082s] -- Up-to-date symlink: /home/maker/ros2_ws/install/examples_rclcpp_minimal_composition/share/examples_rclcpp_minimal_composition/package.xml
[1.102s] Invoked command in '/home/maker/ros2_ws/build/examples_rclcpp_minimal_composition' returned '0': CMAKE_PREFIX_PATH=/opt/ros/humble /usr/bin/cmake --install /home/maker/ros2_ws/build/examples_rclcpp_minimal_composition
