[2.982s] Invoking command in '/home/maker/ros2_ws/build/examples_rclpy_pointcloud_publisher': PYTHONPATH=/home/maker/ros2_ws/build/examples_rclpy_pointcloud_publisher/prefix_override:/home/maker/ros2_ws/install/examples_rclpy_pointcloud_publisher/lib/python3.10/site-packages:${PYTHONPATH} /usr/bin/python3 setup.py develop --editable --build-directory /home/maker/ros2_ws/build/examples_rclpy_pointcloud_publisher/build --no-deps install_data
[3.775s] running develop
[3.776s] /usr/lib/python3/dist-packages/setuptools/command/easy_install.py:158: EasyInstallDeprecationWarning: easy_install command is deprecated. Use build and pip and other standards-based tools.
[3.776s]   warnings.warn(
[3.779s] /usr/lib/python3/dist-packages/setuptools/command/install.py:34: SetuptoolsDeprecationWarning: setup.py install is deprecated. Use build and pip and other standards-based tools.
[3.779s]   warnings.warn(
[3.927s] /usr/lib/python3/dist-packages/pkg_resources/__init__.py:116: PkgResourcesDeprecationWarning: 0.1.43ubuntu1 is an invalid version and will not be supported in a future release
[3.928s]   warnings.warn(
[3.928s] /usr/lib/python3/dist-packages/pkg_resources/__init__.py:116: PkgResourcesDeprecationWarning: 1.1build1 is an invalid version and will not be supported in a future release
[3.928s]   warnings.warn(
[4.207s] running egg_info
[4.207s] creating examples_rclpy_pointcloud_publisher.egg-info
[4.207s] writing examples_rclpy_pointcloud_publisher.egg-info/PKG-INFO
[4.208s] writing dependency_links to examples_rclpy_pointcloud_publisher.egg-info/dependency_links.txt
[4.208s] writing entry points to examples_rclpy_pointcloud_publisher.egg-info/entry_points.txt
[4.208s] writing requirements to examples_rclpy_pointcloud_publisher.egg-info/requires.txt
[4.209s] writing top-level names to examples_rclpy_pointcloud_publisher.egg-info/top_level.txt
[4.209s] writing manifest file 'examples_rclpy_pointcloud_publisher.egg-info/SOURCES.txt'
[4.211s] reading manifest file 'examples_rclpy_pointcloud_publisher.egg-info/SOURCES.txt'
[4.212s] writing manifest file 'examples_rclpy_pointcloud_publisher.egg-info/SOURCES.txt'
[4.215s] running build_ext
[4.215s] Creating /home/maker/ros2_ws/install/examples_rclpy_pointcloud_publisher/lib/python3.10/site-packages/examples-rclpy-pointcloud-publisher.egg-link (link to .)
[4.227s] Installing pointcloud_publisher script to /home/maker/ros2_ws/install/examples_rclpy_pointcloud_publisher/lib/examples_rclpy_pointcloud_publisher
[4.228s] 
[4.228s] Installed /home/maker/ros2_ws/build/examples_rclpy_pointcloud_publisher
[4.228s] running install_data
[4.229s] creating /home/maker/ros2_ws/install/examples_rclpy_pointcloud_publisher/share/ament_index
[4.229s] creating /home/maker/ros2_ws/install/examples_rclpy_pointcloud_publisher/share/ament_index/resource_index
[4.229s] creating /home/maker/ros2_ws/install/examples_rclpy_pointcloud_publisher/share/ament_index/resource_index/packages
[4.229s] copying resource/examples_rclpy_pointcloud_publisher -> /home/maker/ros2_ws/install/examples_rclpy_pointcloud_publisher/share/ament_index/resource_index/packages
[4.230s] copying package.xml -> /home/maker/ros2_ws/install/examples_rclpy_pointcloud_publisher/share/examples_rclpy_pointcloud_publisher
[4.328s] Invoked command in '/home/maker/ros2_ws/build/examples_rclpy_pointcloud_publisher' returned '0': PYTHONPATH=/home/maker/ros2_ws/build/examples_rclpy_pointcloud_publisher/prefix_override:/home/maker/ros2_ws/install/examples_rclpy_pointcloud_publisher/lib/python3.10/site-packages:${PYTHONPATH} /usr/bin/python3 setup.py develop --editable --build-directory /home/maker/ros2_ws/build/examples_rclpy_pointcloud_publisher/build --no-deps install_data
