[0.031s] Invoking command in '/home/maker/ros2_ws/build/examples_rclcpp_multithreaded_executor': CMAKE_PREFIX_PATH=/opt/ros/humble /usr/bin/cmake /home/maker/ros2_ws/src/examples/rclcpp/executors/multithreaded_executor -DAMENT_CMAKE_SYMLINK_INSTALL=1 -DCMAKE_INSTALL_PREFIX=/home/maker/ros2_ws/install/examples_rclcpp_multithreaded_executor
[0.103s] -- The C compiler identification is GNU 11.3.0
[0.178s] -- The CXX compiler identification is GNU 11.3.0
[0.187s] -- Detecting C compiler ABI info
[0.289s] -- Detecting C compiler ABI info - done
[0.299s] -- Check for working C compiler: /usr/bin/cc - skipped
[0.300s] -- Detecting C compile features
[0.301s] -- Detecting C compile features - done
[0.304s] -- Detecting CXX compiler ABI info
[0.466s] -- Detecting CXX compiler ABI info - done
[0.467s] -- Check for working CXX compiler: /usr/bin/c++ - skipped
[0.468s] -- Detecting CXX compile features
[0.468s] -- Detecting CXX compile features - done
[0.471s] -- Found ament_cmake: 1.3.3 (/opt/ros/humble/share/ament_cmake/cmake)
[0.764s] -- Found Python3: /usr/bin/python3.10 (found version "3.10.6") found components: Interpreter 
[0.893s] -- Override CMake install command with custom implementation using symlinks instead of copying resources
[0.948s] -- Found rclcpp: 16.0.3 (/opt/ros/humble/share/rclcpp/cmake)
[1.029s] -- Found rosidl_generator_c: 3.1.4 (/opt/ros/humble/share/rosidl_generator_c/cmake)
[1.036s] -- Found rosidl_adapter: 3.1.4 (/opt/ros/humble/share/rosidl_adapter/cmake)
[1.046s] -- Found rosidl_generator_cpp: 3.1.4 (/opt/ros/humble/share/rosidl_generator_cpp/cmake)
[1.065s] -- Using all available rosidl_typesupport_c: rosidl_typesupport_fastrtps_c;rosidl_typesupport_introspection_c
[1.089s] -- Using all available rosidl_typesupport_cpp: rosidl_typesupport_fastrtps_cpp;rosidl_typesupport_introspection_cpp
[1.174s] -- Found rmw_implementation_cmake: 6.1.1 (/opt/ros/humble/share/rmw_implementation_cmake/cmake)
[1.176s] -- Found rmw_fastrtps_cpp: 6.2.2 (/opt/ros/humble/share/rmw_fastrtps_cpp/cmake)
[1.422s] -- Found OpenSSL: /usr/lib/x86_64-linux-gnu/libcrypto.so (found version "3.0.2")  
[1.449s] -- Found FastRTPS: /opt/ros/humble/include  
[1.531s] -- Using RMW implementation 'rmw_fastrtps_cpp' as default
[1.541s] -- Looking for pthread.h
[1.772s] -- Looking for pthread.h - found
[1.773s] -- Performing Test CMAKE_HAVE_LIBC_PTHREAD
[1.954s] -- Performing Test CMAKE_HAVE_LIBC_PTHREAD - Success
[1.956s] -- Found Threads: TRUE  
[2.176s] -- Found ament_lint_auto: 0.12.5 (/opt/ros/humble/share/ament_lint_auto/cmake)
[2.311s] -- Added test 'copyright' to check source files copyright and LICENSE
[2.312s] -- Added test 'cppcheck' to perform static code analysis on C / C++ code
[2.312s] -- Configured cppcheck include dirs: 
[2.312s] -- Configured cppcheck exclude dirs and/or files: 
[2.313s] -- Added test 'cpplint' to check C / C++ code against the Google style
[2.313s] -- Configured cpplint exclude dirs and/or files: 
[2.313s] -- Added test 'lint_cmake' to check CMake code style
[2.314s] -- Added test 'uncrustify' to check C / C++ code style
[2.314s] -- Configured uncrustify additional arguments: 
[2.314s] -- Added test 'xmllint' to check XML markup files
[2.316s] -- Configuring done
[2.335s] -- Generating done
[2.337s] -- Build files have been written to: /home/maker/ros2_ws/build/examples_rclcpp_multithreaded_executor
[2.449s] Invoked command in '/home/maker/ros2_ws/build/examples_rclcpp_multithreaded_executor' returned '0': CMAKE_PREFIX_PATH=/opt/ros/humble /usr/bin/cmake /home/maker/ros2_ws/src/examples/rclcpp/executors/multithreaded_executor -DAMENT_CMAKE_SYMLINK_INSTALL=1 -DCMAKE_INSTALL_PREFIX=/home/maker/ros2_ws/install/examples_rclcpp_multithreaded_executor
[2.450s] Invoking command in '/home/maker/ros2_ws/build/examples_rclcpp_multithreaded_executor': CMAKE_PREFIX_PATH=/opt/ros/humble /usr/bin/cmake --build /home/maker/ros2_ws/build/examples_rclcpp_multithreaded_executor -- -j8 -l8
[2.626s] [ 50%] [32mBuilding CXX object CMakeFiles/multithreaded_executor.dir/multithreaded_executor.cpp.o[0m
[27.091s] [100%] [32m[1mLinking CXX executable multithreaded_executor[0m
[27.872s] [100%] Built target multithreaded_executor
[27.899s] Invoked command in '/home/maker/ros2_ws/build/examples_rclcpp_multithreaded_executor' returned '0': CMAKE_PREFIX_PATH=/opt/ros/humble /usr/bin/cmake --build /home/maker/ros2_ws/build/examples_rclcpp_multithreaded_executor -- -j8 -l8
[28.223s] Invoking command in '/home/maker/ros2_ws/build/examples_rclcpp_multithreaded_executor': CMAKE_PREFIX_PATH=/opt/ros/humble /usr/bin/cmake --install /home/maker/ros2_ws/build/examples_rclcpp_multithreaded_executor
[28.236s] -- Install configuration: ""
[28.236s] -- Execute custom install script
[28.236s] -- Symlinking: /home/maker/ros2_ws/install/examples_rclcpp_multithreaded_executor/lib/examples_rclcpp_multithreaded_executor/multithreaded_executor
[28.259s] -- Symlinking: /home/maker/ros2_ws/install/examples_rclcpp_multithreaded_executor/share/ament_index/resource_index/package_run_dependencies/examples_rclcpp_multithreaded_executor
[28.279s] -- Symlinking: /home/maker/ros2_ws/install/examples_rclcpp_multithreaded_executor/share/ament_index/resource_index/parent_prefix_path/examples_rclcpp_multithreaded_executor
[28.299s] -- Symlinking: /home/maker/ros2_ws/install/examples_rclcpp_multithreaded_executor/share/examples_rclcpp_multithreaded_executor/environment/ament_prefix_path.sh
[28.319s] -- Symlinking: /home/maker/ros2_ws/install/examples_rclcpp_multithreaded_executor/share/examples_rclcpp_multithreaded_executor/environment/ament_prefix_path.dsv
[28.346s] -- Symlinking: /home/maker/ros2_ws/install/examples_rclcpp_multithreaded_executor/share/examples_rclcpp_multithreaded_executor/environment/path.sh
[28.364s] -- Symlinking: /home/maker/ros2_ws/install/examples_rclcpp_multithreaded_executor/share/examples_rclcpp_multithreaded_executor/environment/path.dsv
[28.373s] -- Symlinking: /home/maker/ros2_ws/install/examples_rclcpp_multithreaded_executor/share/examples_rclcpp_multithreaded_executor/local_setup.bash
[28.382s] -- Symlinking: /home/maker/ros2_ws/install/examples_rclcpp_multithreaded_executor/share/examples_rclcpp_multithreaded_executor/local_setup.sh
[28.390s] -- Symlinking: /home/maker/ros2_ws/install/examples_rclcpp_multithreaded_executor/share/examples_rclcpp_multithreaded_executor/local_setup.zsh
[28.400s] -- Symlinking: /home/maker/ros2_ws/install/examples_rclcpp_multithreaded_executor/share/examples_rclcpp_multithreaded_executor/local_setup.dsv
[28.408s] -- Symlinking: /home/maker/ros2_ws/install/examples_rclcpp_multithreaded_executor/share/examples_rclcpp_multithreaded_executor/package.dsv
[28.417s] -- Symlinking: /home/maker/ros2_ws/install/examples_rclcpp_multithreaded_executor/share/ament_index/resource_index/packages/examples_rclcpp_multithreaded_executor
[28.424s] -- Symlinking: /home/maker/ros2_ws/install/examples_rclcpp_multithreaded_executor/share/examples_rclcpp_multithreaded_executor/cmake/examples_rclcpp_multithreaded_executorConfig.cmake
[28.433s] -- Symlinking: /home/maker/ros2_ws/install/examples_rclcpp_multithreaded_executor/share/examples_rclcpp_multithreaded_executor/cmake/examples_rclcpp_multithreaded_executorConfig-version.cmake
[28.440s] -- Symlinking: /home/maker/ros2_ws/install/examples_rclcpp_multithreaded_executor/share/examples_rclcpp_multithreaded_executor/package.xml
[28.451s] Invoked command in '/home/maker/ros2_ws/build/examples_rclcpp_multithreaded_executor' returned '0': CMAKE_PREFIX_PATH=/opt/ros/humble /usr/bin/cmake --install /home/maker/ros2_ws/build/examples_rclcpp_multithreaded_executor
