[2.038s] Invoking command in '/home/maker/ros2_ws/build/examples_rclpy_minimal_action_client': PYTHONPATH=/home/maker/ros2_ws/build/examples_rclpy_minimal_action_client/prefix_override:/home/maker/ros2_ws/install/examples_rclpy_minimal_action_client/lib/python3.10/site-packages:${PYTHONPATH} /usr/bin/python3 setup.py develop --editable --build-directory /home/maker/ros2_ws/build/examples_rclpy_minimal_action_client/build --no-deps install_data
[9.238s] running develop
[9.238s] running egg_info
[9.238s] creating examples_rclpy_minimal_action_client.egg-info
[9.238s] writing examples_rclpy_minimal_action_client.egg-info/PKG-INFO
[9.239s] writing dependency_links to examples_rclpy_minimal_action_client.egg-info/dependency_links.txt
[9.239s] writing entry points to examples_rclpy_minimal_action_client.egg-info/entry_points.txt
[9.239s] writing requirements to examples_rclpy_minimal_action_client.egg-info/requires.txt
[9.239s] writing top-level names to examples_rclpy_minimal_action_client.egg-info/top_level.txt
[9.239s] writing manifest file 'examples_rclpy_minimal_action_client.egg-info/SOURCES.txt'
[9.239s] reading manifest file 'examples_rclpy_minimal_action_client.egg-info/SOURCES.txt'
[9.239s] writing manifest file 'examples_rclpy_minimal_action_client.egg-info/SOURCES.txt'
[9.239s] running build_ext
[9.239s] Creating /home/maker/ros2_ws/install/examples_rclpy_minimal_action_client/lib/python3.10/site-packages/examples-rclpy-minimal-action-client.egg-link (link to .)
[9.239s] Installing client script to /home/maker/ros2_ws/install/examples_rclpy_minimal_action_client/lib/examples_rclpy_minimal_action_client
[9.239s] Installing client_asyncio script to /home/maker/ros2_ws/install/examples_rclpy_minimal_action_client/lib/examples_rclpy_minimal_action_client
[9.239s] Installing client_cancel script to /home/maker/ros2_ws/install/examples_rclpy_minimal_action_client/lib/examples_rclpy_minimal_action_client
[9.239s] Installing client_not_composable script to /home/maker/ros2_ws/install/examples_rclpy_minimal_action_client/lib/examples_rclpy_minimal_action_client
[9.239s] 
[9.239s] Installed /home/maker/ros2_ws/build/examples_rclpy_minimal_action_client
[9.239s] running install_data
[9.239s] creating /home/maker/ros2_ws/install/examples_rclpy_minimal_action_client/share/ament_index
[9.239s] creating /home/maker/ros2_ws/install/examples_rclpy_minimal_action_client/share/ament_index/resource_index
[9.239s] creating /home/maker/ros2_ws/install/examples_rclpy_minimal_action_client/share/ament_index/resource_index/packages
[9.240s] copying resource/examples_rclpy_minimal_action_client -> /home/maker/ros2_ws/install/examples_rclpy_minimal_action_client/share/ament_index/resource_index/packages
[9.240s] copying package.xml -> /home/maker/ros2_ws/install/examples_rclpy_minimal_action_client/share/examples_rclpy_minimal_action_client
[9.266s] /usr/lib/python3/dist-packages/setuptools/command/easy_install.py:158: EasyInstallDeprecationWarning: easy_install command is deprecated. Use build and pip and other standards-based tools.
[9.267s]   warnings.warn(
[9.267s] /usr/lib/python3/dist-packages/setuptools/command/install.py:34: SetuptoolsDeprecationWarning: setup.py install is deprecated. Use build and pip and other standards-based tools.
[9.267s]   warnings.warn(
[9.267s] /usr/lib/python3/dist-packages/pkg_resources/__init__.py:116: PkgResourcesDeprecationWarning: 0.1.43ubuntu1 is an invalid version and will not be supported in a future release
[9.267s]   warnings.warn(
[9.267s] /usr/lib/python3/dist-packages/pkg_resources/__init__.py:116: PkgResourcesDeprecationWarning: 1.1build1 is an invalid version and will not be supported in a future release
[9.267s]   warnings.warn(
[9.286s] Invoked command in '/home/maker/ros2_ws/build/examples_rclpy_minimal_action_client' returned '0': PYTHONPATH=/home/maker/ros2_ws/build/examples_rclpy_minimal_action_client/prefix_override:/home/maker/ros2_ws/install/examples_rclpy_minimal_action_client/lib/python3.10/site-packages:${PYTHONPATH} /usr/bin/python3 setup.py develop --editable --build-directory /home/maker/ros2_ws/build/examples_rclpy_minimal_action_client/build --no-deps install_data
