[1.210s] Invoking command in '/home/maker/ros2_ws/build/examples_rclpy_minimal_action_server': PYTHONPATH=/home/maker/ros2_ws/build/examples_rclpy_minimal_action_server/prefix_override:/home/maker/ros2_ws/install/examples_rclpy_minimal_action_server/lib/python3.10/site-packages:${PYTHONPATH} /usr/bin/python3 setup.py develop --uninstall --editable --build-directory /home/maker/ros2_ws/build/examples_rclpy_minimal_action_server/build
[1.475s] running develop
[1.475s] /usr/lib/python3/dist-packages/setuptools/command/easy_install.py:158: EasyInstallDeprecationWarning: easy_install command is deprecated. Use build and pip and other standards-based tools.
[1.475s]   warnings.warn(
[1.477s] /usr/lib/python3/dist-packages/setuptools/command/install.py:34: SetuptoolsDeprecationWarning: setup.py install is deprecated. Use build and pip and other standards-based tools.
[1.477s]   warnings.warn(
[1.533s] /usr/lib/python3/dist-packages/pkg_resources/__init__.py:116: PkgResourcesDeprecationWarning: 0.1.43ubuntu1 is an invalid version and will not be supported in a future release
[1.533s]   warnings.warn(
[1.533s] /usr/lib/python3/dist-packages/pkg_resources/__init__.py:116: PkgResourcesDeprecationWarning: 1.1build1 is an invalid version and will not be supported in a future release
[1.533s]   warnings.warn(
[1.678s] Invoked command in '/home/maker/ros2_ws/build/examples_rclpy_minimal_action_server' returned '0': PYTHONPATH=/home/maker/ros2_ws/build/examples_rclpy_minimal_action_server/prefix_override:/home/maker/ros2_ws/install/examples_rclpy_minimal_action_server/lib/python3.10/site-packages:${PYTHONPATH} /usr/bin/python3 setup.py develop --uninstall --editable --build-directory /home/maker/ros2_ws/build/examples_rclpy_minimal_action_server/build
[1.680s] Invoking command in '/home/maker/ros2_ws/src/examples/rclpy/actions/minimal_action_server': PYTHONPATH=/home/maker/ros2_ws/build/examples_rclpy_minimal_action_server/prefix_override:/home/maker/ros2_ws/install/examples_rclpy_minimal_action_server/lib/python3.10/site-packages:${PYTHONPATH} /usr/bin/python3 setup.py egg_info --egg-base ../../../../../build/examples_rclpy_minimal_action_server build --build-base /home/maker/ros2_ws/build/examples_rclpy_minimal_action_server/build install --record /home/maker/ros2_ws/build/examples_rclpy_minimal_action_server/install.log --single-version-externally-managed
[1.936s] running egg_info
[1.937s] writing ../../../../../build/examples_rclpy_minimal_action_server/examples_rclpy_minimal_action_server.egg-info/PKG-INFO
[1.937s] writing dependency_links to ../../../../../build/examples_rclpy_minimal_action_server/examples_rclpy_minimal_action_server.egg-info/dependency_links.txt
[1.937s] writing entry points to ../../../../../build/examples_rclpy_minimal_action_server/examples_rclpy_minimal_action_server.egg-info/entry_points.txt
[1.937s] writing requirements to ../../../../../build/examples_rclpy_minimal_action_server/examples_rclpy_minimal_action_server.egg-info/requires.txt
[1.937s] writing top-level names to ../../../../../build/examples_rclpy_minimal_action_server/examples_rclpy_minimal_action_server.egg-info/top_level.txt
[1.939s] reading manifest file '../../../../../build/examples_rclpy_minimal_action_server/examples_rclpy_minimal_action_server.egg-info/SOURCES.txt'
[1.941s] writing manifest file '../../../../../build/examples_rclpy_minimal_action_server/examples_rclpy_minimal_action_server.egg-info/SOURCES.txt'
[1.941s] running build
[1.941s] running build_py
[1.941s] running install
[1.942s] /usr/lib/python3/dist-packages/setuptools/command/install.py:34: SetuptoolsDeprecationWarning: setup.py install is deprecated. Use build and pip and other standards-based tools.
[1.942s]   warnings.warn(
[1.942s] running install_lib
[1.944s] running install_data
[1.944s] running install_egg_info
[1.946s] removing '/home/maker/ros2_ws/install/examples_rclpy_minimal_action_server/lib/python3.10/site-packages/examples_rclpy_minimal_action_server-0.15.1-py3.10.egg-info' (and everything under it)
[1.949s] Copying ../../../../../build/examples_rclpy_minimal_action_server/examples_rclpy_minimal_action_server.egg-info to /home/maker/ros2_ws/install/examples_rclpy_minimal_action_server/lib/python3.10/site-packages/examples_rclpy_minimal_action_server-0.15.1-py3.10.egg-info
[1.951s] running install_scripts
[1.976s] Installing server script to /home/maker/ros2_ws/install/examples_rclpy_minimal_action_server/lib/examples_rclpy_minimal_action_server
[1.977s] Installing server_defer script to /home/maker/ros2_ws/install/examples_rclpy_minimal_action_server/lib/examples_rclpy_minimal_action_server
[1.977s] Installing server_not_composable script to /home/maker/ros2_ws/install/examples_rclpy_minimal_action_server/lib/examples_rclpy_minimal_action_server
[1.977s] Installing server_queue_goals script to /home/maker/ros2_ws/install/examples_rclpy_minimal_action_server/lib/examples_rclpy_minimal_action_server
[1.977s] Installing server_single_goal script to /home/maker/ros2_ws/install/examples_rclpy_minimal_action_server/lib/examples_rclpy_minimal_action_server
[1.977s] writing list of installed files to '/home/maker/ros2_ws/build/examples_rclpy_minimal_action_server/install.log'
[2.058s] Invoked command in '/home/maker/ros2_ws/src/examples/rclpy/actions/minimal_action_server' returned '0': PYTHONPATH=/home/maker/ros2_ws/build/examples_rclpy_minimal_action_server/prefix_override:/home/maker/ros2_ws/install/examples_rclpy_minimal_action_server/lib/python3.10/site-packages:${PYTHONPATH} /usr/bin/python3 setup.py egg_info --egg-base ../../../../../build/examples_rclpy_minimal_action_server build --build-base /home/maker/ros2_ws/build/examples_rclpy_minimal_action_server/build install --record /home/maker/ros2_ws/build/examples_rclpy_minimal_action_server/install.log --single-version-externally-managed
