[0.522s] Invoking command in '/home/maker/ros2_ws/build/examples_rclpy_minimal_client': PYTHONPATH=/home/maker/ros2_ws/build/examples_rclpy_minimal_client/prefix_override:/home/maker/ros2_ws/install/examples_rclpy_minimal_client/lib/python3.10/site-packages:${PYTHONPATH} /usr/bin/python3 setup.py develop --uninstall --editable --build-directory /home/maker/ros2_ws/build/examples_rclpy_minimal_client/build
[0.683s] running develop
[0.683s] /usr/lib/python3/dist-packages/setuptools/command/easy_install.py:158: EasyInstallDeprecationWarning: easy_install command is deprecated. Use build and pip and other standards-based tools.
[0.683s]   warnings.warn(
[0.684s] /usr/lib/python3/dist-packages/setuptools/command/install.py:34: SetuptoolsDeprecationWarning: setup.py install is deprecated. Use build and pip and other standards-based tools.
[0.684s]   warnings.warn(
[0.716s] /usr/lib/python3/dist-packages/pkg_resources/__init__.py:116: PkgResourcesDeprecationWarning: 0.1.43ubuntu1 is an invalid version and will not be supported in a future release
[0.716s]   warnings.warn(
[0.716s] /usr/lib/python3/dist-packages/pkg_resources/__init__.py:116: PkgResourcesDeprecationWarning: 1.1build1 is an invalid version and will not be supported in a future release
[0.716s]   warnings.warn(
[0.785s] Removing /home/maker/ros2_ws/install/examples_rclpy_minimal_client/lib/python3.10/site-packages/examples-rclpy-minimal-client.egg-link (link to .)
[1.046s] Invoked command in '/home/maker/ros2_ws/build/examples_rclpy_minimal_client' returned '0': PYTHONPATH=/home/maker/ros2_ws/build/examples_rclpy_minimal_client/prefix_override:/home/maker/ros2_ws/install/examples_rclpy_minimal_client/lib/python3.10/site-packages:${PYTHONPATH} /usr/bin/python3 setup.py develop --uninstall --editable --build-directory /home/maker/ros2_ws/build/examples_rclpy_minimal_client/build
[1.046s] Invoking command in '/home/maker/ros2_ws/src/examples/rclpy/services/minimal_client': PYTHONPATH=/home/maker/ros2_ws/build/examples_rclpy_minimal_client/prefix_override:/home/maker/ros2_ws/install/examples_rclpy_minimal_client/lib/python3.10/site-packages:${PYTHONPATH} /usr/bin/python3 setup.py egg_info --egg-base ../../../../../build/examples_rclpy_minimal_client build --build-base /home/maker/ros2_ws/build/examples_rclpy_minimal_client/build install --record /home/maker/ros2_ws/build/examples_rclpy_minimal_client/install.log --single-version-externally-managed
[1.208s] /usr/lib/python3/dist-packages/setuptools/command/install.py:34: SetuptoolsDeprecationWarning: setup.py install is deprecated. Use build and pip and other standards-based tools.
[1.209s]   warnings.warn(
[1.209s] running egg_info
[1.209s] writing ../../../../../build/examples_rclpy_minimal_client/examples_rclpy_minimal_client.egg-info/PKG-INFO
[1.209s] writing dependency_links to ../../../../../build/examples_rclpy_minimal_client/examples_rclpy_minimal_client.egg-info/dependency_links.txt
[1.209s] writing entry points to ../../../../../build/examples_rclpy_minimal_client/examples_rclpy_minimal_client.egg-info/entry_points.txt
[1.209s] writing requirements to ../../../../../build/examples_rclpy_minimal_client/examples_rclpy_minimal_client.egg-info/requires.txt
[1.209s] writing top-level names to ../../../../../build/examples_rclpy_minimal_client/examples_rclpy_minimal_client.egg-info/top_level.txt
[1.209s] reading manifest file '../../../../../build/examples_rclpy_minimal_client/examples_rclpy_minimal_client.egg-info/SOURCES.txt'
[1.209s] writing manifest file '../../../../../build/examples_rclpy_minimal_client/examples_rclpy_minimal_client.egg-info/SOURCES.txt'
[1.209s] running build
[1.209s] running build_py
[1.209s] creating /home/maker/ros2_ws/build/examples_rclpy_minimal_client/build
[1.209s] creating /home/maker/ros2_ws/build/examples_rclpy_minimal_client/build/lib
[1.209s] creating /home/maker/ros2_ws/build/examples_rclpy_minimal_client/build/lib/examples_rclpy_minimal_client
[1.209s] copying examples_rclpy_minimal_client/client_async.py -> /home/maker/ros2_ws/build/examples_rclpy_minimal_client/build/lib/examples_rclpy_minimal_client
[1.209s] copying examples_rclpy_minimal_client/client_async_callback.py -> /home/maker/ros2_ws/build/examples_rclpy_minimal_client/build/lib/examples_rclpy_minimal_client
[1.209s] copying examples_rclpy_minimal_client/client_async_member_function.py -> /home/maker/ros2_ws/build/examples_rclpy_minimal_client/build/lib/examples_rclpy_minimal_client
[1.209s] copying examples_rclpy_minimal_client/__init__.py -> /home/maker/ros2_ws/build/examples_rclpy_minimal_client/build/lib/examples_rclpy_minimal_client
[1.209s] copying examples_rclpy_minimal_client/client.py -> /home/maker/ros2_ws/build/examples_rclpy_minimal_client/build/lib/examples_rclpy_minimal_client
[1.209s] running install
[1.209s] running install_lib
[1.209s] creating /home/maker/ros2_ws/install/examples_rclpy_minimal_client/lib/python3.10/site-packages/examples_rclpy_minimal_client
[1.209s] copying /home/maker/ros2_ws/build/examples_rclpy_minimal_client/build/lib/examples_rclpy_minimal_client/client_async.py -> /home/maker/ros2_ws/install/examples_rclpy_minimal_client/lib/python3.10/site-packages/examples_rclpy_minimal_client
[1.210s] copying /home/maker/ros2_ws/build/examples_rclpy_minimal_client/build/lib/examples_rclpy_minimal_client/client_async_callback.py -> /home/maker/ros2_ws/install/examples_rclpy_minimal_client/lib/python3.10/site-packages/examples_rclpy_minimal_client
[1.210s] copying /home/maker/ros2_ws/build/examples_rclpy_minimal_client/build/lib/examples_rclpy_minimal_client/client_async_member_function.py -> /home/maker/ros2_ws/install/examples_rclpy_minimal_client/lib/python3.10/site-packages/examples_rclpy_minimal_client
[1.210s] copying /home/maker/ros2_ws/build/examples_rclpy_minimal_client/build/lib/examples_rclpy_minimal_client/__init__.py -> /home/maker/ros2_ws/install/examples_rclpy_minimal_client/lib/python3.10/site-packages/examples_rclpy_minimal_client
[1.210s] copying /home/maker/ros2_ws/build/examples_rclpy_minimal_client/build/lib/examples_rclpy_minimal_client/client.py -> /home/maker/ros2_ws/install/examples_rclpy_minimal_client/lib/python3.10/site-packages/examples_rclpy_minimal_client
[1.210s] byte-compiling /home/maker/ros2_ws/install/examples_rclpy_minimal_client/lib/python3.10/site-packages/examples_rclpy_minimal_client/client_async.py to client_async.cpython-310.pyc
[1.210s] byte-compiling /home/maker/ros2_ws/install/examples_rclpy_minimal_client/lib/python3.10/site-packages/examples_rclpy_minimal_client/client_async_callback.py to client_async_callback.cpython-310.pyc
[1.210s] byte-compiling /home/maker/ros2_ws/install/examples_rclpy_minimal_client/lib/python3.10/site-packages/examples_rclpy_minimal_client/client_async_member_function.py to client_async_member_function.cpython-310.pyc
[1.210s] byte-compiling /home/maker/ros2_ws/install/examples_rclpy_minimal_client/lib/python3.10/site-packages/examples_rclpy_minimal_client/__init__.py to __init__.cpython-310.pyc
[1.210s] byte-compiling /home/maker/ros2_ws/install/examples_rclpy_minimal_client/lib/python3.10/site-packages/examples_rclpy_minimal_client/client.py to client.cpython-310.pyc
[1.210s] running install_data
[1.210s] running install_egg_info
[1.210s] Copying ../../../../../build/examples_rclpy_minimal_client/examples_rclpy_minimal_client.egg-info to /home/maker/ros2_ws/install/examples_rclpy_minimal_client/lib/python3.10/site-packages/examples_rclpy_minimal_client-0.15.1-py3.10.egg-info
[1.210s] running install_scripts
[1.210s] Installing client script to /home/maker/ros2_ws/install/examples_rclpy_minimal_client/lib/examples_rclpy_minimal_client
[1.210s] Installing client_async script to /home/maker/ros2_ws/install/examples_rclpy_minimal_client/lib/examples_rclpy_minimal_client
[1.210s] Installing client_async_callback script to /home/maker/ros2_ws/install/examples_rclpy_minimal_client/lib/examples_rclpy_minimal_client
[1.210s] Installing client_async_member_function script to /home/maker/ros2_ws/install/examples_rclpy_minimal_client/lib/examples_rclpy_minimal_client
[1.210s] writing list of installed files to '/home/maker/ros2_ws/build/examples_rclpy_minimal_client/install.log'
[1.225s] Invoked command in '/home/maker/ros2_ws/src/examples/rclpy/services/minimal_client' returned '0': PYTHONPATH=/home/maker/ros2_ws/build/examples_rclpy_minimal_client/prefix_override:/home/maker/ros2_ws/install/examples_rclpy_minimal_client/lib/python3.10/site-packages:${PYTHONPATH} /usr/bin/python3 setup.py egg_info --egg-base ../../../../../build/examples_rclpy_minimal_client build --build-base /home/maker/ros2_ws/build/examples_rclpy_minimal_client/build install --record /home/maker/ros2_ws/build/examples_rclpy_minimal_client/install.log --single-version-externally-managed
