[0.024s] Invoking command in '/home/maker/ros2_ws/build/examples_rclcpp_minimal_action_client': CMAKE_PREFIX_PATH=/opt/ros/humble /usr/bin/cmake /home/maker/ros2_ws/src/examples/rclcpp/actions/minimal_action_client -DAMENT_CMAKE_SYMLINK_INSTALL=1 -DCMAKE_INSTALL_PREFIX=/home/maker/ros2_ws/install/examples_rclcpp_minimal_action_client
[0.137s] -- The C compiler identification is GNU 11.3.0
[0.254s] -- The CXX compiler identification is GNU 11.3.0
[0.262s] -- Detecting C compiler ABI info
[0.330s] -- Detecting C compiler ABI info - done
[0.338s] -- Check for working C compiler: /usr/bin/cc - skipped
[0.339s] -- Detecting C compile features
[0.339s] -- Detecting C compile features - done
[0.343s] -- Detecting CXX compiler ABI info
[0.412s] -- Detecting CXX compiler ABI info - done
[0.422s] -- Check for working CXX compiler: /usr/bin/c++ - skipped
[0.422s] -- Detecting CXX compile features
[0.423s] -- Detecting CXX compile features - done
[0.429s] -- Found ament_cmake: 1.3.3 (/opt/ros/humble/share/ament_cmake/cmake)
[0.615s] -- Found Python3: /usr/bin/python3.10 (found version "3.10.6") found components: Interpreter 
[0.698s] -- Override CMake install command with custom implementation using symlinks instead of copying resources
[0.728s] -- Found example_interfaces: 0.9.3 (/opt/ros/humble/share/example_interfaces/cmake)
[0.773s] -- Found rosidl_generator_c: 3.1.4 (/opt/ros/humble/share/rosidl_generator_c/cmake)
[0.778s] -- Found rosidl_adapter: 3.1.4 (/opt/ros/humble/share/rosidl_adapter/cmake)
[0.789s] -- Found rosidl_generator_cpp: 3.1.4 (/opt/ros/humble/share/rosidl_generator_cpp/cmake)
[0.807s] -- Using all available rosidl_typesupport_c: rosidl_typesupport_fastrtps_c;rosidl_typesupport_introspection_c
[0.832s] -- Using all available rosidl_typesupport_cpp: rosidl_typesupport_fastrtps_cpp;rosidl_typesupport_introspection_cpp
[1.014s] -- Found rclcpp: 16.0.3 (/opt/ros/humble/share/rclcpp/cmake)
[1.078s] -- Found rmw_implementation_cmake: 6.1.1 (/opt/ros/humble/share/rmw_implementation_cmake/cmake)
[1.080s] -- Found rmw_fastrtps_cpp: 6.2.2 (/opt/ros/humble/share/rmw_fastrtps_cpp/cmake)
[1.167s] -- Found OpenSSL: /usr/lib/x86_64-linux-gnu/libcrypto.so (found version "3.0.2")  
[1.192s] -- Found FastRTPS: /opt/ros/humble/include  
[1.241s] -- Using RMW implementation 'rmw_fastrtps_cpp' as default
[1.250s] -- Looking for pthread.h
[1.307s] -- Looking for pthread.h - found
[1.307s] -- Performing Test CMAKE_HAVE_LIBC_PTHREAD
[1.400s] -- Performing Test CMAKE_HAVE_LIBC_PTHREAD - Success
[1.401s] -- Found Threads: TRUE  
[1.551s] -- Found rclcpp_action: 16.0.3 (/opt/ros/humble/share/rclcpp_action/cmake)
[1.593s] -- Found ament_lint_auto: 0.12.5 (/opt/ros/humble/share/ament_lint_auto/cmake)
[1.736s] -- Added test 'copyright' to check source files copyright and LICENSE
[1.739s] -- Added test 'cppcheck' to perform static code analysis on C / C++ code
[1.739s] -- Configured cppcheck include dirs: 
[1.739s] -- Configured cppcheck exclude dirs and/or files: 
[1.740s] -- Added test 'cpplint' to check C / C++ code against the Google style
[1.740s] -- Configured cpplint exclude dirs and/or files: 
[1.740s] -- Added test 'lint_cmake' to check CMake code style
[1.741s] -- Added test 'uncrustify' to check C / C++ code style
[1.741s] -- Configured uncrustify additional arguments: 
[1.741s] -- Added test 'xmllint' to check XML markup files
[1.743s] -- Configuring done
[1.818s] -- Generating done
[1.820s] -- Build files have been written to: /home/maker/ros2_ws/build/examples_rclcpp_minimal_action_client
[1.863s] Invoked command in '/home/maker/ros2_ws/build/examples_rclcpp_minimal_action_client' returned '0': CMAKE_PREFIX_PATH=/opt/ros/humble /usr/bin/cmake /home/maker/ros2_ws/src/examples/rclcpp/actions/minimal_action_client -DAMENT_CMAKE_SYMLINK_INSTALL=1 -DCMAKE_INSTALL_PREFIX=/home/maker/ros2_ws/install/examples_rclcpp_minimal_action_client
[1.864s] Invoking command in '/home/maker/ros2_ws/build/examples_rclcpp_minimal_action_client': CMAKE_PREFIX_PATH=/opt/ros/humble /usr/bin/cmake --build /home/maker/ros2_ws/build/examples_rclcpp_minimal_action_client -- -j8 -l8
[14.845s] [ 12%] [32mBuilding CXX object CMakeFiles/action_client_member_functions.dir/member_functions.cpp.o[0m
[14.846s] [ 25%] [32mBuilding CXX object CMakeFiles/action_client_not_composable_with_cancel.dir/not_composable_with_cancel.cpp.o[0m
[14.846s] [ 37%] [32mBuilding CXX object CMakeFiles/action_client_not_composable.dir/not_composable.cpp.o[0m
[14.846s] [ 50%] [32mBuilding CXX object CMakeFiles/action_client_not_composable_with_feedback.dir/not_composable_with_feedback.cpp.o[0m
[14.846s] [ 62%] [32m[1mLinking CXX executable action_client_not_composable_with_cancel[0m
[14.846s] [ 62%] Built target action_client_not_composable_with_cancel
[15.278s] [ 75%] [32m[1mLinking CXX executable action_client_not_composable_with_feedback[0m
[15.578s] [ 75%] Built target action_client_not_composable_with_feedback
[15.782s] [ 87%] [32m[1mLinking CXX executable action_client_not_composable[0m
[15.789s] [100%] [32m[1mLinking CXX executable action_client_member_functions[0m
[16.079s] [100%] Built target action_client_member_functions
[16.237s] [100%] Built target action_client_not_composable
[16.261s] Invoked command in '/home/maker/ros2_ws/build/examples_rclcpp_minimal_action_client' returned '0': CMAKE_PREFIX_PATH=/opt/ros/humble /usr/bin/cmake --build /home/maker/ros2_ws/build/examples_rclcpp_minimal_action_client -- -j8 -l8
[16.318s] Invoking command in '/home/maker/ros2_ws/build/examples_rclcpp_minimal_action_client': CMAKE_PREFIX_PATH=/opt/ros/humble /usr/bin/cmake --install /home/maker/ros2_ws/build/examples_rclcpp_minimal_action_client
[16.342s] -- Install configuration: ""
[16.342s] -- Execute custom install script
[16.342s] -- Symlinking: /home/maker/ros2_ws/install/examples_rclcpp_minimal_action_client/lib/examples_rclcpp_minimal_action_client/action_client_member_functions
[16.342s] -- Symlinking: /home/maker/ros2_ws/install/examples_rclcpp_minimal_action_client/lib/examples_rclcpp_minimal_action_client/action_client_not_composable
[16.344s] -- Symlinking: /home/maker/ros2_ws/install/examples_rclcpp_minimal_action_client/lib/examples_rclcpp_minimal_action_client/action_client_not_composable_with_cancel
[16.370s] -- Symlinking: /home/maker/ros2_ws/install/examples_rclcpp_minimal_action_client/lib/examples_rclcpp_minimal_action_client/action_client_not_composable_with_feedback
[16.379s] -- Symlinking: /home/maker/ros2_ws/install/examples_rclcpp_minimal_action_client/share/ament_index/resource_index/package_run_dependencies/examples_rclcpp_minimal_action_client
[16.394s] -- Symlinking: /home/maker/ros2_ws/install/examples_rclcpp_minimal_action_client/share/ament_index/resource_index/parent_prefix_path/examples_rclcpp_minimal_action_client
[16.403s] -- Symlinking: /home/maker/ros2_ws/install/examples_rclcpp_minimal_action_client/share/examples_rclcpp_minimal_action_client/environment/ament_prefix_path.sh
[16.409s] -- Symlinking: /home/maker/ros2_ws/install/examples_rclcpp_minimal_action_client/share/examples_rclcpp_minimal_action_client/environment/ament_prefix_path.dsv
[16.418s] -- Symlinking: /home/maker/ros2_ws/install/examples_rclcpp_minimal_action_client/share/examples_rclcpp_minimal_action_client/environment/path.sh
[16.427s] -- Symlinking: /home/maker/ros2_ws/install/examples_rclcpp_minimal_action_client/share/examples_rclcpp_minimal_action_client/environment/path.dsv
[16.436s] -- Symlinking: /home/maker/ros2_ws/install/examples_rclcpp_minimal_action_client/share/examples_rclcpp_minimal_action_client/local_setup.bash
[16.445s] -- Symlinking: /home/maker/ros2_ws/install/examples_rclcpp_minimal_action_client/share/examples_rclcpp_minimal_action_client/local_setup.sh
[16.454s] -- Symlinking: /home/maker/ros2_ws/install/examples_rclcpp_minimal_action_client/share/examples_rclcpp_minimal_action_client/local_setup.zsh
[16.464s] -- Symlinking: /home/maker/ros2_ws/install/examples_rclcpp_minimal_action_client/share/examples_rclcpp_minimal_action_client/local_setup.dsv
[16.495s] -- Symlinking: /home/maker/ros2_ws/install/examples_rclcpp_minimal_action_client/share/examples_rclcpp_minimal_action_client/package.dsv
[16.504s] -- Symlinking: /home/maker/ros2_ws/install/examples_rclcpp_minimal_action_client/share/ament_index/resource_index/packages/examples_rclcpp_minimal_action_client
[16.525s] -- Symlinking: /home/maker/ros2_ws/install/examples_rclcpp_minimal_action_client/share/examples_rclcpp_minimal_action_client/cmake/examples_rclcpp_minimal_action_clientConfig.cmake
[16.534s] -- Symlinking: /home/maker/ros2_ws/install/examples_rclcpp_minimal_action_client/share/examples_rclcpp_minimal_action_client/cmake/examples_rclcpp_minimal_action_clientConfig-version.cmake
[16.542s] -- Symlinking: /home/maker/ros2_ws/install/examples_rclcpp_minimal_action_client/share/examples_rclcpp_minimal_action_client/package.xml
[16.581s] Invoked command in '/home/maker/ros2_ws/build/examples_rclcpp_minimal_action_client' returned '0': CMAKE_PREFIX_PATH=/opt/ros/humble /usr/bin/cmake --install /home/maker/ros2_ws/build/examples_rclcpp_minimal_action_client
