[0.010s] Invoking command in '/home/maker/ros2_ws/build/osorinCpp': CMAKE_PREFIX_PATH=${CMAKE_PREFIX_PATH}:/home/maker/ros2_ws/install/osorin:/home/maker/ros2_ws/install/launch_testing_examples:/home/maker/ros2_ws/install/examples_rclpy_pointcloud_publisher:/home/maker/ros2_ws/install/examples_rclpy_minimal_subscriber:/home/maker/ros2_ws/install/examples_rclpy_minimal_service:/home/maker/ros2_ws/install/examples_rclpy_minimal_publisher:/home/maker/ros2_ws/install/examples_rclpy_minimal_client:/home/maker/ros2_ws/install/examples_rclpy_minimal_action_server:/home/maker/ros2_ws/install/examples_rclpy_minimal_action_client:/home/maker/ros2_ws/install/examples_rclpy_guard_conditions:/home/maker/ros2_ws/install/examples_rclpy_executors:/opt/ros/humble /usr/bin/cmake --build /home/maker/ros2_ws/build/osorinCpp -- -j8 -l8
[0.031s] [35m[1mConsolidate compiler generated dependencies of target cpp_exe[0m
[0.041s] [100%] Built target cpp_exe
[0.042s] [100%] Built target ament_cmake_python_copy_osorinCpp
[0.186s] running egg_info
[0.186s] writing osorinCpp.egg-info/PKG-INFO
[0.186s] writing dependency_links to osorinCpp.egg-info/dependency_links.txt
[0.186s] writing top-level names to osorinCpp.egg-info/top_level.txt
[0.187s] reading manifest file 'osorinCpp.egg-info/SOURCES.txt'
[0.187s] writing manifest file 'osorinCpp.egg-info/SOURCES.txt'
[0.202s] [100%] Built target ament_cmake_python_build_osorinCpp_egg
[0.209s] Invoked command in '/home/maker/ros2_ws/build/osorinCpp' returned '0': CMAKE_PREFIX_PATH=${CMAKE_PREFIX_PATH}:/home/maker/ros2_ws/install/osorin:/home/maker/ros2_ws/install/launch_testing_examples:/home/maker/ros2_ws/install/examples_rclpy_pointcloud_publisher:/home/maker/ros2_ws/install/examples_rclpy_minimal_subscriber:/home/maker/ros2_ws/install/examples_rclpy_minimal_service:/home/maker/ros2_ws/install/examples_rclpy_minimal_publisher:/home/maker/ros2_ws/install/examples_rclpy_minimal_client:/home/maker/ros2_ws/install/examples_rclpy_minimal_action_server:/home/maker/ros2_ws/install/examples_rclpy_minimal_action_client:/home/maker/ros2_ws/install/examples_rclpy_guard_conditions:/home/maker/ros2_ws/install/examples_rclpy_executors:/opt/ros/humble /usr/bin/cmake --build /home/maker/ros2_ws/build/osorinCpp -- -j8 -l8
[0.228s] Invoking command in '/home/maker/ros2_ws/build/osorinCpp': CMAKE_PREFIX_PATH=${CMAKE_PREFIX_PATH}:/home/maker/ros2_ws/install/osorin:/home/maker/ros2_ws/install/launch_testing_examples:/home/maker/ros2_ws/install/examples_rclpy_pointcloud_publisher:/home/maker/ros2_ws/install/examples_rclpy_minimal_subscriber:/home/maker/ros2_ws/install/examples_rclpy_minimal_service:/home/maker/ros2_ws/install/examples_rclpy_minimal_publisher:/home/maker/ros2_ws/install/examples_rclpy_minimal_client:/home/maker/ros2_ws/install/examples_rclpy_minimal_action_server:/home/maker/ros2_ws/install/examples_rclpy_minimal_action_client:/home/maker/ros2_ws/install/examples_rclpy_guard_conditions:/home/maker/ros2_ws/install/examples_rclpy_executors:/opt/ros/humble /usr/bin/cmake --install /home/maker/ros2_ws/build/osorinCpp
[0.233s] -- Install configuration: ""
[0.233s] -- Up-to-date: /home/maker/ros2_ws/install/osorinCpp/lib/osorinCpp/cpp_exe
[0.233s] -- Up-to-date: /home/maker/ros2_ws/install/osorinCpp/share/osorinCpp/environment/pythonpath.sh
[0.233s] -- Up-to-date: /home/maker/ros2_ws/install/osorinCpp/share/osorinCpp/environment/pythonpath.dsv
[0.233s] -- Up-to-date: /home/maker/ros2_ws/install/osorinCpp/local/lib/python3.10/dist-packages/osorinCpp-0.0.0-py3.10.egg-info
[0.234s] -- Installing: /home/maker/ros2_ws/install/osorinCpp/local/lib/python3.10/dist-packages/osorinCpp-0.0.0-py3.10.egg-info/PKG-INFO
[0.234s] -- Installing: /home/maker/ros2_ws/install/osorinCpp/local/lib/python3.10/dist-packages/osorinCpp-0.0.0-py3.10.egg-info/top_level.txt
[0.234s] -- Installing: /home/maker/ros2_ws/install/osorinCpp/local/lib/python3.10/dist-packages/osorinCpp-0.0.0-py3.10.egg-info/dependency_links.txt
[0.234s] -- Installing: /home/maker/ros2_ws/install/osorinCpp/local/lib/python3.10/dist-packages/osorinCpp-0.0.0-py3.10.egg-info/SOURCES.txt
[0.234s] -- Up-to-date: /home/maker/ros2_ws/install/osorinCpp/local/lib/python3.10/dist-packages/osorinCpp
[0.234s] -- Up-to-date: /home/maker/ros2_ws/install/osorinCpp/local/lib/python3.10/dist-packages/osorinCpp/module_to_import.py
[0.234s] -- Up-to-date: /home/maker/ros2_ws/install/osorinCpp/local/lib/python3.10/dist-packages/osorinCpp/__init__.py
[0.256s] Listing '/home/maker/ros2_ws/install/osorinCpp/local/lib/python3.10/dist-packages/osorinCpp'...
[0.258s] -- Up-to-date: /home/maker/ros2_ws/install/osorinCpp/lib/osorinCpp/py_node.py
[0.258s] -- Up-to-date: /home/maker/ros2_ws/install/osorinCpp/share/ament_index/resource_index/package_run_dependencies/osorinCpp
[0.258s] -- Up-to-date: /home/maker/ros2_ws/install/osorinCpp/share/ament_index/resource_index/parent_prefix_path/osorinCpp
[0.258s] -- Up-to-date: /home/maker/ros2_ws/install/osorinCpp/share/osorinCpp/environment/ament_prefix_path.sh
[0.258s] -- Up-to-date: /home/maker/ros2_ws/install/osorinCpp/share/osorinCpp/environment/ament_prefix_path.dsv
[0.258s] -- Up-to-date: /home/maker/ros2_ws/install/osorinCpp/share/osorinCpp/environment/path.sh
[0.258s] -- Up-to-date: /home/maker/ros2_ws/install/osorinCpp/share/osorinCpp/environment/path.dsv
[0.259s] -- Up-to-date: /home/maker/ros2_ws/install/osorinCpp/share/osorinCpp/local_setup.bash
[0.259s] -- Up-to-date: /home/maker/ros2_ws/install/osorinCpp/share/osorinCpp/local_setup.sh
[0.259s] -- Up-to-date: /home/maker/ros2_ws/install/osorinCpp/share/osorinCpp/local_setup.zsh
[0.259s] -- Up-to-date: /home/maker/ros2_ws/install/osorinCpp/share/osorinCpp/local_setup.dsv
[0.259s] -- Installing: /home/maker/ros2_ws/install/osorinCpp/share/osorinCpp/package.dsv
[0.259s] -- Up-to-date: /home/maker/ros2_ws/install/osorinCpp/share/ament_index/resource_index/packages/osorinCpp
[0.259s] -- Up-to-date: /home/maker/ros2_ws/install/osorinCpp/share/osorinCpp/cmake/osorinCppConfig.cmake
[0.259s] -- Up-to-date: /home/maker/ros2_ws/install/osorinCpp/share/osorinCpp/cmake/osorinCppConfig-version.cmake
[0.259s] -- Up-to-date: /home/maker/ros2_ws/install/osorinCpp/share/osorinCpp/package.xml
[0.260s] Invoked command in '/home/maker/ros2_ws/build/osorinCpp' returned '0': CMAKE_PREFIX_PATH=${CMAKE_PREFIX_PATH}:/home/maker/ros2_ws/install/osorin:/home/maker/ros2_ws/install/launch_testing_examples:/home/maker/ros2_ws/install/examples_rclpy_pointcloud_publisher:/home/maker/ros2_ws/install/examples_rclpy_minimal_subscriber:/home/maker/ros2_ws/install/examples_rclpy_minimal_service:/home/maker/ros2_ws/install/examples_rclpy_minimal_publisher:/home/maker/ros2_ws/install/examples_rclpy_minimal_client:/home/maker/ros2_ws/install/examples_rclpy_minimal_action_server:/home/maker/ros2_ws/install/examples_rclpy_minimal_action_client:/home/maker/ros2_ws/install/examples_rclpy_guard_conditions:/home/maker/ros2_ws/install/examples_rclpy_executors:/opt/ros/humble /usr/bin/cmake --install /home/maker/ros2_ws/build/osorinCpp
