[1.028s] Invoking command in '/home/maker/ros2_ws/build/examples_rclpy_minimal_publisher': PYTHONPATH=/home/maker/ros2_ws/build/examples_rclpy_minimal_publisher/prefix_override:/home/maker/ros2_ws/install/examples_rclpy_minimal_publisher/lib/python3.10/site-packages:${PYTHONPATH} /usr/bin/python3 setup.py develop --uninstall --editable --build-directory /home/maker/ros2_ws/build/examples_rclpy_minimal_publisher/build
[1.325s] running develop
[1.820s] Invoked command in '/home/maker/ros2_ws/build/examples_rclpy_minimal_publisher' returned '0': PYTHONPATH=/home/maker/ros2_ws/build/examples_rclpy_minimal_publisher/prefix_override:/home/maker/ros2_ws/install/examples_rclpy_minimal_publisher/lib/python3.10/site-packages:${PYTHONPATH} /usr/bin/python3 setup.py develop --uninstall --editable --build-directory /home/maker/ros2_ws/build/examples_rclpy_minimal_publisher/build
[1.821s] Invoking command in '/home/maker/ros2_ws/src/examples/rclpy/topics/minimal_publisher': PYTHONPATH=/home/maker/ros2_ws/build/examples_rclpy_minimal_publisher/prefix_override:/home/maker/ros2_ws/install/examples_rclpy_minimal_publisher/lib/python3.10/site-packages:${PYTHONPATH} /usr/bin/python3 setup.py egg_info --egg-base ../../../../../build/examples_rclpy_minimal_publisher build --build-base /home/maker/ros2_ws/build/examples_rclpy_minimal_publisher/build install --record /home/maker/ros2_ws/build/examples_rclpy_minimal_publisher/install.log --single-version-externally-managed
[2.025s] running egg_info
[2.025s] writing ../../../../../build/examples_rclpy_minimal_publisher/examples_rclpy_minimal_publisher.egg-info/PKG-INFO
[2.025s] writing dependency_links to ../../../../../build/examples_rclpy_minimal_publisher/examples_rclpy_minimal_publisher.egg-info/dependency_links.txt
[2.025s] writing entry points to ../../../../../build/examples_rclpy_minimal_publisher/examples_rclpy_minimal_publisher.egg-info/entry_points.txt
[2.026s] writing requirements to ../../../../../build/examples_rclpy_minimal_publisher/examples_rclpy_minimal_publisher.egg-info/requires.txt
[2.026s] writing top-level names to ../../../../../build/examples_rclpy_minimal_publisher/examples_rclpy_minimal_publisher.egg-info/top_level.txt
[2.028s] reading manifest file '../../../../../build/examples_rclpy_minimal_publisher/examples_rclpy_minimal_publisher.egg-info/SOURCES.txt'
[2.029s] writing manifest file '../../../../../build/examples_rclpy_minimal_publisher/examples_rclpy_minimal_publisher.egg-info/SOURCES.txt'
[2.029s] running build
[2.029s] running build_py
[2.029s] running install
[2.029s] running install_lib
[2.031s] running install_data
[2.031s] running install_egg_info
[2.034s] removing '/home/maker/ros2_ws/install/examples_rclpy_minimal_publisher/lib/python3.10/site-packages/examples_rclpy_minimal_publisher-0.15.1-py3.10.egg-info' (and everything under it)
[2.035s] Copying ../../../../../build/examples_rclpy_minimal_publisher/examples_rclpy_minimal_publisher.egg-info to /home/maker/ros2_ws/install/examples_rclpy_minimal_publisher/lib/python3.10/site-packages/examples_rclpy_minimal_publisher-0.15.1-py3.10.egg-info
[2.035s] running install_scripts
[2.056s] Installing publisher_local_function script to /home/maker/ros2_ws/install/examples_rclpy_minimal_publisher/lib/examples_rclpy_minimal_publisher
[2.056s] Installing publisher_member_function script to /home/maker/ros2_ws/install/examples_rclpy_minimal_publisher/lib/examples_rclpy_minimal_publisher
[2.056s] Installing publisher_old_school script to /home/maker/ros2_ws/install/examples_rclpy_minimal_publisher/lib/examples_rclpy_minimal_publisher
[2.056s] writing list of installed files to '/home/maker/ros2_ws/build/examples_rclpy_minimal_publisher/install.log'
[2.080s] Invoked command in '/home/maker/ros2_ws/src/examples/rclpy/topics/minimal_publisher' returned '0': PYTHONPATH=/home/maker/ros2_ws/build/examples_rclpy_minimal_publisher/prefix_override:/home/maker/ros2_ws/install/examples_rclpy_minimal_publisher/lib/python3.10/site-packages:${PYTHONPATH} /usr/bin/python3 setup.py egg_info --egg-base ../../../../../build/examples_rclpy_minimal_publisher build --build-base /home/maker/ros2_ws/build/examples_rclpy_minimal_publisher/build install --record /home/maker/ros2_ws/build/examples_rclpy_minimal_publisher/install.log --single-version-externally-managed
