[0.035s] Invoking command in '/home/maker/ros2_ws/build/examples_rclcpp_wait_set': CMAKE_PREFIX_PATH=/opt/ros/humble /usr/bin/cmake /home/maker/ros2_ws/src/examples/rclcpp/wait_set -DCMAKE_INSTALL_PREFIX=/home/maker/ros2_ws/install/examples_rclcpp_wait_set
[0.205s] -- Found ament_cmake: 1.3.3 (/opt/ros/humble/share/ament_cmake/cmake)
[0.206s] -- Override CMake install command with custom implementation using symlinks instead of copying resources
[0.206s] -- Found example_interfaces: 0.9.3 (/opt/ros/humble/share/example_interfaces/cmake)
[0.206s] -- Found rosidl_generator_c: 3.1.4 (/opt/ros/humble/share/rosidl_generator_c/cmake)
[0.206s] -- Found rosidl_adapter: 3.1.4 (/opt/ros/humble/share/rosidl_adapter/cmake)
[0.206s] -- Found rosidl_generator_cpp: 3.1.4 (/opt/ros/humble/share/rosidl_generator_cpp/cmake)
[0.207s] -- Using all available rosidl_typesupport_c: rosidl_typesupport_fastrtps_c;rosidl_typesupport_introspection_c
[0.217s] -- Using all available rosidl_typesupport_cpp: rosidl_typesupport_fastrtps_cpp;rosidl_typesupport_introspection_cpp
[0.316s] -- Found rclcpp: 16.0.3 (/opt/ros/humble/share/rclcpp/cmake)
[0.348s] -- Found rmw_implementation_cmake: 6.1.1 (/opt/ros/humble/share/rmw_implementation_cmake/cmake)
[0.349s] -- Found rmw_fastrtps_cpp: 6.2.2 (/opt/ros/humble/share/rmw_fastrtps_cpp/cmake)
[0.437s] -- Using RMW implementation 'rmw_fastrtps_cpp' as default
[0.620s] -- Found rclcpp_components: 16.0.3 (/opt/ros/humble/share/rclcpp_components/cmake)
[0.675s] -- Found ament_lint_auto: 0.12.5 (/opt/ros/humble/share/ament_lint_auto/cmake)
[0.723s] -- Added test 'copyright' to check source files copyright and LICENSE
[0.724s] -- Added test 'cppcheck' to perform static code analysis on C / C++ code
[0.725s] -- Configured cppcheck include dirs: /home/maker/ros2_ws/src/examples/rclcpp/wait_set/include
[0.725s] -- Configured cppcheck exclude dirs and/or files: 
[0.725s] -- Added test 'cpplint' to check C / C++ code against the Google style
[0.725s] -- Configured cpplint exclude dirs and/or files: 
[0.725s] -- Added test 'lint_cmake' to check CMake code style
[0.726s] -- Added test 'uncrustify' to check C / C++ code style
[0.726s] -- Configured uncrustify additional arguments: 
[0.726s] -- Added test 'xmllint' to check XML markup files
[0.727s] -- Configuring done
[0.760s] -- Generating done
[0.761s] -- Build files have been written to: /home/maker/ros2_ws/build/examples_rclcpp_wait_set
[0.805s] Invoked command in '/home/maker/ros2_ws/build/examples_rclcpp_wait_set' returned '0': CMAKE_PREFIX_PATH=/opt/ros/humble /usr/bin/cmake /home/maker/ros2_ws/src/examples/rclcpp/wait_set -DCMAKE_INSTALL_PREFIX=/home/maker/ros2_ws/install/examples_rclcpp_wait_set
[0.806s] Invoking command in '/home/maker/ros2_ws/build/examples_rclcpp_wait_set': CMAKE_PREFIX_PATH=/opt/ros/humble /usr/bin/cmake --build /home/maker/ros2_ws/build/examples_rclcpp_wait_set -- -j8 -l8
[0.863s] [35m[1mConsolidate compiler generated dependencies of target talker[0m
[0.879s] [35m[1mConsolidate compiler generated dependencies of target wait_set_listener[0m
[0.891s] [35m[1mConsolidate compiler generated dependencies of target static_wait_set[0m
[0.896s] [35m[1mConsolidate compiler generated dependencies of target listener[0m
[0.905s] [35m[1mConsolidate compiler generated dependencies of target wait_set_talker[0m
[0.906s] [  8%] Built target talker
[0.914s] [35m[1mConsolidate compiler generated dependencies of target thread_safe_wait_set[0m
[0.915s] [35m[1mConsolidate compiler generated dependencies of target wait_set[0m
[0.916s] [ 16%] Built target wait_set_listener
[0.922s] [ 25%] Built target static_wait_set
[0.932s] [ 33%] Built target listener
[0.933s] [35m[1mConsolidate compiler generated dependencies of target wait_set_topics_and_timer[0m
[0.944s] [ 41%] Built target wait_set_talker
[0.947s] [ 50%] Built target wait_set
[0.954s] [ 58%] Built target thread_safe_wait_set
[0.963s] [35m[1mConsolidate compiler generated dependencies of target wait_set_composed[0m
[0.963s] [35m[1mConsolidate compiler generated dependencies of target wait_set_random_order[0m
[0.964s] [35m[1mConsolidate compiler generated dependencies of target executor_random_order[0m
[0.967s] [ 66%] Built target wait_set_topics_and_timer
[0.981s] [35m[1mConsolidate compiler generated dependencies of target wait_set_topics_with_different_rates[0m
[0.981s] [ 75%] Built target wait_set_composed
[0.982s] [ 83%] Built target wait_set_random_order
[0.989s] [ 91%] Built target executor_random_order
[0.993s] [100%] Built target wait_set_topics_with_different_rates
[1.002s] Invoked command in '/home/maker/ros2_ws/build/examples_rclcpp_wait_set' returned '0': CMAKE_PREFIX_PATH=/opt/ros/humble /usr/bin/cmake --build /home/maker/ros2_ws/build/examples_rclcpp_wait_set -- -j8 -l8
[1.054s] Invoking command in '/home/maker/ros2_ws/build/examples_rclcpp_wait_set': CMAKE_PREFIX_PATH=/opt/ros/humble /usr/bin/cmake --install /home/maker/ros2_ws/build/examples_rclcpp_wait_set
[1.218s] -- Install configuration: ""
[1.218s] -- Execute custom install script
[1.218s] -- Up-to-date symlink: /home/maker/ros2_ws/install/examples_rclcpp_wait_set/lib/examples_rclcpp_wait_set/wait_set_talker
[1.218s] -- Up-to-date symlink: /home/maker/ros2_ws/install/examples_rclcpp_wait_set/lib/examples_rclcpp_wait_set/wait_set_listener
[1.218s] -- Up-to-date symlink: /home/maker/ros2_ws/install/examples_rclcpp_wait_set/lib/libtalker.so
[1.218s] -- Up-to-date symlink: /home/maker/ros2_ws/install/examples_rclcpp_wait_set/lib/liblistener.so
[1.218s] -- Up-to-date symlink: /home/maker/ros2_ws/install/examples_rclcpp_wait_set/lib/examples_rclcpp_wait_set/wait_set
[1.218s] -- Up-to-date symlink: /home/maker/ros2_ws/install/examples_rclcpp_wait_set/lib/examples_rclcpp_wait_set/static_wait_set
[1.218s] -- Up-to-date symlink: /home/maker/ros2_ws/install/examples_rclcpp_wait_set/lib/examples_rclcpp_wait_set/thread_safe_wait_set
[1.218s] -- Up-to-date symlink: /home/maker/ros2_ws/install/examples_rclcpp_wait_set/lib/examples_rclcpp_wait_set/wait_set_topics_and_timer
[1.218s] -- Up-to-date symlink: /home/maker/ros2_ws/install/examples_rclcpp_wait_set/lib/examples_rclcpp_wait_set/wait_set_random_order
[1.219s] -- Up-to-date symlink: /home/maker/ros2_ws/install/examples_rclcpp_wait_set/lib/examples_rclcpp_wait_set/executor_random_order
[1.219s] -- Up-to-date symlink: /home/maker/ros2_ws/install/examples_rclcpp_wait_set/lib/examples_rclcpp_wait_set/wait_set_topics_with_different_rates
[1.219s] -- Up-to-date symlink: /home/maker/ros2_ws/install/examples_rclcpp_wait_set/lib/examples_rclcpp_wait_set/wait_set_composed
[1.219s] -- Up-to-date symlink: /home/maker/ros2_ws/install/examples_rclcpp_wait_set/share/ament_index/resource_index/package_run_dependencies/examples_rclcpp_wait_set
[1.219s] -- Up-to-date symlink: /home/maker/ros2_ws/install/examples_rclcpp_wait_set/share/ament_index/resource_index/parent_prefix_path/examples_rclcpp_wait_set
[1.219s] -- Up-to-date symlink: /home/maker/ros2_ws/install/examples_rclcpp_wait_set/share/examples_rclcpp_wait_set/environment/ament_prefix_path.sh
[1.219s] -- Up-to-date symlink: /home/maker/ros2_ws/install/examples_rclcpp_wait_set/share/examples_rclcpp_wait_set/environment/ament_prefix_path.dsv
[1.219s] -- Up-to-date symlink: /home/maker/ros2_ws/install/examples_rclcpp_wait_set/share/examples_rclcpp_wait_set/environment/path.sh
[1.219s] -- Up-to-date symlink: /home/maker/ros2_ws/install/examples_rclcpp_wait_set/share/examples_rclcpp_wait_set/environment/path.dsv
[1.219s] -- Up-to-date symlink: /home/maker/ros2_ws/install/examples_rclcpp_wait_set/share/examples_rclcpp_wait_set/local_setup.bash
[1.219s] -- Up-to-date symlink: /home/maker/ros2_ws/install/examples_rclcpp_wait_set/share/examples_rclcpp_wait_set/local_setup.sh
[1.219s] -- Up-to-date symlink: /home/maker/ros2_ws/install/examples_rclcpp_wait_set/share/examples_rclcpp_wait_set/local_setup.zsh
[1.219s] -- Up-to-date symlink: /home/maker/ros2_ws/install/examples_rclcpp_wait_set/share/examples_rclcpp_wait_set/local_setup.dsv
[1.219s] -- Symlinking: /home/maker/ros2_ws/install/examples_rclcpp_wait_set/share/examples_rclcpp_wait_set/package.dsv
[1.219s] -- Up-to-date symlink: /home/maker/ros2_ws/install/examples_rclcpp_wait_set/share/ament_index/resource_index/packages/examples_rclcpp_wait_set
[1.219s] -- Up-to-date symlink: /home/maker/ros2_ws/install/examples_rclcpp_wait_set/share/ament_index/resource_index/rclcpp_components/examples_rclcpp_wait_set
[1.219s] -- Up-to-date symlink: /home/maker/ros2_ws/install/examples_rclcpp_wait_set/share/examples_rclcpp_wait_set/cmake/examples_rclcpp_wait_setConfig.cmake
[1.219s] -- Up-to-date symlink: /home/maker/ros2_ws/install/examples_rclcpp_wait_set/share/examples_rclcpp_wait_set/cmake/examples_rclcpp_wait_setConfig-version.cmake
[1.219s] -- Up-to-date symlink: /home/maker/ros2_ws/install/examples_rclcpp_wait_set/share/examples_rclcpp_wait_set/package.xml
[1.229s] Invoked command in '/home/maker/ros2_ws/build/examples_rclcpp_wait_set' returned '0': CMAKE_PREFIX_PATH=/opt/ros/humble /usr/bin/cmake --install /home/maker/ros2_ws/build/examples_rclcpp_wait_set
