[1.302s] Invoking command in '/home/maker/ros2_ws/build/examples_rclpy_guard_conditions': PYTHONPATH=/home/maker/ros2_ws/build/examples_rclpy_guard_conditions/prefix_override:/home/maker/ros2_ws/install/examples_rclpy_guard_conditions/lib/python3.10/site-packages:${PYTHONPATH} /usr/bin/python3 setup.py develop --uninstall --editable --build-directory /home/maker/ros2_ws/build/examples_rclpy_guard_conditions/build
[1.476s] running develop
[1.622s] Invoked command in '/home/maker/ros2_ws/build/examples_rclpy_guard_conditions' returned '0': PYTHONPATH=/home/maker/ros2_ws/build/examples_rclpy_guard_conditions/prefix_override:/home/maker/ros2_ws/install/examples_rclpy_guard_conditions/lib/python3.10/site-packages:${PYTHONPATH} /usr/bin/python3 setup.py develop --uninstall --editable --build-directory /home/maker/ros2_ws/build/examples_rclpy_guard_conditions/build
[1.623s] Invoking command in '/home/maker/ros2_ws/src/examples/rclpy/guard_conditions': PYTHONPATH=/home/maker/ros2_ws/build/examples_rclpy_guard_conditions/prefix_override:/home/maker/ros2_ws/install/examples_rclpy_guard_conditions/lib/python3.10/site-packages:${PYTHONPATH} /usr/bin/python3 setup.py egg_info --egg-base ../../../../build/examples_rclpy_guard_conditions build --build-base /home/maker/ros2_ws/build/examples_rclpy_guard_conditions/build install --record /home/maker/ros2_ws/build/examples_rclpy_guard_conditions/install.log --single-version-externally-managed
[1.866s] running egg_info
[1.866s] writing ../../../../build/examples_rclpy_guard_conditions/examples_rclpy_guard_conditions.egg-info/PKG-INFO
[1.866s] writing dependency_links to ../../../../build/examples_rclpy_guard_conditions/examples_rclpy_guard_conditions.egg-info/dependency_links.txt
[1.866s] writing entry points to ../../../../build/examples_rclpy_guard_conditions/examples_rclpy_guard_conditions.egg-info/entry_points.txt
[1.866s] writing requirements to ../../../../build/examples_rclpy_guard_conditions/examples_rclpy_guard_conditions.egg-info/requires.txt
[1.866s] writing top-level names to ../../../../build/examples_rclpy_guard_conditions/examples_rclpy_guard_conditions.egg-info/top_level.txt
[1.866s] reading manifest file '../../../../build/examples_rclpy_guard_conditions/examples_rclpy_guard_conditions.egg-info/SOURCES.txt'
[1.866s] writing manifest file '../../../../build/examples_rclpy_guard_conditions/examples_rclpy_guard_conditions.egg-info/SOURCES.txt'
[1.866s] running build
[1.866s] running build_py
[1.866s] running install
[1.866s] running install_lib
[1.866s] running install_data
[1.867s] running install_egg_info
[1.867s] removing '/home/maker/ros2_ws/install/examples_rclpy_guard_conditions/lib/python3.10/site-packages/examples_rclpy_guard_conditions-0.15.1-py3.10.egg-info' (and everything under it)
[1.867s] Copying ../../../../build/examples_rclpy_guard_conditions/examples_rclpy_guard_conditions.egg-info to /home/maker/ros2_ws/install/examples_rclpy_guard_conditions/lib/python3.10/site-packages/examples_rclpy_guard_conditions-0.15.1-py3.10.egg-info
[1.867s] running install_scripts
[1.867s] Installing trigger_guard_condition script to /home/maker/ros2_ws/install/examples_rclpy_guard_conditions/lib/examples_rclpy_guard_conditions
[1.867s] writing list of installed files to '/home/maker/ros2_ws/build/examples_rclpy_guard_conditions/install.log'
[1.874s] Invoked command in '/home/maker/ros2_ws/src/examples/rclpy/guard_conditions' returned '0': PYTHONPATH=/home/maker/ros2_ws/build/examples_rclpy_guard_conditions/prefix_override:/home/maker/ros2_ws/install/examples_rclpy_guard_conditions/lib/python3.10/site-packages:${PYTHONPATH} /usr/bin/python3 setup.py egg_info --egg-base ../../../../build/examples_rclpy_guard_conditions build --build-base /home/maker/ros2_ws/build/examples_rclpy_guard_conditions/build install --record /home/maker/ros2_ws/build/examples_rclpy_guard_conditions/install.log --single-version-externally-managed
