[0.746s] Invoking command in '/home/maker/ros2_ws/build/examples_rclpy_minimal_service': PYTHONPATH=/home/maker/ros2_ws/build/examples_rclpy_minimal_service/prefix_override:/home/maker/ros2_ws/install/examples_rclpy_minimal_service/lib/python3.10/site-packages:${PYTHONPATH} /usr/bin/python3 setup.py develop --uninstall --editable --build-directory /home/maker/ros2_ws/build/examples_rclpy_minimal_service/build
[0.897s] running develop
[0.897s] /usr/lib/python3/dist-packages/setuptools/command/easy_install.py:158: EasyInstallDeprecationWarning: easy_install command is deprecated. Use build and pip and other standards-based tools.
[0.897s]   warnings.warn(
[0.898s] /usr/lib/python3/dist-packages/setuptools/command/install.py:34: SetuptoolsDeprecationWarning: setup.py install is deprecated. Use build and pip and other standards-based tools.
[0.898s]   warnings.warn(
[0.932s] /usr/lib/python3/dist-packages/pkg_resources/__init__.py:116: PkgResourcesDeprecationWarning: 0.1.43ubuntu1 is an invalid version and will not be supported in a future release
[0.932s]   warnings.warn(
[0.933s] /usr/lib/python3/dist-packages/pkg_resources/__init__.py:116: PkgResourcesDeprecationWarning: 1.1build1 is an invalid version and will not be supported in a future release
[0.933s]   warnings.warn(
[0.997s] Removing /home/maker/ros2_ws/install/examples_rclpy_minimal_service/lib/python3.10/site-packages/examples-rclpy-minimal-service.egg-link (link to .)
[1.025s] Invoked command in '/home/maker/ros2_ws/build/examples_rclpy_minimal_service' returned '0': PYTHONPATH=/home/maker/ros2_ws/build/examples_rclpy_minimal_service/prefix_override:/home/maker/ros2_ws/install/examples_rclpy_minimal_service/lib/python3.10/site-packages:${PYTHONPATH} /usr/bin/python3 setup.py develop --uninstall --editable --build-directory /home/maker/ros2_ws/build/examples_rclpy_minimal_service/build
[1.026s] Invoking command in '/home/maker/ros2_ws/src/examples/rclpy/services/minimal_service': PYTHONPATH=/home/maker/ros2_ws/build/examples_rclpy_minimal_service/prefix_override:/home/maker/ros2_ws/install/examples_rclpy_minimal_service/lib/python3.10/site-packages:${PYTHONPATH} /usr/bin/python3 setup.py egg_info --egg-base ../../../../../build/examples_rclpy_minimal_service build --build-base /home/maker/ros2_ws/build/examples_rclpy_minimal_service/build install --record /home/maker/ros2_ws/build/examples_rclpy_minimal_service/install.log --single-version-externally-managed
[1.259s] running egg_info
[1.259s] writing ../../../../../build/examples_rclpy_minimal_service/examples_rclpy_minimal_service.egg-info/PKG-INFO
[1.259s] writing dependency_links to ../../../../../build/examples_rclpy_minimal_service/examples_rclpy_minimal_service.egg-info/dependency_links.txt
[1.259s] writing entry points to ../../../../../build/examples_rclpy_minimal_service/examples_rclpy_minimal_service.egg-info/entry_points.txt
[1.259s] writing requirements to ../../../../../build/examples_rclpy_minimal_service/examples_rclpy_minimal_service.egg-info/requires.txt
[1.259s] writing top-level names to ../../../../../build/examples_rclpy_minimal_service/examples_rclpy_minimal_service.egg-info/top_level.txt
[1.261s] reading manifest file '../../../../../build/examples_rclpy_minimal_service/examples_rclpy_minimal_service.egg-info/SOURCES.txt'
[1.262s] writing manifest file '../../../../../build/examples_rclpy_minimal_service/examples_rclpy_minimal_service.egg-info/SOURCES.txt'
[1.262s] running build
[1.262s] running build_py
[1.262s] creating /home/maker/ros2_ws/build/examples_rclpy_minimal_service/build
[1.262s] creating /home/maker/ros2_ws/build/examples_rclpy_minimal_service/build/lib
[1.262s] creating /home/maker/ros2_ws/build/examples_rclpy_minimal_service/build/lib/examples_rclpy_minimal_service
[1.262s] copying examples_rclpy_minimal_service/service.py -> /home/maker/ros2_ws/build/examples_rclpy_minimal_service/build/lib/examples_rclpy_minimal_service
[1.262s] copying examples_rclpy_minimal_service/service_member_function.py -> /home/maker/ros2_ws/build/examples_rclpy_minimal_service/build/lib/examples_rclpy_minimal_service
[1.262s] copying examples_rclpy_minimal_service/__init__.py -> /home/maker/ros2_ws/build/examples_rclpy_minimal_service/build/lib/examples_rclpy_minimal_service
[1.262s] running install
[1.263s] /usr/lib/python3/dist-packages/setuptools/command/install.py:34: SetuptoolsDeprecationWarning: setup.py install is deprecated. Use build and pip and other standards-based tools.
[1.263s]   warnings.warn(
[1.263s] running install_lib
[1.263s] creating /home/maker/ros2_ws/install/examples_rclpy_minimal_service/lib/python3.10/site-packages/examples_rclpy_minimal_service
[1.263s] copying /home/maker/ros2_ws/build/examples_rclpy_minimal_service/build/lib/examples_rclpy_minimal_service/service.py -> /home/maker/ros2_ws/install/examples_rclpy_minimal_service/lib/python3.10/site-packages/examples_rclpy_minimal_service
[1.263s] copying /home/maker/ros2_ws/build/examples_rclpy_minimal_service/build/lib/examples_rclpy_minimal_service/service_member_function.py -> /home/maker/ros2_ws/install/examples_rclpy_minimal_service/lib/python3.10/site-packages/examples_rclpy_minimal_service
[1.263s] copying /home/maker/ros2_ws/build/examples_rclpy_minimal_service/build/lib/examples_rclpy_minimal_service/__init__.py -> /home/maker/ros2_ws/install/examples_rclpy_minimal_service/lib/python3.10/site-packages/examples_rclpy_minimal_service
[1.264s] byte-compiling /home/maker/ros2_ws/install/examples_rclpy_minimal_service/lib/python3.10/site-packages/examples_rclpy_minimal_service/service.py to service.cpython-310.pyc
[1.264s] byte-compiling /home/maker/ros2_ws/install/examples_rclpy_minimal_service/lib/python3.10/site-packages/examples_rclpy_minimal_service/service_member_function.py to service_member_function.cpython-310.pyc
[1.264s] byte-compiling /home/maker/ros2_ws/install/examples_rclpy_minimal_service/lib/python3.10/site-packages/examples_rclpy_minimal_service/__init__.py to __init__.cpython-310.pyc
[1.264s] running install_data
[1.265s] running install_egg_info
[1.266s] Copying ../../../../../build/examples_rclpy_minimal_service/examples_rclpy_minimal_service.egg-info to /home/maker/ros2_ws/install/examples_rclpy_minimal_service/lib/python3.10/site-packages/examples_rclpy_minimal_service-0.15.1-py3.10.egg-info
[1.267s] running install_scripts
[1.281s] Installing service script to /home/maker/ros2_ws/install/examples_rclpy_minimal_service/lib/examples_rclpy_minimal_service
[1.281s] Installing service_member_function script to /home/maker/ros2_ws/install/examples_rclpy_minimal_service/lib/examples_rclpy_minimal_service
[1.281s] writing list of installed files to '/home/maker/ros2_ws/build/examples_rclpy_minimal_service/install.log'
[1.303s] Invoked command in '/home/maker/ros2_ws/src/examples/rclpy/services/minimal_service' returned '0': PYTHONPATH=/home/maker/ros2_ws/build/examples_rclpy_minimal_service/prefix_override:/home/maker/ros2_ws/install/examples_rclpy_minimal_service/lib/python3.10/site-packages:${PYTHONPATH} /usr/bin/python3 setup.py egg_info --egg-base ../../../../../build/examples_rclpy_minimal_service build --build-base /home/maker/ros2_ws/build/examples_rclpy_minimal_service/build install --record /home/maker/ros2_ws/build/examples_rclpy_minimal_service/install.log --single-version-externally-managed
