[0.030s] Invoking command in '/home/maker/ros2_ws/build/examples_rclcpp_async_client': CMAKE_PREFIX_PATH=/opt/ros/humble /usr/bin/cmake /home/maker/ros2_ws/src/examples/rclcpp/services/async_client -DCMAKE_INSTALL_PREFIX=/home/maker/ros2_ws/install/examples_rclcpp_async_client
[0.063s] -- Found ament_cmake: 1.3.3 (/opt/ros/humble/share/ament_cmake/cmake)
[0.231s] -- Override CMake install command with custom implementation using symlinks instead of copying resources
[0.247s] -- Found example_interfaces: 0.9.3 (/opt/ros/humble/share/example_interfaces/cmake)
[0.282s] -- Found rosidl_generator_c: 3.1.4 (/opt/ros/humble/share/rosidl_generator_c/cmake)
[0.286s] -- Found rosidl_adapter: 3.1.4 (/opt/ros/humble/share/rosidl_adapter/cmake)
[0.295s] -- Found rosidl_generator_cpp: 3.1.4 (/opt/ros/humble/share/rosidl_generator_cpp/cmake)
[0.312s] -- Using all available rosidl_typesupport_c: rosidl_typesupport_fastrtps_c;rosidl_typesupport_introspection_c
[0.334s] -- Using all available rosidl_typesupport_cpp: rosidl_typesupport_fastrtps_cpp;rosidl_typesupport_introspection_cpp
[0.513s] -- Found rclcpp: 16.0.3 (/opt/ros/humble/share/rclcpp/cmake)
[0.570s] -- Found rmw_implementation_cmake: 6.1.1 (/opt/ros/humble/share/rmw_implementation_cmake/cmake)
[0.571s] -- Found rmw_fastrtps_cpp: 6.2.2 (/opt/ros/humble/share/rmw_fastrtps_cpp/cmake)
[0.688s] -- Using RMW implementation 'rmw_fastrtps_cpp' as default
[0.869s] -- Found ament_lint_auto: 0.12.5 (/opt/ros/humble/share/ament_lint_auto/cmake)
[0.943s] -- Added test 'copyright' to check source files copyright and LICENSE
[0.944s] -- Added test 'cppcheck' to perform static code analysis on C / C++ code
[0.944s] -- Configured cppcheck include dirs: 
[0.944s] -- Configured cppcheck exclude dirs and/or files: 
[0.944s] -- Added test 'cpplint' to check C / C++ code against the Google style
[0.944s] -- Configured cpplint exclude dirs and/or files: 
[0.945s] -- Added test 'lint_cmake' to check CMake code style
[0.945s] -- Added test 'uncrustify' to check C / C++ code style
[0.945s] -- Configured uncrustify additional arguments: 
[0.945s] -- Added test 'xmllint' to check XML markup files
[0.947s] -- Configuring done
[0.960s] -- Generating done
[0.962s] -- Build files have been written to: /home/maker/ros2_ws/build/examples_rclcpp_async_client
[0.975s] Invoked command in '/home/maker/ros2_ws/build/examples_rclcpp_async_client' returned '0': CMAKE_PREFIX_PATH=/opt/ros/humble /usr/bin/cmake /home/maker/ros2_ws/src/examples/rclcpp/services/async_client -DCMAKE_INSTALL_PREFIX=/home/maker/ros2_ws/install/examples_rclcpp_async_client
[0.976s] Invoking command in '/home/maker/ros2_ws/build/examples_rclcpp_async_client': CMAKE_PREFIX_PATH=/opt/ros/humble /usr/bin/cmake --build /home/maker/ros2_ws/build/examples_rclcpp_async_client -- -j8 -l8
[1.008s] [35m[1mConsolidate compiler generated dependencies of target client_main[0m
[1.022s] [100%] Built target client_main
[1.036s] Invoked command in '/home/maker/ros2_ws/build/examples_rclcpp_async_client' returned '0': CMAKE_PREFIX_PATH=/opt/ros/humble /usr/bin/cmake --build /home/maker/ros2_ws/build/examples_rclcpp_async_client -- -j8 -l8
[1.079s] Invoking command in '/home/maker/ros2_ws/build/examples_rclcpp_async_client': CMAKE_PREFIX_PATH=/opt/ros/humble /usr/bin/cmake --install /home/maker/ros2_ws/build/examples_rclcpp_async_client
[1.093s] -- Install configuration: ""
[1.093s] -- Execute custom install script
[1.093s] -- Up-to-date symlink: /home/maker/ros2_ws/install/examples_rclcpp_async_client/lib/examples_rclcpp_async_client/client_main
[1.093s] -- Up-to-date symlink: /home/maker/ros2_ws/install/examples_rclcpp_async_client/share/ament_index/resource_index/package_run_dependencies/examples_rclcpp_async_client
[1.093s] -- Up-to-date symlink: /home/maker/ros2_ws/install/examples_rclcpp_async_client/share/ament_index/resource_index/parent_prefix_path/examples_rclcpp_async_client
[1.093s] -- Up-to-date symlink: /home/maker/ros2_ws/install/examples_rclcpp_async_client/share/examples_rclcpp_async_client/environment/ament_prefix_path.sh
[1.094s] -- Up-to-date symlink: /home/maker/ros2_ws/install/examples_rclcpp_async_client/share/examples_rclcpp_async_client/environment/ament_prefix_path.dsv
[1.094s] -- Up-to-date symlink: /home/maker/ros2_ws/install/examples_rclcpp_async_client/share/examples_rclcpp_async_client/environment/path.sh
[1.094s] -- Up-to-date symlink: /home/maker/ros2_ws/install/examples_rclcpp_async_client/share/examples_rclcpp_async_client/environment/path.dsv
[1.094s] -- Up-to-date symlink: /home/maker/ros2_ws/install/examples_rclcpp_async_client/share/examples_rclcpp_async_client/local_setup.bash
[1.094s] -- Up-to-date symlink: /home/maker/ros2_ws/install/examples_rclcpp_async_client/share/examples_rclcpp_async_client/local_setup.sh
[1.094s] -- Up-to-date symlink: /home/maker/ros2_ws/install/examples_rclcpp_async_client/share/examples_rclcpp_async_client/local_setup.zsh
[1.094s] -- Up-to-date symlink: /home/maker/ros2_ws/install/examples_rclcpp_async_client/share/examples_rclcpp_async_client/local_setup.dsv
[1.094s] -- Symlinking: /home/maker/ros2_ws/install/examples_rclcpp_async_client/share/examples_rclcpp_async_client/package.dsv
[1.097s] -- Up-to-date symlink: /home/maker/ros2_ws/install/examples_rclcpp_async_client/share/ament_index/resource_index/packages/examples_rclcpp_async_client
[1.098s] -- Up-to-date symlink: /home/maker/ros2_ws/install/examples_rclcpp_async_client/share/examples_rclcpp_async_client/cmake/examples_rclcpp_async_clientConfig.cmake
[1.098s] -- Up-to-date symlink: /home/maker/ros2_ws/install/examples_rclcpp_async_client/share/examples_rclcpp_async_client/cmake/examples_rclcpp_async_clientConfig-version.cmake
[1.099s] -- Up-to-date symlink: /home/maker/ros2_ws/install/examples_rclcpp_async_client/share/examples_rclcpp_async_client/package.xml
[1.106s] Invoked command in '/home/maker/ros2_ws/build/examples_rclcpp_async_client' returned '0': CMAKE_PREFIX_PATH=/opt/ros/humble /usr/bin/cmake --install /home/maker/ros2_ws/build/examples_rclcpp_async_client
