[0.854s] Invoking command in '/home/maker/ros2_ws/build/examples_rclpy_minimal_service': PYTHONPATH=/home/maker/ros2_ws/build/examples_rclpy_minimal_service/prefix_override:/home/maker/ros2_ws/install/examples_rclpy_minimal_service/lib/python3.10/site-packages:${PYTHONPATH} /usr/bin/python3 setup.py develop --uninstall --editable --build-directory /home/maker/ros2_ws/build/examples_rclpy_minimal_service/build
[1.136s] running develop
[1.136s] /usr/lib/python3/dist-packages/setuptools/command/easy_install.py:158: EasyInstallDeprecationWarning: easy_install command is deprecated. Use build and pip and other standards-based tools.
[1.136s]   warnings.warn(
[1.138s] /usr/lib/python3/dist-packages/setuptools/command/install.py:34: SetuptoolsDeprecationWarning: setup.py install is deprecated. Use build and pip and other standards-based tools.
[1.138s]   warnings.warn(
[1.195s] /usr/lib/python3/dist-packages/pkg_resources/__init__.py:116: PkgResourcesDeprecationWarning: 0.1.43ubuntu1 is an invalid version and will not be supported in a future release
[1.195s]   warnings.warn(
[1.195s] /usr/lib/python3/dist-packages/pkg_resources/__init__.py:116: PkgResourcesDeprecationWarning: 1.1build1 is an invalid version and will not be supported in a future release
[1.195s]   warnings.warn(
[1.497s] Invoked command in '/home/maker/ros2_ws/build/examples_rclpy_minimal_service' returned '0': PYTHONPATH=/home/maker/ros2_ws/build/examples_rclpy_minimal_service/prefix_override:/home/maker/ros2_ws/install/examples_rclpy_minimal_service/lib/python3.10/site-packages:${PYTHONPATH} /usr/bin/python3 setup.py develop --uninstall --editable --build-directory /home/maker/ros2_ws/build/examples_rclpy_minimal_service/build
[1.500s] Invoking command in '/home/maker/ros2_ws/src/examples/rclpy/services/minimal_service': PYTHONPATH=/home/maker/ros2_ws/build/examples_rclpy_minimal_service/prefix_override:/home/maker/ros2_ws/install/examples_rclpy_minimal_service/lib/python3.10/site-packages:${PYTHONPATH} /usr/bin/python3 setup.py egg_info --egg-base ../../../../../build/examples_rclpy_minimal_service build --build-base /home/maker/ros2_ws/build/examples_rclpy_minimal_service/build install --record /home/maker/ros2_ws/build/examples_rclpy_minimal_service/install.log --single-version-externally-managed
[1.644s] running egg_info
[1.645s] writing ../../../../../build/examples_rclpy_minimal_service/examples_rclpy_minimal_service.egg-info/PKG-INFO
[1.645s] writing dependency_links to ../../../../../build/examples_rclpy_minimal_service/examples_rclpy_minimal_service.egg-info/dependency_links.txt
[1.645s] writing entry points to ../../../../../build/examples_rclpy_minimal_service/examples_rclpy_minimal_service.egg-info/entry_points.txt
[1.645s] writing requirements to ../../../../../build/examples_rclpy_minimal_service/examples_rclpy_minimal_service.egg-info/requires.txt
[1.645s] writing top-level names to ../../../../../build/examples_rclpy_minimal_service/examples_rclpy_minimal_service.egg-info/top_level.txt
[1.646s] reading manifest file '../../../../../build/examples_rclpy_minimal_service/examples_rclpy_minimal_service.egg-info/SOURCES.txt'
[1.647s] writing manifest file '../../../../../build/examples_rclpy_minimal_service/examples_rclpy_minimal_service.egg-info/SOURCES.txt'
[1.647s] running build
[1.648s] running build_py
[1.648s] running install
[1.648s] /usr/lib/python3/dist-packages/setuptools/command/install.py:34: SetuptoolsDeprecationWarning: setup.py install is deprecated. Use build and pip and other standards-based tools.
[1.648s]   warnings.warn(
[1.648s] running install_lib
[1.649s] running install_data
[1.649s] running install_egg_info
[1.650s] removing '/home/maker/ros2_ws/install/examples_rclpy_minimal_service/lib/python3.10/site-packages/examples_rclpy_minimal_service-0.15.1-py3.10.egg-info' (and everything under it)
[1.651s] Copying ../../../../../build/examples_rclpy_minimal_service/examples_rclpy_minimal_service.egg-info to /home/maker/ros2_ws/install/examples_rclpy_minimal_service/lib/python3.10/site-packages/examples_rclpy_minimal_service-0.15.1-py3.10.egg-info
[1.651s] running install_scripts
[1.667s] Installing service script to /home/maker/ros2_ws/install/examples_rclpy_minimal_service/lib/examples_rclpy_minimal_service
[1.667s] Installing service_member_function script to /home/maker/ros2_ws/install/examples_rclpy_minimal_service/lib/examples_rclpy_minimal_service
[1.667s] writing list of installed files to '/home/maker/ros2_ws/build/examples_rclpy_minimal_service/install.log'
[1.885s] Invoked command in '/home/maker/ros2_ws/src/examples/rclpy/services/minimal_service' returned '0': PYTHONPATH=/home/maker/ros2_ws/build/examples_rclpy_minimal_service/prefix_override:/home/maker/ros2_ws/install/examples_rclpy_minimal_service/lib/python3.10/site-packages:${PYTHONPATH} /usr/bin/python3 setup.py egg_info --egg-base ../../../../../build/examples_rclpy_minimal_service build --build-base /home/maker/ros2_ws/build/examples_rclpy_minimal_service/build install --record /home/maker/ros2_ws/build/examples_rclpy_minimal_service/install.log --single-version-externally-managed
