[0.876s] Invoking command in '/home/maker/ros2_ws/build/examples_rclpy_minimal_client': PYTHONPATH=/home/maker/ros2_ws/build/examples_rclpy_minimal_client/prefix_override:/home/maker/ros2_ws/install/examples_rclpy_minimal_client/lib/python3.10/site-packages:${PYTHONPATH} /usr/bin/python3 setup.py develop --uninstall --editable --build-directory /home/maker/ros2_ws/build/examples_rclpy_minimal_client/build
[1.154s] running develop
[1.155s] /usr/lib/python3/dist-packages/setuptools/command/easy_install.py:158: EasyInstallDeprecationWarning: easy_install command is deprecated. Use build and pip and other standards-based tools.
[1.155s]   warnings.warn(
[1.156s] /usr/lib/python3/dist-packages/setuptools/command/install.py:34: SetuptoolsDeprecationWarning: setup.py install is deprecated. Use build and pip and other standards-based tools.
[1.156s]   warnings.warn(
[1.213s] /usr/lib/python3/dist-packages/pkg_resources/__init__.py:116: PkgResourcesDeprecationWarning: 0.1.43ubuntu1 is an invalid version and will not be supported in a future release
[1.214s]   warnings.warn(
[1.214s] /usr/lib/python3/dist-packages/pkg_resources/__init__.py:116: PkgResourcesDeprecationWarning: 1.1build1 is an invalid version and will not be supported in a future release
[1.214s]   warnings.warn(
[1.531s] Invoked command in '/home/maker/ros2_ws/build/examples_rclpy_minimal_client' returned '0': PYTHONPATH=/home/maker/ros2_ws/build/examples_rclpy_minimal_client/prefix_override:/home/maker/ros2_ws/install/examples_rclpy_minimal_client/lib/python3.10/site-packages:${PYTHONPATH} /usr/bin/python3 setup.py develop --uninstall --editable --build-directory /home/maker/ros2_ws/build/examples_rclpy_minimal_client/build
[1.533s] Invoking command in '/home/maker/ros2_ws/src/examples/rclpy/services/minimal_client': PYTHONPATH=/home/maker/ros2_ws/build/examples_rclpy_minimal_client/prefix_override:/home/maker/ros2_ws/install/examples_rclpy_minimal_client/lib/python3.10/site-packages:${PYTHONPATH} /usr/bin/python3 setup.py egg_info --egg-base ../../../../../build/examples_rclpy_minimal_client build --build-base /home/maker/ros2_ws/build/examples_rclpy_minimal_client/build install --record /home/maker/ros2_ws/build/examples_rclpy_minimal_client/install.log --single-version-externally-managed
[1.678s] running egg_info
[1.679s] writing ../../../../../build/examples_rclpy_minimal_client/examples_rclpy_minimal_client.egg-info/PKG-INFO
[1.679s] writing dependency_links to ../../../../../build/examples_rclpy_minimal_client/examples_rclpy_minimal_client.egg-info/dependency_links.txt
[1.679s] writing entry points to ../../../../../build/examples_rclpy_minimal_client/examples_rclpy_minimal_client.egg-info/entry_points.txt
[1.679s] writing requirements to ../../../../../build/examples_rclpy_minimal_client/examples_rclpy_minimal_client.egg-info/requires.txt
[1.679s] writing top-level names to ../../../../../build/examples_rclpy_minimal_client/examples_rclpy_minimal_client.egg-info/top_level.txt
[1.680s] reading manifest file '../../../../../build/examples_rclpy_minimal_client/examples_rclpy_minimal_client.egg-info/SOURCES.txt'
[1.681s] writing manifest file '../../../../../build/examples_rclpy_minimal_client/examples_rclpy_minimal_client.egg-info/SOURCES.txt'
[1.681s] running build
[1.681s] running build_py
[1.681s] running install
[1.681s] /usr/lib/python3/dist-packages/setuptools/command/install.py:34: SetuptoolsDeprecationWarning: setup.py install is deprecated. Use build and pip and other standards-based tools.
[1.681s]   warnings.warn(
[1.681s] running install_lib
[1.682s] running install_data
[1.682s] running install_egg_info
[1.683s] removing '/home/maker/ros2_ws/install/examples_rclpy_minimal_client/lib/python3.10/site-packages/examples_rclpy_minimal_client-0.15.1-py3.10.egg-info' (and everything under it)
[1.684s] Copying ../../../../../build/examples_rclpy_minimal_client/examples_rclpy_minimal_client.egg-info to /home/maker/ros2_ws/install/examples_rclpy_minimal_client/lib/python3.10/site-packages/examples_rclpy_minimal_client-0.15.1-py3.10.egg-info
[1.684s] running install_scripts
[1.700s] Installing client script to /home/maker/ros2_ws/install/examples_rclpy_minimal_client/lib/examples_rclpy_minimal_client
[1.700s] Installing client_async script to /home/maker/ros2_ws/install/examples_rclpy_minimal_client/lib/examples_rclpy_minimal_client
[1.701s] Installing client_async_callback script to /home/maker/ros2_ws/install/examples_rclpy_minimal_client/lib/examples_rclpy_minimal_client
[1.701s] Installing client_async_member_function script to /home/maker/ros2_ws/install/examples_rclpy_minimal_client/lib/examples_rclpy_minimal_client
[1.701s] writing list of installed files to '/home/maker/ros2_ws/build/examples_rclpy_minimal_client/install.log'
[1.735s] Invoked command in '/home/maker/ros2_ws/src/examples/rclpy/services/minimal_client' returned '0': PYTHONPATH=/home/maker/ros2_ws/build/examples_rclpy_minimal_client/prefix_override:/home/maker/ros2_ws/install/examples_rclpy_minimal_client/lib/python3.10/site-packages:${PYTHONPATH} /usr/bin/python3 setup.py egg_info --egg-base ../../../../../build/examples_rclpy_minimal_client build --build-base /home/maker/ros2_ws/build/examples_rclpy_minimal_client/build install --record /home/maker/ros2_ws/build/examples_rclpy_minimal_client/install.log --single-version-externally-managed
