[1.216s] Invoking command in '/home/maker/ros2_ws/build/examples_rclpy_minimal_action_client': PYTHONPATH=/home/maker/ros2_ws/build/examples_rclpy_minimal_action_client/prefix_override:/home/maker/ros2_ws/install/examples_rclpy_minimal_action_client/lib/python3.10/site-packages:${PYTHONPATH} /usr/bin/python3 setup.py develop --uninstall --editable --build-directory /home/maker/ros2_ws/build/examples_rclpy_minimal_action_client/build
[1.484s] running develop
[1.484s] /usr/lib/python3/dist-packages/setuptools/command/easy_install.py:158: EasyInstallDeprecationWarning: easy_install command is deprecated. Use build and pip and other standards-based tools.
[1.484s]   warnings.warn(
[1.485s] /usr/lib/python3/dist-packages/setuptools/command/install.py:34: SetuptoolsDeprecationWarning: setup.py install is deprecated. Use build and pip and other standards-based tools.
[1.485s]   warnings.warn(
[1.542s] /usr/lib/python3/dist-packages/pkg_resources/__init__.py:116: PkgResourcesDeprecationWarning: 0.1.43ubuntu1 is an invalid version and will not be supported in a future release
[1.542s]   warnings.warn(
[1.542s] /usr/lib/python3/dist-packages/pkg_resources/__init__.py:116: PkgResourcesDeprecationWarning: 1.1build1 is an invalid version and will not be supported in a future release
[1.542s]   warnings.warn(
[1.690s] Invoked command in '/home/maker/ros2_ws/build/examples_rclpy_minimal_action_client' returned '0': PYTHONPATH=/home/maker/ros2_ws/build/examples_rclpy_minimal_action_client/prefix_override:/home/maker/ros2_ws/install/examples_rclpy_minimal_action_client/lib/python3.10/site-packages:${PYTHONPATH} /usr/bin/python3 setup.py develop --uninstall --editable --build-directory /home/maker/ros2_ws/build/examples_rclpy_minimal_action_client/build
[1.691s] Invoking command in '/home/maker/ros2_ws/src/examples/rclpy/actions/minimal_action_client': PYTHONPATH=/home/maker/ros2_ws/build/examples_rclpy_minimal_action_client/prefix_override:/home/maker/ros2_ws/install/examples_rclpy_minimal_action_client/lib/python3.10/site-packages:${PYTHONPATH} /usr/bin/python3 setup.py egg_info --egg-base ../../../../../build/examples_rclpy_minimal_action_client build --build-base /home/maker/ros2_ws/build/examples_rclpy_minimal_action_client/build install --record /home/maker/ros2_ws/build/examples_rclpy_minimal_action_client/install.log --single-version-externally-managed
[1.939s] running egg_info
[1.940s] writing ../../../../../build/examples_rclpy_minimal_action_client/examples_rclpy_minimal_action_client.egg-info/PKG-INFO
[1.940s] writing dependency_links to ../../../../../build/examples_rclpy_minimal_action_client/examples_rclpy_minimal_action_client.egg-info/dependency_links.txt
[1.941s] writing entry points to ../../../../../build/examples_rclpy_minimal_action_client/examples_rclpy_minimal_action_client.egg-info/entry_points.txt
[1.941s] writing requirements to ../../../../../build/examples_rclpy_minimal_action_client/examples_rclpy_minimal_action_client.egg-info/requires.txt
[1.941s] writing top-level names to ../../../../../build/examples_rclpy_minimal_action_client/examples_rclpy_minimal_action_client.egg-info/top_level.txt
[1.943s] reading manifest file '../../../../../build/examples_rclpy_minimal_action_client/examples_rclpy_minimal_action_client.egg-info/SOURCES.txt'
[1.944s] writing manifest file '../../../../../build/examples_rclpy_minimal_action_client/examples_rclpy_minimal_action_client.egg-info/SOURCES.txt'
[1.944s] running build
[1.944s] running build_py
[1.945s] running install
[1.945s] /usr/lib/python3/dist-packages/setuptools/command/install.py:34: SetuptoolsDeprecationWarning: setup.py install is deprecated. Use build and pip and other standards-based tools.
[1.945s]   warnings.warn(
[1.945s] running install_lib
[1.947s] running install_data
[1.947s] running install_egg_info
[1.949s] removing '/home/maker/ros2_ws/install/examples_rclpy_minimal_action_client/lib/python3.10/site-packages/examples_rclpy_minimal_action_client-0.15.1-py3.10.egg-info' (and everything under it)
[1.951s] Copying ../../../../../build/examples_rclpy_minimal_action_client/examples_rclpy_minimal_action_client.egg-info to /home/maker/ros2_ws/install/examples_rclpy_minimal_action_client/lib/python3.10/site-packages/examples_rclpy_minimal_action_client-0.15.1-py3.10.egg-info
[1.957s] running install_scripts
[1.980s] Installing client script to /home/maker/ros2_ws/install/examples_rclpy_minimal_action_client/lib/examples_rclpy_minimal_action_client
[1.980s] Installing client_asyncio script to /home/maker/ros2_ws/install/examples_rclpy_minimal_action_client/lib/examples_rclpy_minimal_action_client
[1.980s] Installing client_cancel script to /home/maker/ros2_ws/install/examples_rclpy_minimal_action_client/lib/examples_rclpy_minimal_action_client
[1.980s] Installing client_not_composable script to /home/maker/ros2_ws/install/examples_rclpy_minimal_action_client/lib/examples_rclpy_minimal_action_client
[1.981s] writing list of installed files to '/home/maker/ros2_ws/build/examples_rclpy_minimal_action_client/install.log'
[2.018s] Invoked command in '/home/maker/ros2_ws/src/examples/rclpy/actions/minimal_action_client' returned '0': PYTHONPATH=/home/maker/ros2_ws/build/examples_rclpy_minimal_action_client/prefix_override:/home/maker/ros2_ws/install/examples_rclpy_minimal_action_client/lib/python3.10/site-packages:${PYTHONPATH} /usr/bin/python3 setup.py egg_info --egg-base ../../../../../build/examples_rclpy_minimal_action_client build --build-base /home/maker/ros2_ws/build/examples_rclpy_minimal_action_client/build install --record /home/maker/ros2_ws/build/examples_rclpy_minimal_action_client/install.log --single-version-externally-managed
