[0.068s] Invoking command in '/home/maker/ros2_ws/build/examples_rclcpp_multithreaded_executor': CMAKE_PREFIX_PATH=${CMAKE_PREFIX_PATH}:/home/maker/ros2_ws/install/launch_testing_examples:/home/maker/ros2_ws/install/examples_rclpy_pointcloud_publisher:/home/maker/ros2_ws/install/examples_rclpy_minimal_subscriber:/home/maker/ros2_ws/install/examples_rclpy_minimal_service:/home/maker/ros2_ws/install/examples_rclpy_minimal_publisher:/home/maker/ros2_ws/install/examples_rclpy_minimal_client:/home/maker/ros2_ws/install/examples_rclpy_minimal_action_server:/home/maker/ros2_ws/install/examples_rclpy_minimal_action_client:/home/maker/ros2_ws/install/examples_rclpy_guard_conditions:/home/maker/ros2_ws/install/examples_rclpy_executors:/opt/ros/humble /usr/bin/cmake --build /home/maker/ros2_ws/build/examples_rclcpp_multithreaded_executor -- -j8 -l8
[0.133s] [100%] Built target multithreaded_executor
[0.615s] Invoked command in '/home/maker/ros2_ws/build/examples_rclcpp_multithreaded_executor' returned '0': CMAKE_PREFIX_PATH=${CMAKE_PREFIX_PATH}:/home/maker/ros2_ws/install/launch_testing_examples:/home/maker/ros2_ws/install/examples_rclpy_pointcloud_publisher:/home/maker/ros2_ws/install/examples_rclpy_minimal_subscriber:/home/maker/ros2_ws/install/examples_rclpy_minimal_service:/home/maker/ros2_ws/install/examples_rclpy_minimal_publisher:/home/maker/ros2_ws/install/examples_rclpy_minimal_client:/home/maker/ros2_ws/install/examples_rclpy_minimal_action_server:/home/maker/ros2_ws/install/examples_rclpy_minimal_action_client:/home/maker/ros2_ws/install/examples_rclpy_guard_conditions:/home/maker/ros2_ws/install/examples_rclpy_executors:/opt/ros/humble /usr/bin/cmake --build /home/maker/ros2_ws/build/examples_rclcpp_multithreaded_executor -- -j8 -l8
[0.786s] Invoking command in '/home/maker/ros2_ws/build/examples_rclcpp_multithreaded_executor': CMAKE_PREFIX_PATH=${CMAKE_PREFIX_PATH}:/home/maker/ros2_ws/install/launch_testing_examples:/home/maker/ros2_ws/install/examples_rclpy_pointcloud_publisher:/home/maker/ros2_ws/install/examples_rclpy_minimal_subscriber:/home/maker/ros2_ws/install/examples_rclpy_minimal_service:/home/maker/ros2_ws/install/examples_rclpy_minimal_publisher:/home/maker/ros2_ws/install/examples_rclpy_minimal_client:/home/maker/ros2_ws/install/examples_rclpy_minimal_action_server:/home/maker/ros2_ws/install/examples_rclpy_minimal_action_client:/home/maker/ros2_ws/install/examples_rclpy_guard_conditions:/home/maker/ros2_ws/install/examples_rclpy_executors:/opt/ros/humble /usr/bin/cmake --install /home/maker/ros2_ws/build/examples_rclcpp_multithreaded_executor
[0.798s] -- Install configuration: ""
[0.798s] -- Execute custom install script
[0.798s] -- Up-to-date symlink: /home/maker/ros2_ws/install/examples_rclcpp_multithreaded_executor/lib/examples_rclcpp_multithreaded_executor/multithreaded_executor
[0.798s] -- Up-to-date symlink: /home/maker/ros2_ws/install/examples_rclcpp_multithreaded_executor/share/ament_index/resource_index/package_run_dependencies/examples_rclcpp_multithreaded_executor
[0.798s] -- Up-to-date symlink: /home/maker/ros2_ws/install/examples_rclcpp_multithreaded_executor/share/ament_index/resource_index/parent_prefix_path/examples_rclcpp_multithreaded_executor
[0.798s] -- Up-to-date symlink: /home/maker/ros2_ws/install/examples_rclcpp_multithreaded_executor/share/examples_rclcpp_multithreaded_executor/environment/ament_prefix_path.sh
[0.798s] -- Up-to-date symlink: /home/maker/ros2_ws/install/examples_rclcpp_multithreaded_executor/share/examples_rclcpp_multithreaded_executor/environment/ament_prefix_path.dsv
[0.798s] -- Up-to-date symlink: /home/maker/ros2_ws/install/examples_rclcpp_multithreaded_executor/share/examples_rclcpp_multithreaded_executor/environment/path.sh
[0.798s] -- Up-to-date symlink: /home/maker/ros2_ws/install/examples_rclcpp_multithreaded_executor/share/examples_rclcpp_multithreaded_executor/environment/path.dsv
[0.798s] -- Up-to-date symlink: /home/maker/ros2_ws/install/examples_rclcpp_multithreaded_executor/share/examples_rclcpp_multithreaded_executor/local_setup.bash
[0.798s] -- Up-to-date symlink: /home/maker/ros2_ws/install/examples_rclcpp_multithreaded_executor/share/examples_rclcpp_multithreaded_executor/local_setup.sh
[0.798s] -- Up-to-date symlink: /home/maker/ros2_ws/install/examples_rclcpp_multithreaded_executor/share/examples_rclcpp_multithreaded_executor/local_setup.zsh
[0.798s] -- Up-to-date symlink: /home/maker/ros2_ws/install/examples_rclcpp_multithreaded_executor/share/examples_rclcpp_multithreaded_executor/local_setup.dsv
[0.798s] -- Symlinking: /home/maker/ros2_ws/install/examples_rclcpp_multithreaded_executor/share/examples_rclcpp_multithreaded_executor/package.dsv
[0.810s] -- Up-to-date symlink: /home/maker/ros2_ws/install/examples_rclcpp_multithreaded_executor/share/ament_index/resource_index/packages/examples_rclcpp_multithreaded_executor
[0.811s] -- Up-to-date symlink: /home/maker/ros2_ws/install/examples_rclcpp_multithreaded_executor/share/examples_rclcpp_multithreaded_executor/cmake/examples_rclcpp_multithreaded_executorConfig.cmake
[0.811s] -- Up-to-date symlink: /home/maker/ros2_ws/install/examples_rclcpp_multithreaded_executor/share/examples_rclcpp_multithreaded_executor/cmake/examples_rclcpp_multithreaded_executorConfig-version.cmake
[0.811s] -- Up-to-date symlink: /home/maker/ros2_ws/install/examples_rclcpp_multithreaded_executor/share/examples_rclcpp_multithreaded_executor/package.xml
[0.824s] Invoked command in '/home/maker/ros2_ws/build/examples_rclcpp_multithreaded_executor' returned '0': CMAKE_PREFIX_PATH=${CMAKE_PREFIX_PATH}:/home/maker/ros2_ws/install/launch_testing_examples:/home/maker/ros2_ws/install/examples_rclpy_pointcloud_publisher:/home/maker/ros2_ws/install/examples_rclpy_minimal_subscriber:/home/maker/ros2_ws/install/examples_rclpy_minimal_service:/home/maker/ros2_ws/install/examples_rclpy_minimal_publisher:/home/maker/ros2_ws/install/examples_rclpy_minimal_client:/home/maker/ros2_ws/install/examples_rclpy_minimal_action_server:/home/maker/ros2_ws/install/examples_rclpy_minimal_action_client:/home/maker/ros2_ws/install/examples_rclpy_guard_conditions:/home/maker/ros2_ws/install/examples_rclpy_executors:/opt/ros/humble /usr/bin/cmake --install /home/maker/ros2_ws/build/examples_rclcpp_multithreaded_executor
