[0.017s] Invoking command in '/home/maker/ros2_ws/build/examples_rclcpp_minimal_service': CMAKE_PREFIX_PATH=/opt/ros/humble /usr/bin/cmake /home/maker/ros2_ws/src/examples/rclcpp/services/minimal_service -DAMENT_CMAKE_SYMLINK_INSTALL=1 -DCMAKE_INSTALL_PREFIX=/home/maker/ros2_ws/install/examples_rclcpp_minimal_service
[1.544s] -- The C compiler identification is GNU 11.3.0
[1.544s] -- The CXX compiler identification is GNU 11.3.0
[1.544s] -- Detecting C compiler ABI info
[1.544s] -- Detecting C compiler ABI info - done
[1.544s] -- Check for working C compiler: /usr/bin/cc - skipped
[1.544s] -- Detecting C compile features
[1.544s] -- Detecting C compile features - done
[1.544s] -- Detecting CXX compiler ABI info
[1.545s] -- Detecting CXX compiler ABI info - done
[1.545s] -- Check for working CXX compiler: /usr/bin/c++ - skipped
[1.545s] -- Detecting CXX compile features
[1.545s] -- Detecting CXX compile features - done
[1.545s] -- Found ament_cmake: 1.3.3 (/opt/ros/humble/share/ament_cmake/cmake)
[1.545s] -- Found Python3: /usr/bin/python3.10 (found version "3.10.6") found components: Interpreter 
[1.545s] -- Override CMake install command with custom implementation using symlinks instead of copying resources
[1.545s] -- Found example_interfaces: 0.9.3 (/opt/ros/humble/share/example_interfaces/cmake)
[1.545s] -- Found rosidl_generator_c: 3.1.4 (/opt/ros/humble/share/rosidl_generator_c/cmake)
[1.545s] -- Found rosidl_adapter: 3.1.4 (/opt/ros/humble/share/rosidl_adapter/cmake)
[1.545s] -- Found rosidl_generator_cpp: 3.1.4 (/opt/ros/humble/share/rosidl_generator_cpp/cmake)
[1.545s] -- Using all available rosidl_typesupport_c: rosidl_typesupport_fastrtps_c;rosidl_typesupport_introspection_c
[1.545s] -- Using all available rosidl_typesupport_cpp: rosidl_typesupport_fastrtps_cpp;rosidl_typesupport_introspection_cpp
[1.545s] -- Found rclcpp: 16.0.3 (/opt/ros/humble/share/rclcpp/cmake)
[1.545s] -- Found rmw_implementation_cmake: 6.1.1 (/opt/ros/humble/share/rmw_implementation_cmake/cmake)
[1.546s] -- Found rmw_fastrtps_cpp: 6.2.2 (/opt/ros/humble/share/rmw_fastrtps_cpp/cmake)
[1.546s] -- Found OpenSSL: /usr/lib/x86_64-linux-gnu/libcrypto.so (found version "3.0.2")  
[1.546s] -- Found FastRTPS: /opt/ros/humble/include  
[1.546s] -- Using RMW implementation 'rmw_fastrtps_cpp' as default
[1.546s] -- Looking for pthread.h
[1.546s] -- Looking for pthread.h - found
[1.546s] -- Performing Test CMAKE_HAVE_LIBC_PTHREAD
[1.546s] -- Performing Test CMAKE_HAVE_LIBC_PTHREAD - Success
[1.546s] -- Found Threads: TRUE  
[1.546s] -- Found ament_lint_auto: 0.12.5 (/opt/ros/humble/share/ament_lint_auto/cmake)
[1.648s] -- Added test 'copyright' to check source files copyright and LICENSE
[1.648s] -- Added test 'cppcheck' to perform static code analysis on C / C++ code
[1.648s] -- Configured cppcheck include dirs: 
[1.648s] -- Configured cppcheck exclude dirs and/or files: 
[1.649s] -- Added test 'cpplint' to check C / C++ code against the Google style
[1.649s] -- Configured cpplint exclude dirs and/or files: 
[1.649s] -- Added test 'lint_cmake' to check CMake code style
[1.649s] -- Added test 'uncrustify' to check C / C++ code style
[1.649s] -- Configured uncrustify additional arguments: 
[1.649s] -- Added test 'xmllint' to check XML markup files
[1.665s] -- Configuring done
[1.669s] -- Generating done
[1.671s] -- Build files have been written to: /home/maker/ros2_ws/build/examples_rclcpp_minimal_service
[1.719s] Invoked command in '/home/maker/ros2_ws/build/examples_rclcpp_minimal_service' returned '0': CMAKE_PREFIX_PATH=/opt/ros/humble /usr/bin/cmake /home/maker/ros2_ws/src/examples/rclcpp/services/minimal_service -DAMENT_CMAKE_SYMLINK_INSTALL=1 -DCMAKE_INSTALL_PREFIX=/home/maker/ros2_ws/install/examples_rclcpp_minimal_service
[1.720s] Invoking command in '/home/maker/ros2_ws/build/examples_rclcpp_minimal_service': CMAKE_PREFIX_PATH=/opt/ros/humble /usr/bin/cmake --build /home/maker/ros2_ws/build/examples_rclcpp_minimal_service -- -j8 -l8
[1.981s] [ 50%] [32mBuilding CXX object CMakeFiles/service_main.dir/main.cpp.o[0m
[11.723s] [100%] [32m[1mLinking CXX executable service_main[0m
[12.308s] [100%] Built target service_main
[12.366s] Invoked command in '/home/maker/ros2_ws/build/examples_rclcpp_minimal_service' returned '0': CMAKE_PREFIX_PATH=/opt/ros/humble /usr/bin/cmake --build /home/maker/ros2_ws/build/examples_rclcpp_minimal_service -- -j8 -l8
[12.755s] Invoking command in '/home/maker/ros2_ws/build/examples_rclcpp_minimal_service': CMAKE_PREFIX_PATH=/opt/ros/humble /usr/bin/cmake --install /home/maker/ros2_ws/build/examples_rclcpp_minimal_service
[15.418s] -- Install configuration: ""
[15.418s] -- Execute custom install script
[15.418s] -- Symlinking: /home/maker/ros2_ws/install/examples_rclcpp_minimal_service/lib/examples_rclcpp_minimal_service/service_main
[15.418s] -- Symlinking: /home/maker/ros2_ws/install/examples_rclcpp_minimal_service/share/ament_index/resource_index/package_run_dependencies/examples_rclcpp_minimal_service
[15.418s] -- Symlinking: /home/maker/ros2_ws/install/examples_rclcpp_minimal_service/share/ament_index/resource_index/parent_prefix_path/examples_rclcpp_minimal_service
[15.418s] -- Symlinking: /home/maker/ros2_ws/install/examples_rclcpp_minimal_service/share/examples_rclcpp_minimal_service/environment/ament_prefix_path.sh
[15.418s] -- Symlinking: /home/maker/ros2_ws/install/examples_rclcpp_minimal_service/share/examples_rclcpp_minimal_service/environment/ament_prefix_path.dsv
[15.418s] -- Symlinking: /home/maker/ros2_ws/install/examples_rclcpp_minimal_service/share/examples_rclcpp_minimal_service/environment/path.sh
[15.418s] -- Symlinking: /home/maker/ros2_ws/install/examples_rclcpp_minimal_service/share/examples_rclcpp_minimal_service/environment/path.dsv
[15.418s] -- Symlinking: /home/maker/ros2_ws/install/examples_rclcpp_minimal_service/share/examples_rclcpp_minimal_service/local_setup.bash
[15.419s] -- Symlinking: /home/maker/ros2_ws/install/examples_rclcpp_minimal_service/share/examples_rclcpp_minimal_service/local_setup.sh
[15.419s] -- Symlinking: /home/maker/ros2_ws/install/examples_rclcpp_minimal_service/share/examples_rclcpp_minimal_service/local_setup.zsh
[15.419s] -- Symlinking: /home/maker/ros2_ws/install/examples_rclcpp_minimal_service/share/examples_rclcpp_minimal_service/local_setup.dsv
[15.419s] -- Symlinking: /home/maker/ros2_ws/install/examples_rclcpp_minimal_service/share/examples_rclcpp_minimal_service/package.dsv
[15.419s] -- Symlinking: /home/maker/ros2_ws/install/examples_rclcpp_minimal_service/share/ament_index/resource_index/packages/examples_rclcpp_minimal_service
[15.419s] -- Symlinking: /home/maker/ros2_ws/install/examples_rclcpp_minimal_service/share/examples_rclcpp_minimal_service/cmake/examples_rclcpp_minimal_serviceConfig.cmake
[15.419s] -- Symlinking: /home/maker/ros2_ws/install/examples_rclcpp_minimal_service/share/examples_rclcpp_minimal_service/cmake/examples_rclcpp_minimal_serviceConfig-version.cmake
[15.419s] -- Symlinking: /home/maker/ros2_ws/install/examples_rclcpp_minimal_service/share/examples_rclcpp_minimal_service/package.xml
[15.442s] Invoked command in '/home/maker/ros2_ws/build/examples_rclcpp_minimal_service' returned '0': CMAKE_PREFIX_PATH=/opt/ros/humble /usr/bin/cmake --install /home/maker/ros2_ws/build/examples_rclcpp_minimal_service
