[0.024s] Invoking command in '/home/maker/ros2_ws/build/examples_rclcpp_minimal_publisher': CMAKE_PREFIX_PATH=${CMAKE_PREFIX_PATH}:/home/maker/ros2_ws/install/launch_testing_examples:/home/maker/ros2_ws/install/examples_rclpy_pointcloud_publisher:/home/maker/ros2_ws/install/examples_rclpy_minimal_subscriber:/home/maker/ros2_ws/install/examples_rclpy_minimal_service:/home/maker/ros2_ws/install/examples_rclpy_minimal_publisher:/home/maker/ros2_ws/install/examples_rclpy_minimal_client:/home/maker/ros2_ws/install/examples_rclpy_minimal_action_server:/home/maker/ros2_ws/install/examples_rclpy_minimal_action_client:/home/maker/ros2_ws/install/examples_rclpy_guard_conditions:/home/maker/ros2_ws/install/examples_rclpy_executors:/opt/ros/humble /usr/bin/cmake --build /home/maker/ros2_ws/build/examples_rclcpp_minimal_publisher -- -j8 -l8
[0.099s] [ 16%] Built target publisher_lambda
[0.109s] [ 33%] Built target publisher_member_function
[0.112s] [ 50%] Built target publisher_member_function_with_type_adapter
[0.112s] [ 66%] Built target publisher_member_function_with_unique_network_flow_endpoints
[0.113s] [ 83%] Built target publisher_wait_for_all_acked
[0.120s] [100%] Built target publisher_not_composable
[0.131s] Invoked command in '/home/maker/ros2_ws/build/examples_rclcpp_minimal_publisher' returned '0': CMAKE_PREFIX_PATH=${CMAKE_PREFIX_PATH}:/home/maker/ros2_ws/install/launch_testing_examples:/home/maker/ros2_ws/install/examples_rclpy_pointcloud_publisher:/home/maker/ros2_ws/install/examples_rclpy_minimal_subscriber:/home/maker/ros2_ws/install/examples_rclpy_minimal_service:/home/maker/ros2_ws/install/examples_rclpy_minimal_publisher:/home/maker/ros2_ws/install/examples_rclpy_minimal_client:/home/maker/ros2_ws/install/examples_rclpy_minimal_action_server:/home/maker/ros2_ws/install/examples_rclpy_minimal_action_client:/home/maker/ros2_ws/install/examples_rclpy_guard_conditions:/home/maker/ros2_ws/install/examples_rclpy_executors:/opt/ros/humble /usr/bin/cmake --build /home/maker/ros2_ws/build/examples_rclcpp_minimal_publisher -- -j8 -l8
[0.182s] Invoking command in '/home/maker/ros2_ws/build/examples_rclcpp_minimal_publisher': CMAKE_PREFIX_PATH=${CMAKE_PREFIX_PATH}:/home/maker/ros2_ws/install/launch_testing_examples:/home/maker/ros2_ws/install/examples_rclpy_pointcloud_publisher:/home/maker/ros2_ws/install/examples_rclpy_minimal_subscriber:/home/maker/ros2_ws/install/examples_rclpy_minimal_service:/home/maker/ros2_ws/install/examples_rclpy_minimal_publisher:/home/maker/ros2_ws/install/examples_rclpy_minimal_client:/home/maker/ros2_ws/install/examples_rclpy_minimal_action_server:/home/maker/ros2_ws/install/examples_rclpy_minimal_action_client:/home/maker/ros2_ws/install/examples_rclpy_guard_conditions:/home/maker/ros2_ws/install/examples_rclpy_executors:/opt/ros/humble /usr/bin/cmake --install /home/maker/ros2_ws/build/examples_rclcpp_minimal_publisher
[0.204s] -- Install configuration: ""
[0.204s] -- Execute custom install script
[0.204s] -- Up-to-date symlink: /home/maker/ros2_ws/install/examples_rclcpp_minimal_publisher/lib/examples_rclcpp_minimal_publisher/publisher_lambda
[0.204s] -- Up-to-date symlink: /home/maker/ros2_ws/install/examples_rclcpp_minimal_publisher/lib/examples_rclcpp_minimal_publisher/publisher_member_function
[0.204s] -- Up-to-date symlink: /home/maker/ros2_ws/install/examples_rclcpp_minimal_publisher/lib/examples_rclcpp_minimal_publisher/publisher_member_function_with_type_adapter
[0.204s] -- Up-to-date symlink: /home/maker/ros2_ws/install/examples_rclcpp_minimal_publisher/lib/examples_rclcpp_minimal_publisher/publisher_member_function_with_unique_network_flow_endpoints
[0.204s] -- Up-to-date symlink: /home/maker/ros2_ws/install/examples_rclcpp_minimal_publisher/lib/examples_rclcpp_minimal_publisher/publisher_wait_for_all_acked
[0.204s] -- Up-to-date symlink: /home/maker/ros2_ws/install/examples_rclcpp_minimal_publisher/lib/examples_rclcpp_minimal_publisher/publisher_not_composable
[0.204s] -- Up-to-date symlink: /home/maker/ros2_ws/install/examples_rclcpp_minimal_publisher/share/ament_index/resource_index/package_run_dependencies/examples_rclcpp_minimal_publisher
[0.204s] -- Up-to-date symlink: /home/maker/ros2_ws/install/examples_rclcpp_minimal_publisher/share/ament_index/resource_index/parent_prefix_path/examples_rclcpp_minimal_publisher
[0.204s] -- Up-to-date symlink: /home/maker/ros2_ws/install/examples_rclcpp_minimal_publisher/share/examples_rclcpp_minimal_publisher/environment/ament_prefix_path.sh
[0.204s] -- Up-to-date symlink: /home/maker/ros2_ws/install/examples_rclcpp_minimal_publisher/share/examples_rclcpp_minimal_publisher/environment/ament_prefix_path.dsv
[0.204s] -- Up-to-date symlink: /home/maker/ros2_ws/install/examples_rclcpp_minimal_publisher/share/examples_rclcpp_minimal_publisher/environment/path.sh
[0.204s] -- Up-to-date symlink: /home/maker/ros2_ws/install/examples_rclcpp_minimal_publisher/share/examples_rclcpp_minimal_publisher/environment/path.dsv
[0.204s] -- Up-to-date symlink: /home/maker/ros2_ws/install/examples_rclcpp_minimal_publisher/share/examples_rclcpp_minimal_publisher/local_setup.bash
[0.204s] -- Up-to-date symlink: /home/maker/ros2_ws/install/examples_rclcpp_minimal_publisher/share/examples_rclcpp_minimal_publisher/local_setup.sh
[0.204s] -- Up-to-date symlink: /home/maker/ros2_ws/install/examples_rclcpp_minimal_publisher/share/examples_rclcpp_minimal_publisher/local_setup.zsh
[0.204s] -- Up-to-date symlink: /home/maker/ros2_ws/install/examples_rclcpp_minimal_publisher/share/examples_rclcpp_minimal_publisher/local_setup.dsv
[0.204s] -- Symlinking: /home/maker/ros2_ws/install/examples_rclcpp_minimal_publisher/share/examples_rclcpp_minimal_publisher/package.dsv
[0.204s] -- Up-to-date symlink: /home/maker/ros2_ws/install/examples_rclcpp_minimal_publisher/share/ament_index/resource_index/packages/examples_rclcpp_minimal_publisher
[0.204s] -- Up-to-date symlink: /home/maker/ros2_ws/install/examples_rclcpp_minimal_publisher/share/examples_rclcpp_minimal_publisher/cmake/examples_rclcpp_minimal_publisherConfig.cmake
[0.205s] -- Up-to-date symlink: /home/maker/ros2_ws/install/examples_rclcpp_minimal_publisher/share/examples_rclcpp_minimal_publisher/cmake/examples_rclcpp_minimal_publisherConfig-version.cmake
[0.205s] -- Up-to-date symlink: /home/maker/ros2_ws/install/examples_rclcpp_minimal_publisher/share/examples_rclcpp_minimal_publisher/package.xml
[0.230s] Invoked command in '/home/maker/ros2_ws/build/examples_rclcpp_minimal_publisher' returned '0': CMAKE_PREFIX_PATH=${CMAKE_PREFIX_PATH}:/home/maker/ros2_ws/install/launch_testing_examples:/home/maker/ros2_ws/install/examples_rclpy_pointcloud_publisher:/home/maker/ros2_ws/install/examples_rclpy_minimal_subscriber:/home/maker/ros2_ws/install/examples_rclpy_minimal_service:/home/maker/ros2_ws/install/examples_rclpy_minimal_publisher:/home/maker/ros2_ws/install/examples_rclpy_minimal_client:/home/maker/ros2_ws/install/examples_rclpy_minimal_action_server:/home/maker/ros2_ws/install/examples_rclpy_minimal_action_client:/home/maker/ros2_ws/install/examples_rclpy_guard_conditions:/home/maker/ros2_ws/install/examples_rclpy_executors:/opt/ros/humble /usr/bin/cmake --install /home/maker/ros2_ws/build/examples_rclcpp_minimal_publisher
