[0.810s] Invoking command in '/home/maker/ros2_ws/build/examples_rclpy_executors': PYTHONPATH=/home/maker/ros2_ws/build/examples_rclpy_executors/prefix_override:/home/maker/ros2_ws/install/examples_rclpy_executors/lib/python3.10/site-packages:${PYTHONPATH} /usr/bin/python3 setup.py develop --uninstall --editable --build-directory /home/maker/ros2_ws/build/examples_rclpy_executors/build
[1.100s] running develop
[1.100s] /usr/lib/python3/dist-packages/setuptools/command/easy_install.py:158: EasyInstallDeprecationWarning: easy_install command is deprecated. Use build and pip and other standards-based tools.
[1.100s]   warnings.warn(
[1.102s] /usr/lib/python3/dist-packages/setuptools/command/install.py:34: SetuptoolsDeprecationWarning: setup.py install is deprecated. Use build and pip and other standards-based tools.
[1.102s]   warnings.warn(
[1.143s] /usr/lib/python3/dist-packages/pkg_resources/__init__.py:116: PkgResourcesDeprecationWarning: 0.1.43ubuntu1 is an invalid version and will not be supported in a future release
[1.143s]   warnings.warn(
[1.143s] /usr/lib/python3/dist-packages/pkg_resources/__init__.py:116: PkgResourcesDeprecationWarning: 1.1build1 is an invalid version and will not be supported in a future release
[1.143s]   warnings.warn(
[1.199s] Removing /home/maker/ros2_ws/install/examples_rclpy_executors/lib/python3.10/site-packages/examples-rclpy-executors.egg-link (link to .)
[1.256s] Invoked command in '/home/maker/ros2_ws/build/examples_rclpy_executors' returned '0': PYTHONPATH=/home/maker/ros2_ws/build/examples_rclpy_executors/prefix_override:/home/maker/ros2_ws/install/examples_rclpy_executors/lib/python3.10/site-packages:${PYTHONPATH} /usr/bin/python3 setup.py develop --uninstall --editable --build-directory /home/maker/ros2_ws/build/examples_rclpy_executors/build
[1.257s] Invoking command in '/home/maker/ros2_ws/src/examples/rclpy/executors': PYTHONPATH=/home/maker/ros2_ws/build/examples_rclpy_executors/prefix_override:/home/maker/ros2_ws/install/examples_rclpy_executors/lib/python3.10/site-packages:${PYTHONPATH} /usr/bin/python3 setup.py egg_info --egg-base ../../../../build/examples_rclpy_executors build --build-base /home/maker/ros2_ws/build/examples_rclpy_executors/build install --record /home/maker/ros2_ws/build/examples_rclpy_executors/install.log --single-version-externally-managed
[1.493s] running egg_info
[1.494s] writing ../../../../build/examples_rclpy_executors/examples_rclpy_executors.egg-info/PKG-INFO
[1.494s] writing dependency_links to ../../../../build/examples_rclpy_executors/examples_rclpy_executors.egg-info/dependency_links.txt
[1.494s] writing entry points to ../../../../build/examples_rclpy_executors/examples_rclpy_executors.egg-info/entry_points.txt
[1.494s] writing requirements to ../../../../build/examples_rclpy_executors/examples_rclpy_executors.egg-info/requires.txt
[1.494s] writing top-level names to ../../../../build/examples_rclpy_executors/examples_rclpy_executors.egg-info/top_level.txt
[1.497s] reading manifest file '../../../../build/examples_rclpy_executors/examples_rclpy_executors.egg-info/SOURCES.txt'
[1.499s] writing manifest file '../../../../build/examples_rclpy_executors/examples_rclpy_executors.egg-info/SOURCES.txt'
[1.499s] running build
[1.499s] running build_py
[1.499s] creating /home/maker/ros2_ws/build/examples_rclpy_executors/build
[1.499s] creating /home/maker/ros2_ws/build/examples_rclpy_executors/build/lib
[1.499s] creating /home/maker/ros2_ws/build/examples_rclpy_executors/build/lib/examples_rclpy_executors
[1.499s] copying examples_rclpy_executors/talker.py -> /home/maker/ros2_ws/build/examples_rclpy_executors/build/lib/examples_rclpy_executors
[1.499s] copying examples_rclpy_executors/custom_executor.py -> /home/maker/ros2_ws/build/examples_rclpy_executors/build/lib/examples_rclpy_executors
[1.499s] copying examples_rclpy_executors/composed.py -> /home/maker/ros2_ws/build/examples_rclpy_executors/build/lib/examples_rclpy_executors
[1.500s] copying examples_rclpy_executors/listener.py -> /home/maker/ros2_ws/build/examples_rclpy_executors/build/lib/examples_rclpy_executors
[1.500s] copying examples_rclpy_executors/custom_callback_group.py -> /home/maker/ros2_ws/build/examples_rclpy_executors/build/lib/examples_rclpy_executors
[1.500s] copying examples_rclpy_executors/__init__.py -> /home/maker/ros2_ws/build/examples_rclpy_executors/build/lib/examples_rclpy_executors
[1.500s] copying examples_rclpy_executors/callback_group.py -> /home/maker/ros2_ws/build/examples_rclpy_executors/build/lib/examples_rclpy_executors
[1.501s] running install
[1.501s] /usr/lib/python3/dist-packages/setuptools/command/install.py:34: SetuptoolsDeprecationWarning: setup.py install is deprecated. Use build and pip and other standards-based tools.
[1.501s]   warnings.warn(
[1.501s] running install_lib
[1.502s] creating /home/maker/ros2_ws/install/examples_rclpy_executors/lib/python3.10/site-packages/examples_rclpy_executors
[1.502s] copying /home/maker/ros2_ws/build/examples_rclpy_executors/build/lib/examples_rclpy_executors/talker.py -> /home/maker/ros2_ws/install/examples_rclpy_executors/lib/python3.10/site-packages/examples_rclpy_executors
[1.502s] copying /home/maker/ros2_ws/build/examples_rclpy_executors/build/lib/examples_rclpy_executors/custom_executor.py -> /home/maker/ros2_ws/install/examples_rclpy_executors/lib/python3.10/site-packages/examples_rclpy_executors
[1.502s] copying /home/maker/ros2_ws/build/examples_rclpy_executors/build/lib/examples_rclpy_executors/composed.py -> /home/maker/ros2_ws/install/examples_rclpy_executors/lib/python3.10/site-packages/examples_rclpy_executors
[1.503s] copying /home/maker/ros2_ws/build/examples_rclpy_executors/build/lib/examples_rclpy_executors/listener.py -> /home/maker/ros2_ws/install/examples_rclpy_executors/lib/python3.10/site-packages/examples_rclpy_executors
[1.503s] copying /home/maker/ros2_ws/build/examples_rclpy_executors/build/lib/examples_rclpy_executors/custom_callback_group.py -> /home/maker/ros2_ws/install/examples_rclpy_executors/lib/python3.10/site-packages/examples_rclpy_executors
[1.503s] copying /home/maker/ros2_ws/build/examples_rclpy_executors/build/lib/examples_rclpy_executors/__init__.py -> /home/maker/ros2_ws/install/examples_rclpy_executors/lib/python3.10/site-packages/examples_rclpy_executors
[1.503s] copying /home/maker/ros2_ws/build/examples_rclpy_executors/build/lib/examples_rclpy_executors/callback_group.py -> /home/maker/ros2_ws/install/examples_rclpy_executors/lib/python3.10/site-packages/examples_rclpy_executors
[1.503s] byte-compiling /home/maker/ros2_ws/install/examples_rclpy_executors/lib/python3.10/site-packages/examples_rclpy_executors/talker.py to talker.cpython-310.pyc
[1.504s] byte-compiling /home/maker/ros2_ws/install/examples_rclpy_executors/lib/python3.10/site-packages/examples_rclpy_executors/custom_executor.py to custom_executor.cpython-310.pyc
[1.505s] byte-compiling /home/maker/ros2_ws/install/examples_rclpy_executors/lib/python3.10/site-packages/examples_rclpy_executors/composed.py to composed.cpython-310.pyc
[1.505s] byte-compiling /home/maker/ros2_ws/install/examples_rclpy_executors/lib/python3.10/site-packages/examples_rclpy_executors/listener.py to listener.cpython-310.pyc
[1.505s] byte-compiling /home/maker/ros2_ws/install/examples_rclpy_executors/lib/python3.10/site-packages/examples_rclpy_executors/custom_callback_group.py to custom_callback_group.cpython-310.pyc
[1.506s] byte-compiling /home/maker/ros2_ws/install/examples_rclpy_executors/lib/python3.10/site-packages/examples_rclpy_executors/__init__.py to __init__.cpython-310.pyc
[1.506s] byte-compiling /home/maker/ros2_ws/install/examples_rclpy_executors/lib/python3.10/site-packages/examples_rclpy_executors/callback_group.py to callback_group.cpython-310.pyc
[1.506s] running install_data
[1.508s] running install_egg_info
[1.510s] Copying ../../../../build/examples_rclpy_executors/examples_rclpy_executors.egg-info to /home/maker/ros2_ws/install/examples_rclpy_executors/lib/python3.10/site-packages/examples_rclpy_executors-0.15.1-py3.10.egg-info
[1.511s] running install_scripts
[1.537s] Installing callback_group script to /home/maker/ros2_ws/install/examples_rclpy_executors/lib/examples_rclpy_executors
[1.538s] Installing composed script to /home/maker/ros2_ws/install/examples_rclpy_executors/lib/examples_rclpy_executors
[1.538s] Installing custom_callback_group script to /home/maker/ros2_ws/install/examples_rclpy_executors/lib/examples_rclpy_executors
[1.538s] Installing custom_executor script to /home/maker/ros2_ws/install/examples_rclpy_executors/lib/examples_rclpy_executors
[1.538s] Installing listener script to /home/maker/ros2_ws/install/examples_rclpy_executors/lib/examples_rclpy_executors
[1.538s] Installing talker script to /home/maker/ros2_ws/install/examples_rclpy_executors/lib/examples_rclpy_executors
[1.538s] writing list of installed files to '/home/maker/ros2_ws/build/examples_rclpy_executors/install.log'
[1.759s] Invoked command in '/home/maker/ros2_ws/src/examples/rclpy/executors' returned '0': PYTHONPATH=/home/maker/ros2_ws/build/examples_rclpy_executors/prefix_override:/home/maker/ros2_ws/install/examples_rclpy_executors/lib/python3.10/site-packages:${PYTHONPATH} /usr/bin/python3 setup.py egg_info --egg-base ../../../../build/examples_rclpy_executors build --build-base /home/maker/ros2_ws/build/examples_rclpy_executors/build install --record /home/maker/ros2_ws/build/examples_rclpy_executors/install.log --single-version-externally-managed
