[1.236s] Invoking command in '/home/maker/ros2_ws/build/examples_rclpy_guard_conditions': PYTHONPATH=/home/maker/ros2_ws/build/examples_rclpy_guard_conditions/prefix_override:/home/maker/ros2_ws/install/examples_rclpy_guard_conditions/lib/python3.10/site-packages:${PYTHONPATH} /usr/bin/python3 setup.py develop --uninstall --editable --build-directory /home/maker/ros2_ws/build/examples_rclpy_guard_conditions/build
[1.517s] running develop
[1.517s] /usr/lib/python3/dist-packages/setuptools/command/easy_install.py:158: EasyInstallDeprecationWarning: easy_install command is deprecated. Use build and pip and other standards-based tools.
[1.517s]   warnings.warn(
[1.517s] /usr/lib/python3/dist-packages/setuptools/command/install.py:34: SetuptoolsDeprecationWarning: setup.py install is deprecated. Use build and pip and other standards-based tools.
[1.517s]   warnings.warn(
[1.567s] /usr/lib/python3/dist-packages/pkg_resources/__init__.py:116: PkgResourcesDeprecationWarning: 0.1.43ubuntu1 is an invalid version and will not be supported in a future release
[1.567s]   warnings.warn(
[1.567s] /usr/lib/python3/dist-packages/pkg_resources/__init__.py:116: PkgResourcesDeprecationWarning: 1.1build1 is an invalid version and will not be supported in a future release
[1.567s]   warnings.warn(
[1.714s] Invoked command in '/home/maker/ros2_ws/build/examples_rclpy_guard_conditions' returned '0': PYTHONPATH=/home/maker/ros2_ws/build/examples_rclpy_guard_conditions/prefix_override:/home/maker/ros2_ws/install/examples_rclpy_guard_conditions/lib/python3.10/site-packages:${PYTHONPATH} /usr/bin/python3 setup.py develop --uninstall --editable --build-directory /home/maker/ros2_ws/build/examples_rclpy_guard_conditions/build
[1.714s] Invoking command in '/home/maker/ros2_ws/src/examples/rclpy/guard_conditions': PYTHONPATH=/home/maker/ros2_ws/build/examples_rclpy_guard_conditions/prefix_override:/home/maker/ros2_ws/install/examples_rclpy_guard_conditions/lib/python3.10/site-packages:${PYTHONPATH} /usr/bin/python3 setup.py egg_info --egg-base ../../../../build/examples_rclpy_guard_conditions build --build-base /home/maker/ros2_ws/build/examples_rclpy_guard_conditions/build install --record /home/maker/ros2_ws/build/examples_rclpy_guard_conditions/install.log --single-version-externally-managed
[1.966s] running egg_info
[1.967s] writing ../../../../build/examples_rclpy_guard_conditions/examples_rclpy_guard_conditions.egg-info/PKG-INFO
[1.967s] writing dependency_links to ../../../../build/examples_rclpy_guard_conditions/examples_rclpy_guard_conditions.egg-info/dependency_links.txt
[1.967s] writing entry points to ../../../../build/examples_rclpy_guard_conditions/examples_rclpy_guard_conditions.egg-info/entry_points.txt
[1.968s] writing requirements to ../../../../build/examples_rclpy_guard_conditions/examples_rclpy_guard_conditions.egg-info/requires.txt
[1.968s] writing top-level names to ../../../../build/examples_rclpy_guard_conditions/examples_rclpy_guard_conditions.egg-info/top_level.txt
[1.970s] reading manifest file '../../../../build/examples_rclpy_guard_conditions/examples_rclpy_guard_conditions.egg-info/SOURCES.txt'
[1.971s] writing manifest file '../../../../build/examples_rclpy_guard_conditions/examples_rclpy_guard_conditions.egg-info/SOURCES.txt'
[1.971s] running build
[1.971s] running build_py
[1.971s] running install
[1.971s] /usr/lib/python3/dist-packages/setuptools/command/install.py:34: SetuptoolsDeprecationWarning: setup.py install is deprecated. Use build and pip and other standards-based tools.
[1.971s]   warnings.warn(
[1.972s] running install_lib
[1.973s] running install_data
[1.973s] running install_egg_info
[1.975s] removing '/home/maker/ros2_ws/install/examples_rclpy_guard_conditions/lib/python3.10/site-packages/examples_rclpy_guard_conditions-0.15.1-py3.10.egg-info' (and everything under it)
[1.976s] Copying ../../../../build/examples_rclpy_guard_conditions/examples_rclpy_guard_conditions.egg-info to /home/maker/ros2_ws/install/examples_rclpy_guard_conditions/lib/python3.10/site-packages/examples_rclpy_guard_conditions-0.15.1-py3.10.egg-info
[1.976s] running install_scripts
[2.001s] Installing trigger_guard_condition script to /home/maker/ros2_ws/install/examples_rclpy_guard_conditions/lib/examples_rclpy_guard_conditions
[2.001s] writing list of installed files to '/home/maker/ros2_ws/build/examples_rclpy_guard_conditions/install.log'
[2.051s] Invoked command in '/home/maker/ros2_ws/src/examples/rclpy/guard_conditions' returned '0': PYTHONPATH=/home/maker/ros2_ws/build/examples_rclpy_guard_conditions/prefix_override:/home/maker/ros2_ws/install/examples_rclpy_guard_conditions/lib/python3.10/site-packages:${PYTHONPATH} /usr/bin/python3 setup.py egg_info --egg-base ../../../../build/examples_rclpy_guard_conditions build --build-base /home/maker/ros2_ws/build/examples_rclpy_guard_conditions/build install --record /home/maker/ros2_ws/build/examples_rclpy_guard_conditions/install.log --single-version-externally-managed
