[1.803s] Invoking command in '/home/maker/ros2_ws/build/examples_rclpy_minimal_client': PYTHONPATH=/home/maker/ros2_ws/build/examples_rclpy_minimal_client/prefix_override:/home/maker/ros2_ws/install/examples_rclpy_minimal_client/lib/python3.10/site-packages:${PYTHONPATH} /usr/bin/python3 setup.py develop --editable --build-directory /home/maker/ros2_ws/build/examples_rclpy_minimal_client/build --no-deps install_data
[2.105s] running develop
[2.105s] /usr/lib/python3/dist-packages/setuptools/command/easy_install.py:158: EasyInstallDeprecationWarning: easy_install command is deprecated. Use build and pip and other standards-based tools.
[2.105s]   warnings.warn(
[2.107s] /usr/lib/python3/dist-packages/setuptools/command/install.py:34: SetuptoolsDeprecationWarning: setup.py install is deprecated. Use build and pip and other standards-based tools.
[2.107s]   warnings.warn(
[2.176s] /usr/lib/python3/dist-packages/pkg_resources/__init__.py:116: PkgResourcesDeprecationWarning: 0.1.43ubuntu1 is an invalid version and will not be supported in a future release
[2.177s]   warnings.warn(
[2.177s] /usr/lib/python3/dist-packages/pkg_resources/__init__.py:116: PkgResourcesDeprecationWarning: 1.1build1 is an invalid version and will not be supported in a future release
[2.177s]   warnings.warn(
[2.440s] running egg_info
[2.440s] creating examples_rclpy_minimal_client.egg-info
[2.440s] writing examples_rclpy_minimal_client.egg-info/PKG-INFO
[2.440s] writing dependency_links to examples_rclpy_minimal_client.egg-info/dependency_links.txt
[2.440s] writing entry points to examples_rclpy_minimal_client.egg-info/entry_points.txt
[2.440s] writing requirements to examples_rclpy_minimal_client.egg-info/requires.txt
[2.440s] writing top-level names to examples_rclpy_minimal_client.egg-info/top_level.txt
[2.440s] writing manifest file 'examples_rclpy_minimal_client.egg-info/SOURCES.txt'
[2.440s] reading manifest file 'examples_rclpy_minimal_client.egg-info/SOURCES.txt'
[2.440s] writing manifest file 'examples_rclpy_minimal_client.egg-info/SOURCES.txt'
[2.440s] running build_ext
[2.440s] Creating /home/maker/ros2_ws/install/examples_rclpy_minimal_client/lib/python3.10/site-packages/examples-rclpy-minimal-client.egg-link (link to .)
[2.440s] Installing client script to /home/maker/ros2_ws/install/examples_rclpy_minimal_client/lib/examples_rclpy_minimal_client
[2.440s] Installing client_async script to /home/maker/ros2_ws/install/examples_rclpy_minimal_client/lib/examples_rclpy_minimal_client
[2.441s] Installing client_async_callback script to /home/maker/ros2_ws/install/examples_rclpy_minimal_client/lib/examples_rclpy_minimal_client
[2.441s] Installing client_async_member_function script to /home/maker/ros2_ws/install/examples_rclpy_minimal_client/lib/examples_rclpy_minimal_client
[2.441s] 
[2.441s] Installed /home/maker/ros2_ws/build/examples_rclpy_minimal_client
[2.441s] running install_data
[2.441s] creating /home/maker/ros2_ws/install/examples_rclpy_minimal_client/share/ament_index
[2.441s] creating /home/maker/ros2_ws/install/examples_rclpy_minimal_client/share/ament_index/resource_index
[2.441s] creating /home/maker/ros2_ws/install/examples_rclpy_minimal_client/share/ament_index/resource_index/packages
[2.441s] copying resource/examples_rclpy_minimal_client -> /home/maker/ros2_ws/install/examples_rclpy_minimal_client/share/ament_index/resource_index/packages
[2.442s] copying package.xml -> /home/maker/ros2_ws/install/examples_rclpy_minimal_client/share/examples_rclpy_minimal_client
[3.458s] Invoked command in '/home/maker/ros2_ws/build/examples_rclpy_minimal_client' returned '0': PYTHONPATH=/home/maker/ros2_ws/build/examples_rclpy_minimal_client/prefix_override:/home/maker/ros2_ws/install/examples_rclpy_minimal_client/lib/python3.10/site-packages:${PYTHONPATH} /usr/bin/python3 setup.py develop --editable --build-directory /home/maker/ros2_ws/build/examples_rclpy_minimal_client/build --no-deps install_data
