[1.250s] Invoking command in '/home/maker/ros2_ws/build/examples_rclpy_minimal_action_server': PYTHONPATH=/home/maker/ros2_ws/build/examples_rclpy_minimal_action_server/prefix_override:/home/maker/ros2_ws/install/examples_rclpy_minimal_action_server/lib/python3.10/site-packages:${PYTHONPATH} /usr/bin/python3 setup.py develop --uninstall --editable --build-directory /home/maker/ros2_ws/build/examples_rclpy_minimal_action_server/build
[1.551s] running develop
[1.820s] Invoked command in '/home/maker/ros2_ws/build/examples_rclpy_minimal_action_server' returned '0': PYTHONPATH=/home/maker/ros2_ws/build/examples_rclpy_minimal_action_server/prefix_override:/home/maker/ros2_ws/install/examples_rclpy_minimal_action_server/lib/python3.10/site-packages:${PYTHONPATH} /usr/bin/python3 setup.py develop --uninstall --editable --build-directory /home/maker/ros2_ws/build/examples_rclpy_minimal_action_server/build
[1.821s] Invoking command in '/home/maker/ros2_ws/src/examples/rclpy/actions/minimal_action_server': PYTHONPATH=/home/maker/ros2_ws/build/examples_rclpy_minimal_action_server/prefix_override:/home/maker/ros2_ws/install/examples_rclpy_minimal_action_server/lib/python3.10/site-packages:${PYTHONPATH} /usr/bin/python3 setup.py egg_info --egg-base ../../../../../build/examples_rclpy_minimal_action_server build --build-base /home/maker/ros2_ws/build/examples_rclpy_minimal_action_server/build install --record /home/maker/ros2_ws/build/examples_rclpy_minimal_action_server/install.log --single-version-externally-managed
[2.087s] running egg_info
[2.088s] writing ../../../../../build/examples_rclpy_minimal_action_server/examples_rclpy_minimal_action_server.egg-info/PKG-INFO
[2.088s] writing dependency_links to ../../../../../build/examples_rclpy_minimal_action_server/examples_rclpy_minimal_action_server.egg-info/dependency_links.txt
[2.088s] writing entry points to ../../../../../build/examples_rclpy_minimal_action_server/examples_rclpy_minimal_action_server.egg-info/entry_points.txt
[2.088s] writing requirements to ../../../../../build/examples_rclpy_minimal_action_server/examples_rclpy_minimal_action_server.egg-info/requires.txt
[2.088s] writing top-level names to ../../../../../build/examples_rclpy_minimal_action_server/examples_rclpy_minimal_action_server.egg-info/top_level.txt
[2.090s] reading manifest file '../../../../../build/examples_rclpy_minimal_action_server/examples_rclpy_minimal_action_server.egg-info/SOURCES.txt'
[2.092s] writing manifest file '../../../../../build/examples_rclpy_minimal_action_server/examples_rclpy_minimal_action_server.egg-info/SOURCES.txt'
[2.092s] running build
[2.092s] running build_py
[2.092s] running install
[2.093s] running install_lib
[2.094s] running install_data
[2.095s] running install_egg_info
[2.096s] removing '/home/maker/ros2_ws/install/examples_rclpy_minimal_action_server/lib/python3.10/site-packages/examples_rclpy_minimal_action_server-0.15.1-py3.10.egg-info' (and everything under it)
[2.097s] Copying ../../../../../build/examples_rclpy_minimal_action_server/examples_rclpy_minimal_action_server.egg-info to /home/maker/ros2_ws/install/examples_rclpy_minimal_action_server/lib/python3.10/site-packages/examples_rclpy_minimal_action_server-0.15.1-py3.10.egg-info
[2.097s] running install_scripts
[2.119s] Installing server script to /home/maker/ros2_ws/install/examples_rclpy_minimal_action_server/lib/examples_rclpy_minimal_action_server
[2.119s] Installing server_defer script to /home/maker/ros2_ws/install/examples_rclpy_minimal_action_server/lib/examples_rclpy_minimal_action_server
[2.119s] Installing server_not_composable script to /home/maker/ros2_ws/install/examples_rclpy_minimal_action_server/lib/examples_rclpy_minimal_action_server
[2.119s] Installing server_queue_goals script to /home/maker/ros2_ws/install/examples_rclpy_minimal_action_server/lib/examples_rclpy_minimal_action_server
[2.119s] Installing server_single_goal script to /home/maker/ros2_ws/install/examples_rclpy_minimal_action_server/lib/examples_rclpy_minimal_action_server
[2.120s] writing list of installed files to '/home/maker/ros2_ws/build/examples_rclpy_minimal_action_server/install.log'
[2.186s] Invoked command in '/home/maker/ros2_ws/src/examples/rclpy/actions/minimal_action_server' returned '0': PYTHONPATH=/home/maker/ros2_ws/build/examples_rclpy_minimal_action_server/prefix_override:/home/maker/ros2_ws/install/examples_rclpy_minimal_action_server/lib/python3.10/site-packages:${PYTHONPATH} /usr/bin/python3 setup.py egg_info --egg-base ../../../../../build/examples_rclpy_minimal_action_server build --build-base /home/maker/ros2_ws/build/examples_rclpy_minimal_action_server/build install --record /home/maker/ros2_ws/build/examples_rclpy_minimal_action_server/install.log --single-version-externally-managed
