[1.037s] Invoking command in '/home/maker/ros2_ws/build/examples_rclpy_minimal_client': PYTHONPATH=/home/maker/ros2_ws/build/examples_rclpy_minimal_client/prefix_override:/home/maker/ros2_ws/install/examples_rclpy_minimal_client/lib/python3.10/site-packages:${PYTHONPATH} /usr/bin/python3 setup.py develop --uninstall --editable --build-directory /home/maker/ros2_ws/build/examples_rclpy_minimal_client/build
[1.339s] running develop
[1.831s] Invoked command in '/home/maker/ros2_ws/build/examples_rclpy_minimal_client' returned '0': PYTHONPATH=/home/maker/ros2_ws/build/examples_rclpy_minimal_client/prefix_override:/home/maker/ros2_ws/install/examples_rclpy_minimal_client/lib/python3.10/site-packages:${PYTHONPATH} /usr/bin/python3 setup.py develop --uninstall --editable --build-directory /home/maker/ros2_ws/build/examples_rclpy_minimal_client/build
[1.832s] Invoking command in '/home/maker/ros2_ws/src/examples/rclpy/services/minimal_client': PYTHONPATH=/home/maker/ros2_ws/build/examples_rclpy_minimal_client/prefix_override:/home/maker/ros2_ws/install/examples_rclpy_minimal_client/lib/python3.10/site-packages:${PYTHONPATH} /usr/bin/python3 setup.py egg_info --egg-base ../../../../../build/examples_rclpy_minimal_client build --build-base /home/maker/ros2_ws/build/examples_rclpy_minimal_client/build install --record /home/maker/ros2_ws/build/examples_rclpy_minimal_client/install.log --single-version-externally-managed
[2.112s] running egg_info
[2.113s] writing ../../../../../build/examples_rclpy_minimal_client/examples_rclpy_minimal_client.egg-info/PKG-INFO
[2.113s] writing dependency_links to ../../../../../build/examples_rclpy_minimal_client/examples_rclpy_minimal_client.egg-info/dependency_links.txt
[2.113s] writing entry points to ../../../../../build/examples_rclpy_minimal_client/examples_rclpy_minimal_client.egg-info/entry_points.txt
[2.114s] writing requirements to ../../../../../build/examples_rclpy_minimal_client/examples_rclpy_minimal_client.egg-info/requires.txt
[2.114s] writing top-level names to ../../../../../build/examples_rclpy_minimal_client/examples_rclpy_minimal_client.egg-info/top_level.txt
[2.116s] reading manifest file '../../../../../build/examples_rclpy_minimal_client/examples_rclpy_minimal_client.egg-info/SOURCES.txt'
[2.117s] writing manifest file '../../../../../build/examples_rclpy_minimal_client/examples_rclpy_minimal_client.egg-info/SOURCES.txt'
[2.117s] running build
[2.117s] running build_py
[2.118s] running install
[2.118s] running install_lib
[2.121s] running install_data
[2.121s] running install_egg_info
[2.123s] removing '/home/maker/ros2_ws/install/examples_rclpy_minimal_client/lib/python3.10/site-packages/examples_rclpy_minimal_client-0.15.1-py3.10.egg-info' (and everything under it)
[2.123s] Copying ../../../../../build/examples_rclpy_minimal_client/examples_rclpy_minimal_client.egg-info to /home/maker/ros2_ws/install/examples_rclpy_minimal_client/lib/python3.10/site-packages/examples_rclpy_minimal_client-0.15.1-py3.10.egg-info
[2.126s] running install_scripts
[2.148s] Installing client script to /home/maker/ros2_ws/install/examples_rclpy_minimal_client/lib/examples_rclpy_minimal_client
[2.148s] Installing client_async script to /home/maker/ros2_ws/install/examples_rclpy_minimal_client/lib/examples_rclpy_minimal_client
[2.148s] Installing client_async_callback script to /home/maker/ros2_ws/install/examples_rclpy_minimal_client/lib/examples_rclpy_minimal_client
[2.148s] Installing client_async_member_function script to /home/maker/ros2_ws/install/examples_rclpy_minimal_client/lib/examples_rclpy_minimal_client
[2.148s] writing list of installed files to '/home/maker/ros2_ws/build/examples_rclpy_minimal_client/install.log'
[2.185s] Invoked command in '/home/maker/ros2_ws/src/examples/rclpy/services/minimal_client' returned '0': PYTHONPATH=/home/maker/ros2_ws/build/examples_rclpy_minimal_client/prefix_override:/home/maker/ros2_ws/install/examples_rclpy_minimal_client/lib/python3.10/site-packages:${PYTHONPATH} /usr/bin/python3 setup.py egg_info --egg-base ../../../../../build/examples_rclpy_minimal_client build --build-base /home/maker/ros2_ws/build/examples_rclpy_minimal_client/build install --record /home/maker/ros2_ws/build/examples_rclpy_minimal_client/install.log --single-version-externally-managed
