[0.025s] Invoking command in '/home/maker/ros2_ws/build/examples_rclcpp_cbg_executor': CMAKE_PREFIX_PATH=/opt/ros/humble /usr/bin/cmake /home/maker/ros2_ws/src/examples/rclcpp/executors/cbg_executor -DCMAKE_INSTALL_PREFIX=/home/maker/ros2_ws/install/examples_rclcpp_cbg_executor
[0.056s] -- Found ament_cmake: 1.3.3 (/opt/ros/humble/share/ament_cmake/cmake)
[0.223s] -- Override CMake install command with custom implementation using symlinks instead of copying resources
[0.240s] -- Found rclcpp: 16.0.3 (/opt/ros/humble/share/rclcpp/cmake)
[0.275s] -- Found rosidl_generator_c: 3.1.4 (/opt/ros/humble/share/rosidl_generator_c/cmake)
[0.279s] -- Found rosidl_adapter: 3.1.4 (/opt/ros/humble/share/rosidl_adapter/cmake)
[0.288s] -- Found rosidl_generator_cpp: 3.1.4 (/opt/ros/humble/share/rosidl_generator_cpp/cmake)
[0.305s] -- Using all available rosidl_typesupport_c: rosidl_typesupport_fastrtps_c;rosidl_typesupport_introspection_c
[0.327s] -- Using all available rosidl_typesupport_cpp: rosidl_typesupport_fastrtps_cpp;rosidl_typesupport_introspection_cpp
[0.402s] -- Found rmw_implementation_cmake: 6.1.1 (/opt/ros/humble/share/rmw_implementation_cmake/cmake)
[0.404s] -- Found rmw_fastrtps_cpp: 6.2.2 (/opt/ros/humble/share/rmw_fastrtps_cpp/cmake)
[0.532s] -- Using RMW implementation 'rmw_fastrtps_cpp' as default
[0.731s] -- Found ament_lint_auto: 0.12.5 (/opt/ros/humble/share/ament_lint_auto/cmake)
[0.809s] -- Added test 'copyright' to check source files copyright and LICENSE
[0.811s] -- Added test 'cppcheck' to perform static code analysis on C / C++ code
[0.811s] -- Configured cppcheck include dirs: /home/maker/ros2_ws/src/examples/rclcpp/executors/cbg_executor/include
[0.811s] -- Configured cppcheck exclude dirs and/or files: 
[0.812s] -- Added test 'cpplint' to check C / C++ code against the Google style
[0.812s] -- Configured cpplint exclude dirs and/or files: 
[0.813s] -- Added test 'lint_cmake' to check CMake code style
[0.815s] -- Added test 'uncrustify' to check C / C++ code style
[0.815s] -- Configured uncrustify additional arguments: 
[0.815s] -- Added test 'xmllint' to check XML markup files
[0.818s] -- Configuring done
[0.839s] -- Generating done
[0.841s] -- Build files have been written to: /home/maker/ros2_ws/build/examples_rclcpp_cbg_executor
[0.852s] Invoked command in '/home/maker/ros2_ws/build/examples_rclcpp_cbg_executor' returned '0': CMAKE_PREFIX_PATH=/opt/ros/humble /usr/bin/cmake /home/maker/ros2_ws/src/examples/rclcpp/executors/cbg_executor -DCMAKE_INSTALL_PREFIX=/home/maker/ros2_ws/install/examples_rclcpp_cbg_executor
[0.853s] Invoking command in '/home/maker/ros2_ws/build/examples_rclcpp_cbg_executor': CMAKE_PREFIX_PATH=/opt/ros/humble /usr/bin/cmake --build /home/maker/ros2_ws/build/examples_rclcpp_cbg_executor -- -j8 -l8
[0.917s] [35m[1mConsolidate compiler generated dependencies of target ping[0m
[0.918s] [35m[1mConsolidate compiler generated dependencies of target pong[0m
[0.940s] [35m[1mConsolidate compiler generated dependencies of target ping_pong[0m
[0.952s] [ 30%] Built target ping
[0.957s] [ 60%] Built target pong
[0.969s] [100%] Built target ping_pong
[0.982s] Invoked command in '/home/maker/ros2_ws/build/examples_rclcpp_cbg_executor' returned '0': CMAKE_PREFIX_PATH=/opt/ros/humble /usr/bin/cmake --build /home/maker/ros2_ws/build/examples_rclcpp_cbg_executor -- -j8 -l8
[1.026s] Invoking command in '/home/maker/ros2_ws/build/examples_rclcpp_cbg_executor': CMAKE_PREFIX_PATH=/opt/ros/humble /usr/bin/cmake --install /home/maker/ros2_ws/build/examples_rclcpp_cbg_executor
[1.032s] -- Install configuration: ""
[1.032s] -- Execute custom install script
[1.032s] -- Up-to-date symlink: /home/maker/ros2_ws/install/examples_rclcpp_cbg_executor/lib/examples_rclcpp_cbg_executor/ping
[1.032s] -- Up-to-date symlink: /home/maker/ros2_ws/install/examples_rclcpp_cbg_executor/lib/examples_rclcpp_cbg_executor/pong
[1.032s] -- Up-to-date symlink: /home/maker/ros2_ws/install/examples_rclcpp_cbg_executor/lib/examples_rclcpp_cbg_executor/ping_pong
[1.034s] -- Up-to-date symlink: /home/maker/ros2_ws/install/examples_rclcpp_cbg_executor/include/examples_rclcpp_cbg_executor/ping_node.hpp
[1.034s] -- Up-to-date symlink: /home/maker/ros2_ws/install/examples_rclcpp_cbg_executor/include/examples_rclcpp_cbg_executor/pong_node.hpp
[1.035s] -- Up-to-date symlink: /home/maker/ros2_ws/install/examples_rclcpp_cbg_executor/share/ament_index/resource_index/package_run_dependencies/examples_rclcpp_cbg_executor
[1.035s] -- Up-to-date symlink: /home/maker/ros2_ws/install/examples_rclcpp_cbg_executor/share/ament_index/resource_index/parent_prefix_path/examples_rclcpp_cbg_executor
[1.035s] -- Up-to-date symlink: /home/maker/ros2_ws/install/examples_rclcpp_cbg_executor/share/examples_rclcpp_cbg_executor/environment/ament_prefix_path.sh
[1.036s] -- Up-to-date symlink: /home/maker/ros2_ws/install/examples_rclcpp_cbg_executor/share/examples_rclcpp_cbg_executor/environment/ament_prefix_path.dsv
[1.036s] -- Up-to-date symlink: /home/maker/ros2_ws/install/examples_rclcpp_cbg_executor/share/examples_rclcpp_cbg_executor/environment/path.sh
[1.036s] -- Up-to-date symlink: /home/maker/ros2_ws/install/examples_rclcpp_cbg_executor/share/examples_rclcpp_cbg_executor/environment/path.dsv
[1.036s] -- Up-to-date symlink: /home/maker/ros2_ws/install/examples_rclcpp_cbg_executor/share/examples_rclcpp_cbg_executor/local_setup.bash
[1.036s] -- Up-to-date symlink: /home/maker/ros2_ws/install/examples_rclcpp_cbg_executor/share/examples_rclcpp_cbg_executor/local_setup.sh
[1.036s] -- Up-to-date symlink: /home/maker/ros2_ws/install/examples_rclcpp_cbg_executor/share/examples_rclcpp_cbg_executor/local_setup.zsh
[1.036s] -- Up-to-date symlink: /home/maker/ros2_ws/install/examples_rclcpp_cbg_executor/share/examples_rclcpp_cbg_executor/local_setup.dsv
[1.036s] -- Symlinking: /home/maker/ros2_ws/install/examples_rclcpp_cbg_executor/share/examples_rclcpp_cbg_executor/package.dsv
[1.043s] -- Up-to-date symlink: /home/maker/ros2_ws/install/examples_rclcpp_cbg_executor/share/ament_index/resource_index/packages/examples_rclcpp_cbg_executor
[1.043s] -- Up-to-date symlink: /home/maker/ros2_ws/install/examples_rclcpp_cbg_executor/share/examples_rclcpp_cbg_executor/cmake/ament_cmake_export_dependencies-extras.cmake
[1.043s] -- Up-to-date symlink: /home/maker/ros2_ws/install/examples_rclcpp_cbg_executor/share/examples_rclcpp_cbg_executor/cmake/examples_rclcpp_cbg_executorConfig.cmake
[1.044s] -- Up-to-date symlink: /home/maker/ros2_ws/install/examples_rclcpp_cbg_executor/share/examples_rclcpp_cbg_executor/cmake/examples_rclcpp_cbg_executorConfig-version.cmake
[1.044s] -- Up-to-date symlink: /home/maker/ros2_ws/install/examples_rclcpp_cbg_executor/share/examples_rclcpp_cbg_executor/package.xml
[1.048s] Invoked command in '/home/maker/ros2_ws/build/examples_rclcpp_cbg_executor' returned '0': CMAKE_PREFIX_PATH=/opt/ros/humble /usr/bin/cmake --install /home/maker/ros2_ws/build/examples_rclcpp_cbg_executor
