[1.254s] Invoking command in '/home/maker/ros2_ws/build/examples_rclpy_executors': PYTHONPATH=/home/maker/ros2_ws/build/examples_rclpy_executors/prefix_override:/home/maker/ros2_ws/install/examples_rclpy_executors/lib/python3.10/site-packages:${PYTHONPATH} /usr/bin/python3 setup.py develop --uninstall --editable --build-directory /home/maker/ros2_ws/build/examples_rclpy_executors/build
[1.527s] running develop
[1.528s] /usr/lib/python3/dist-packages/setuptools/command/easy_install.py:158: EasyInstallDeprecationWarning: easy_install command is deprecated. Use build and pip and other standards-based tools.
[1.528s]   warnings.warn(
[1.529s] /usr/lib/python3/dist-packages/setuptools/command/install.py:34: SetuptoolsDeprecationWarning: setup.py install is deprecated. Use build and pip and other standards-based tools.
[1.529s]   warnings.warn(
[1.586s] /usr/lib/python3/dist-packages/pkg_resources/__init__.py:116: PkgResourcesDeprecationWarning: 0.1.43ubuntu1 is an invalid version and will not be supported in a future release
[1.586s]   warnings.warn(
[1.586s] /usr/lib/python3/dist-packages/pkg_resources/__init__.py:116: PkgResourcesDeprecationWarning: 1.1build1 is an invalid version and will not be supported in a future release
[1.586s]   warnings.warn(
[1.737s] Invoked command in '/home/maker/ros2_ws/build/examples_rclpy_executors' returned '0': PYTHONPATH=/home/maker/ros2_ws/build/examples_rclpy_executors/prefix_override:/home/maker/ros2_ws/install/examples_rclpy_executors/lib/python3.10/site-packages:${PYTHONPATH} /usr/bin/python3 setup.py develop --uninstall --editable --build-directory /home/maker/ros2_ws/build/examples_rclpy_executors/build
[1.737s] Invoking command in '/home/maker/ros2_ws/src/examples/rclpy/executors': PYTHONPATH=/home/maker/ros2_ws/build/examples_rclpy_executors/prefix_override:/home/maker/ros2_ws/install/examples_rclpy_executors/lib/python3.10/site-packages:${PYTHONPATH} /usr/bin/python3 setup.py egg_info --egg-base ../../../../build/examples_rclpy_executors build --build-base /home/maker/ros2_ws/build/examples_rclpy_executors/build install --record /home/maker/ros2_ws/build/examples_rclpy_executors/install.log --single-version-externally-managed
[2.038s] running egg_info
[2.038s] writing ../../../../build/examples_rclpy_executors/examples_rclpy_executors.egg-info/PKG-INFO
[2.038s] writing dependency_links to ../../../../build/examples_rclpy_executors/examples_rclpy_executors.egg-info/dependency_links.txt
[2.038s] writing entry points to ../../../../build/examples_rclpy_executors/examples_rclpy_executors.egg-info/entry_points.txt
[2.038s] writing requirements to ../../../../build/examples_rclpy_executors/examples_rclpy_executors.egg-info/requires.txt
[2.038s] writing top-level names to ../../../../build/examples_rclpy_executors/examples_rclpy_executors.egg-info/top_level.txt
[2.038s] reading manifest file '../../../../build/examples_rclpy_executors/examples_rclpy_executors.egg-info/SOURCES.txt'
[2.038s] writing manifest file '../../../../build/examples_rclpy_executors/examples_rclpy_executors.egg-info/SOURCES.txt'
[2.038s] running build
[2.038s] running build_py
[2.038s] running install
[2.038s] running install_lib
[2.038s] running install_data
[2.039s] running install_egg_info
[2.039s] removing '/home/maker/ros2_ws/install/examples_rclpy_executors/lib/python3.10/site-packages/examples_rclpy_executors-0.15.1-py3.10.egg-info' (and everything under it)
[2.039s] Copying ../../../../build/examples_rclpy_executors/examples_rclpy_executors.egg-info to /home/maker/ros2_ws/install/examples_rclpy_executors/lib/python3.10/site-packages/examples_rclpy_executors-0.15.1-py3.10.egg-info
[2.039s] running install_scripts
[2.045s] /usr/lib/python3/dist-packages/setuptools/command/install.py:34: SetuptoolsDeprecationWarning: setup.py install is deprecated. Use build and pip and other standards-based tools.
[2.045s]   warnings.warn(
[2.046s] Installing callback_group script to /home/maker/ros2_ws/install/examples_rclpy_executors/lib/examples_rclpy_executors
[2.046s] Installing composed script to /home/maker/ros2_ws/install/examples_rclpy_executors/lib/examples_rclpy_executors
[2.046s] Installing custom_callback_group script to /home/maker/ros2_ws/install/examples_rclpy_executors/lib/examples_rclpy_executors
[2.046s] Installing custom_executor script to /home/maker/ros2_ws/install/examples_rclpy_executors/lib/examples_rclpy_executors
[2.046s] Installing listener script to /home/maker/ros2_ws/install/examples_rclpy_executors/lib/examples_rclpy_executors
[2.046s] Installing talker script to /home/maker/ros2_ws/install/examples_rclpy_executors/lib/examples_rclpy_executors
[2.046s] writing list of installed files to '/home/maker/ros2_ws/build/examples_rclpy_executors/install.log'
[2.262s] Invoked command in '/home/maker/ros2_ws/src/examples/rclpy/executors' returned '0': PYTHONPATH=/home/maker/ros2_ws/build/examples_rclpy_executors/prefix_override:/home/maker/ros2_ws/install/examples_rclpy_executors/lib/python3.10/site-packages:${PYTHONPATH} /usr/bin/python3 setup.py egg_info --egg-base ../../../../build/examples_rclpy_executors build --build-base /home/maker/ros2_ws/build/examples_rclpy_executors/build install --record /home/maker/ros2_ws/build/examples_rclpy_executors/install.log --single-version-externally-managed
