[0.033s] Invoking command in '/home/maker/ros2_ws/build/examples_rclcpp_minimal_action_server': CMAKE_PREFIX_PATH=${CMAKE_PREFIX_PATH}:/home/maker/ros2_ws/install/launch_testing_examples:/home/maker/ros2_ws/install/examples_rclpy_pointcloud_publisher:/home/maker/ros2_ws/install/examples_rclpy_minimal_subscriber:/home/maker/ros2_ws/install/examples_rclpy_minimal_service:/home/maker/ros2_ws/install/examples_rclpy_minimal_publisher:/home/maker/ros2_ws/install/examples_rclpy_minimal_client:/home/maker/ros2_ws/install/examples_rclpy_minimal_action_server:/home/maker/ros2_ws/install/examples_rclpy_minimal_action_client:/home/maker/ros2_ws/install/examples_rclpy_guard_conditions:/home/maker/ros2_ws/install/examples_rclpy_executors:/opt/ros/humble /usr/bin/cmake --build /home/maker/ros2_ws/build/examples_rclcpp_minimal_action_server -- -j8 -l8
[0.097s] [ 50%] Built target action_server_member_functions
[0.113s] [100%] Built target action_server_not_composable
[0.138s] Invoked command in '/home/maker/ros2_ws/build/examples_rclcpp_minimal_action_server' returned '0': CMAKE_PREFIX_PATH=${CMAKE_PREFIX_PATH}:/home/maker/ros2_ws/install/launch_testing_examples:/home/maker/ros2_ws/install/examples_rclpy_pointcloud_publisher:/home/maker/ros2_ws/install/examples_rclpy_minimal_subscriber:/home/maker/ros2_ws/install/examples_rclpy_minimal_service:/home/maker/ros2_ws/install/examples_rclpy_minimal_publisher:/home/maker/ros2_ws/install/examples_rclpy_minimal_client:/home/maker/ros2_ws/install/examples_rclpy_minimal_action_server:/home/maker/ros2_ws/install/examples_rclpy_minimal_action_client:/home/maker/ros2_ws/install/examples_rclpy_guard_conditions:/home/maker/ros2_ws/install/examples_rclpy_executors:/opt/ros/humble /usr/bin/cmake --build /home/maker/ros2_ws/build/examples_rclcpp_minimal_action_server -- -j8 -l8
[0.164s] Invoking command in '/home/maker/ros2_ws/build/examples_rclcpp_minimal_action_server': CMAKE_PREFIX_PATH=${CMAKE_PREFIX_PATH}:/home/maker/ros2_ws/install/launch_testing_examples:/home/maker/ros2_ws/install/examples_rclpy_pointcloud_publisher:/home/maker/ros2_ws/install/examples_rclpy_minimal_subscriber:/home/maker/ros2_ws/install/examples_rclpy_minimal_service:/home/maker/ros2_ws/install/examples_rclpy_minimal_publisher:/home/maker/ros2_ws/install/examples_rclpy_minimal_client:/home/maker/ros2_ws/install/examples_rclpy_minimal_action_server:/home/maker/ros2_ws/install/examples_rclpy_minimal_action_client:/home/maker/ros2_ws/install/examples_rclpy_guard_conditions:/home/maker/ros2_ws/install/examples_rclpy_executors:/opt/ros/humble /usr/bin/cmake --install /home/maker/ros2_ws/build/examples_rclcpp_minimal_action_server
[0.172s] -- Install configuration: ""
[0.173s] -- Execute custom install script
[0.173s] -- Up-to-date symlink: /home/maker/ros2_ws/install/examples_rclcpp_minimal_action_server/lib/examples_rclcpp_minimal_action_server/action_server_not_composable
[0.173s] -- Up-to-date symlink: /home/maker/ros2_ws/install/examples_rclcpp_minimal_action_server/lib/examples_rclcpp_minimal_action_server/action_server_member_functions
[0.173s] -- Up-to-date symlink: /home/maker/ros2_ws/install/examples_rclcpp_minimal_action_server/share/ament_index/resource_index/package_run_dependencies/examples_rclcpp_minimal_action_server
[0.173s] -- Up-to-date symlink: /home/maker/ros2_ws/install/examples_rclcpp_minimal_action_server/share/ament_index/resource_index/parent_prefix_path/examples_rclcpp_minimal_action_server
[0.173s] -- Up-to-date symlink: /home/maker/ros2_ws/install/examples_rclcpp_minimal_action_server/share/examples_rclcpp_minimal_action_server/environment/ament_prefix_path.sh
[0.174s] -- Up-to-date symlink: /home/maker/ros2_ws/install/examples_rclcpp_minimal_action_server/share/examples_rclcpp_minimal_action_server/environment/ament_prefix_path.dsv
[0.174s] -- Up-to-date symlink: /home/maker/ros2_ws/install/examples_rclcpp_minimal_action_server/share/examples_rclcpp_minimal_action_server/environment/path.sh
[0.174s] -- Up-to-date symlink: /home/maker/ros2_ws/install/examples_rclcpp_minimal_action_server/share/examples_rclcpp_minimal_action_server/environment/path.dsv
[0.174s] -- Up-to-date symlink: /home/maker/ros2_ws/install/examples_rclcpp_minimal_action_server/share/examples_rclcpp_minimal_action_server/local_setup.bash
[0.174s] -- Up-to-date symlink: /home/maker/ros2_ws/install/examples_rclcpp_minimal_action_server/share/examples_rclcpp_minimal_action_server/local_setup.sh
[0.174s] -- Up-to-date symlink: /home/maker/ros2_ws/install/examples_rclcpp_minimal_action_server/share/examples_rclcpp_minimal_action_server/local_setup.zsh
[0.174s] -- Up-to-date symlink: /home/maker/ros2_ws/install/examples_rclcpp_minimal_action_server/share/examples_rclcpp_minimal_action_server/local_setup.dsv
[0.174s] -- Symlinking: /home/maker/ros2_ws/install/examples_rclcpp_minimal_action_server/share/examples_rclcpp_minimal_action_server/package.dsv
[0.181s] -- Up-to-date symlink: /home/maker/ros2_ws/install/examples_rclcpp_minimal_action_server/share/ament_index/resource_index/packages/examples_rclcpp_minimal_action_server
[0.181s] -- Up-to-date symlink: /home/maker/ros2_ws/install/examples_rclcpp_minimal_action_server/share/examples_rclcpp_minimal_action_server/cmake/examples_rclcpp_minimal_action_serverConfig.cmake
[0.181s] -- Up-to-date symlink: /home/maker/ros2_ws/install/examples_rclcpp_minimal_action_server/share/examples_rclcpp_minimal_action_server/cmake/examples_rclcpp_minimal_action_serverConfig-version.cmake
[0.181s] -- Up-to-date symlink: /home/maker/ros2_ws/install/examples_rclcpp_minimal_action_server/share/examples_rclcpp_minimal_action_server/package.xml
[0.209s] Invoked command in '/home/maker/ros2_ws/build/examples_rclcpp_minimal_action_server' returned '0': CMAKE_PREFIX_PATH=${CMAKE_PREFIX_PATH}:/home/maker/ros2_ws/install/launch_testing_examples:/home/maker/ros2_ws/install/examples_rclpy_pointcloud_publisher:/home/maker/ros2_ws/install/examples_rclpy_minimal_subscriber:/home/maker/ros2_ws/install/examples_rclpy_minimal_service:/home/maker/ros2_ws/install/examples_rclpy_minimal_publisher:/home/maker/ros2_ws/install/examples_rclpy_minimal_client:/home/maker/ros2_ws/install/examples_rclpy_minimal_action_server:/home/maker/ros2_ws/install/examples_rclpy_minimal_action_client:/home/maker/ros2_ws/install/examples_rclpy_guard_conditions:/home/maker/ros2_ws/install/examples_rclpy_executors:/opt/ros/humble /usr/bin/cmake --install /home/maker/ros2_ws/build/examples_rclcpp_minimal_action_server
